<?xml version="1.0" encoding="utf-8"?>
<TestRun id="affc5492-dac3-4ef2-b01d-09804f4d8e16" name="@MacBookPro 2025-08-16 15:55:11" xmlns="http://microsoft.com/schemas/VisualStudio/TeamTest/2010">
  <Times creation="2025-08-16T15:55:11.8160470+01:00" queuing="2025-08-16T15:55:11.8160470+01:00" start="2025-08-16T15:55:11.4398500+01:00" finish="2025-08-16T15:55:12.3534050+01:00" />
  <TestSettings name="default" id="be41aa9e-1da2-4823-b43f-2161c7cf4106">
    <Deployment runDeploymentRoot="_MacBookPro_2025-08-16_15_55_11" />
  </TestSettings>
  <Results>
    <UnitTestResult executionId="8202fb7a-e6d2-4e76-8f08-0c59776c978f" testId="e516ddca-345a-4fa9-e8e7-32e7e448ac07" testName="StampApi.Tests.Integration.WorkspaceCollectionIntegrationTests.MultiUserWorkflow_SharedCollectionManagement" computerName="MacBookPro" duration="00:00:00.1322273" startTime="2025-08-16T15:55:12.2435850+01:00" endTime="2025-08-16T15:55:12.2435850+01:00" testType="13cdc9d9-ddb5-4fa4-a97d-d965ccfc6d4b" outcome="Failed" testListId="8c84fa94-04c1-424b-9868-57a2d4851a1d" relativeResultsDirectory="8202fb7a-e6d2-4e76-8f08-0c59776c978f">
      <Output>
        <ErrorInfo>
          <Message>Expected type to be Microsoft.AspNetCore.Mvc.NoContentResult, but found Microsoft.AspNetCore.Mvc.ForbidResult.</Message>
          <StackTrace>   at FluentAssertions.Execution.XUnit2TestFramework.Throw(String message)
   at FluentAssertions.Execution.TestFrameworkProvider.Throw(String message)
   at FluentAssertions.Execution.DefaultAssertionStrategy.HandleFailure(String message)
   at FluentAssertions.Execution.AssertionScope.FailWith(Func`1 failReasonFunc)
   at FluentAssertions.Execution.AssertionScope.FailWith(Func`1 failReasonFunc)
   at FluentAssertions.Execution.AssertionScope.FailWith(String message)
   at FluentAssertions.Types.TypeAssertions.Be(Type expected, String because, Object[] becauseArgs)
   at FluentAssertions.Primitives.ReferenceTypeAssertions`2.BeOfType(Type expectedType, String because, Object[] becauseArgs)
   at FluentAssertions.Primitives.ReferenceTypeAssertions`2.BeOfType[T](String because, Object[] becauseArgs)
   at StampApi.Tests.Integration.WorkspaceCollectionIntegrationTests.MultiUserWorkflow_SharedCollectionManagement() in /Users/danehague/Documents/Stamp/StampApi.Tests/Integration/WorkspaceCollectionIntegrationTests.cs:line 310
--- End of stack trace from previous location ---</StackTrace>
        </ErrorInfo>
      </Output>
    </UnitTestResult>
    <UnitTestResult executionId="d9ad2268-953f-4a43-8c37-dc704f821f5f" testId="c9553369-5d58-9e5d-54c9-462663476a3a" testName="StampApi.Tests.Controllers.CollectionsControllerTests.DeleteCollection_ReturnsForbid_WhenWorkspaceBelongsToAnotherUser" computerName="MacBookPro" duration="00:00:00.0012142" startTime="2025-08-16T15:55:12.2706830+01:00" endTime="2025-08-16T15:55:12.2706830+01:00" testType="13cdc9d9-ddb5-4fa4-a97d-d965ccfc6d4b" outcome="Passed" testListId="8c84fa94-04c1-424b-9868-57a2d4851a1d" relativeResultsDirectory="d9ad2268-953f-4a43-8c37-dc704f821f5f" />
    <UnitTestResult executionId="1e8c5185-b2d7-4097-b6bd-f04664687c28" testId="3a1a5d35-5ae4-6f70-d390-8a5c926144cd" testName="StampApi.Tests.Security.AuthorizationTests.ConcurrentUserOperations_MaintainDataIntegrity" computerName="MacBookPro" duration="00:00:00.0015295" startTime="2025-08-16T15:55:12.2834050+01:00" endTime="2025-08-16T15:55:12.2834050+01:00" testType="13cdc9d9-ddb5-4fa4-a97d-d965ccfc6d4b" outcome="Failed" testListId="8c84fa94-04c1-424b-9868-57a2d4851a1d" relativeResultsDirectory="1e8c5185-b2d7-4097-b6bd-f04664687c28">
      <Output>
        <ErrorInfo>
          <Message>System.NullReferenceException : Object reference not set to an instance of an object.</Message>
          <StackTrace>   at StampApi.Tests.Security.AuthorizationTests.ConcurrentUserOperations_MaintainDataIntegrity() in /Users/danehague/Documents/Stamp/StampApi.Tests/Security/AuthorizationTests.cs:line 381
--- End of stack trace from previous location ---</StackTrace>
        </ErrorInfo>
      </Output>
    </UnitTestResult>
    <UnitTestResult executionId="4ca1e582-1885-45f3-b127-61a9f0a9cc06" testId="820be0b5-6f79-e6ab-0069-1599e8aec676" testName="StampApi.Tests.Controllers.CollectionsControllerTests.PostCollection_CreatesCollection_WhenDataIsValidAndWorkspaceExists" computerName="MacBookPro" duration="00:00:00.0053769" startTime="2025-08-16T15:55:12.2549520+01:00" endTime="2025-08-16T15:55:12.2549520+01:00" testType="13cdc9d9-ddb5-4fa4-a97d-d965ccfc6d4b" outcome="Passed" testListId="8c84fa94-04c1-424b-9868-57a2d4851a1d" relativeResultsDirectory="4ca1e582-1885-45f3-b127-61a9f0a9cc06" />
    <UnitTestResult executionId="d53c4cba-099c-478e-a17f-1b557a48dd51" testId="1ba8f710-1e5a-d799-5a94-9085427065cf" testName="StampApi.Tests.Security.AuthorizationTests.WorkspaceAccess_IsolatesByUser" computerName="MacBookPro" duration="00:00:00.0108709" startTime="2025-08-16T15:55:12.2810380+01:00" endTime="2025-08-16T15:55:12.2810380+01:00" testType="13cdc9d9-ddb5-4fa4-a97d-d965ccfc6d4b" outcome="Passed" testListId="8c84fa94-04c1-424b-9868-57a2d4851a1d" relativeResultsDirectory="d53c4cba-099c-478e-a17f-1b557a48dd51" />
    <UnitTestResult executionId="81d1d304-805b-4fe5-b03a-60a4c4e196bf" testId="fcc626b4-c6fe-637f-7d82-bc789c6db2c4" testName="StampApi.Tests.Controllers.CollectionsControllerTests.DeleteCollection_ReturnsNotFound_WhenCollectionDoesNotExist" computerName="MacBookPro" duration="00:00:00.0048553" startTime="2025-08-16T15:55:12.2765730+01:00" endTime="2025-08-16T15:55:12.2765740+01:00" testType="13cdc9d9-ddb5-4fa4-a97d-d965ccfc6d4b" outcome="Passed" testListId="8c84fa94-04c1-424b-9868-57a2d4851a1d" relativeResultsDirectory="81d1d304-805b-4fe5-b03a-60a4c4e196bf" />
    <UnitTestResult executionId="7437d637-b899-4121-936d-6c00acaab025" testId="104beb50-5449-b032-a9b7-98bd1d9ae477" testName="StampApi.Tests.Integration.WorkspaceCollectionIntegrationTests.CollectionMembership_WorksAcrossWorkspaceOperations" computerName="MacBookPro" duration="00:00:00.0016877" startTime="2025-08-16T15:55:12.2448760+01:00" endTime="2025-08-16T15:55:12.2448760+01:00" testType="13cdc9d9-ddb5-4fa4-a97d-d965ccfc6d4b" outcome="Failed" testListId="8c84fa94-04c1-424b-9868-57a2d4851a1d" relativeResultsDirectory="7437d637-b899-4121-936d-6c00acaab025">
      <Output>
        <ErrorInfo>
          <Message>Expected type to be Microsoft.AspNetCore.Mvc.OkObjectResult, but found Microsoft.AspNetCore.Mvc.NotFoundResult.</Message>
          <StackTrace>   at FluentAssertions.Execution.XUnit2TestFramework.Throw(String message)
   at FluentAssertions.Execution.TestFrameworkProvider.Throw(String message)
   at FluentAssertions.Execution.DefaultAssertionStrategy.HandleFailure(String message)
   at FluentAssertions.Execution.AssertionScope.FailWith(Func`1 failReasonFunc)
   at FluentAssertions.Execution.AssertionScope.FailWith(Func`1 failReasonFunc)
   at FluentAssertions.Execution.AssertionScope.FailWith(String message)
   at FluentAssertions.Types.TypeAssertions.Be(Type expected, String because, Object[] becauseArgs)
   at FluentAssertions.Primitives.ReferenceTypeAssertions`2.BeOfType(Type expectedType, String because, Object[] becauseArgs)
   at FluentAssertions.Primitives.ReferenceTypeAssertions`2.BeOfType[T](String because, Object[] becauseArgs)
   at StampApi.Tests.Integration.WorkspaceCollectionIntegrationTests.CollectionMembership_WorksAcrossWorkspaceOperations() in /Users/danehague/Documents/Stamp/StampApi.Tests/Integration/WorkspaceCollectionIntegrationTests.cs:line 180
--- End of stack trace from previous location ---</StackTrace>
        </ErrorInfo>
      </Output>
    </UnitTestResult>
    <UnitTestResult executionId="e4f20225-c246-4766-8c80-8b54325be896" testId="5e047a71-c2c8-706d-0338-d754c2227b81" testName="StampApi.Tests.Controllers.WorkspacesControllerTests.GetWorkspaces_ReturnsUnauthorized_WhenUserIsNotAuthenticated" computerName="MacBookPro" duration="00:00:00.0005076" startTime="2025-08-16T15:55:12.2875610+01:00" endTime="2025-08-16T15:55:12.2875610+01:00" testType="13cdc9d9-ddb5-4fa4-a97d-d965ccfc6d4b" outcome="Failed" testListId="8c84fa94-04c1-424b-9868-57a2d4851a1d" relativeResultsDirectory="e4f20225-c246-4766-8c80-8b54325be896">
      <Output>
        <ErrorInfo>
          <Message>System.NullReferenceException : Object reference not set to an instance of an object.</Message>
          <StackTrace>   at StampApi.Controllers.WorkspacesController.GetUserId() in /Users/danehague/Documents/Stamp/StampApi/Controllers/WorkspacesController.cs:line 171
   at StampApi.Controllers.WorkspacesController.GetWorkspaces() in /Users/danehague/Documents/Stamp/StampApi/Controllers/WorkspacesController.cs:line 25
   at StampApi.Tests.Controllers.WorkspacesControllerTests.GetWorkspaces_ReturnsUnauthorized_WhenUserIsNotAuthenticated() in /Users/danehague/Documents/Stamp/StampApi.Tests/Controllers/WorkspacesControllerTests.cs:line 65
--- End of stack trace from previous location ---</StackTrace>
        </ErrorInfo>
      </Output>
    </UnitTestResult>
    <UnitTestResult executionId="6c9e5ad5-d323-4328-805c-841ade9dc488" testId="45258e30-2824-681c-3271-003a7eb38ca8" testName="StampApi.Tests.Security.AuthorizationTests.InvalidUserId_HandledSecurely" computerName="MacBookPro" duration="00:00:00.0013852" startTime="2025-08-16T15:55:12.2703990+01:00" endTime="2025-08-16T15:55:12.2703990+01:00" testType="13cdc9d9-ddb5-4fa4-a97d-d965ccfc6d4b" outcome="Failed" testListId="8c84fa94-04c1-424b-9868-57a2d4851a1d" relativeResultsDirectory="6c9e5ad5-d323-4328-805c-841ade9dc488">
      <Output>
        <ErrorInfo>
          <Message>System.NullReferenceException : Object reference not set to an instance of an object.</Message>
          <StackTrace>   at StampApi.Tests.Security.AuthorizationTests.InvalidUserId_HandledSecurely() in /Users/danehague/Documents/Stamp/StampApi.Tests/Security/AuthorizationTests.cs:line 240
--- End of stack trace from previous location ---</StackTrace>
        </ErrorInfo>
      </Output>
    </UnitTestResult>
    <UnitTestResult executionId="dbaf7dc0-a355-492f-899a-cda1de120efc" testId="0189e942-beb6-cbd8-4677-8a9da0b3585b" testName="StampApi.Tests.EdgeCases.EdgeCaseTests.GetWorkspace_HandlesNegativeId" computerName="MacBookPro" duration="00:00:00.0110314" startTime="2025-08-16T15:55:12.2364990+01:00" endTime="2025-08-16T15:55:12.2364990+01:00" testType="13cdc9d9-ddb5-4fa4-a97d-d965ccfc6d4b" outcome="Passed" testListId="8c84fa94-04c1-424b-9868-57a2d4851a1d" relativeResultsDirectory="dbaf7dc0-a355-492f-899a-cda1de120efc" />
    <UnitTestResult executionId="5783a2a3-df0c-464b-923b-6658fa67c0f9" testId="1b5babf4-2bee-ef1e-0048-11e64bca50c3" testName="StampApi.Tests.Controllers.CollectionsControllerTests.PostCollection_ReturnsBadRequest_WhenWorkspaceBelongsToAnotherUser" computerName="MacBookPro" duration="00:00:00.0027033" startTime="2025-08-16T15:55:12.2489350+01:00" endTime="2025-08-16T15:55:12.2489350+01:00" testType="13cdc9d9-ddb5-4fa4-a97d-d965ccfc6d4b" outcome="Passed" testListId="8c84fa94-04c1-424b-9868-57a2d4851a1d" relativeResultsDirectory="5783a2a3-df0c-464b-923b-6658fa67c0f9" />
    <UnitTestResult executionId="9039dd43-05d8-4250-ae48-f4beee6f2a3a" testId="46c05a93-b0b7-df6c-8fa1-2902a2a0d8c1" testName="StampApi.Tests.Database.DatabaseRelationshipTests.NavigationProperties_LoadCorrectly" computerName="MacBookPro" duration="00:00:00.0015793" startTime="2025-08-16T15:55:11.7816870+01:00" endTime="2025-08-16T15:55:11.7816870+01:00" testType="13cdc9d9-ddb5-4fa4-a97d-d965ccfc6d4b" outcome="Failed" testListId="8c84fa94-04c1-424b-9868-57a2d4851a1d" relativeResultsDirectory="9039dd43-05d8-4250-ae48-f4beee6f2a3a">
      <Output>
        <ErrorInfo>
          <Message>System.NullReferenceException : Object reference not set to an instance of an object.</Message>
          <StackTrace>   at StampApi.Tests.TestHelpers.TestDbContextFactory.CreateTestWorkspaceAsync(StampDbContext context, ApplicationUser user, String name) in /Users/danehague/Documents/Stamp/StampApi.Tests/TestHelpers/TestDbContextFactory.cs:line 51
   at StampApi.Tests.TestHelpers.ControllerTestBase.CreateTestWorkspaceAsync(ApplicationUser user, String name) in /Users/danehague/Documents/Stamp/StampApi.Tests/TestHelpers/ControllerTestBase.cs:line 50
   at StampApi.Tests.Database.DatabaseRelationshipTests.NavigationProperties_LoadCorrectly() in /Users/danehague/Documents/Stamp/StampApi.Tests/Database/DatabaseRelationshipTests.cs:line 346
--- End of stack trace from previous location ---</StackTrace>
        </ErrorInfo>
      </Output>
    </UnitTestResult>
    <UnitTestResult executionId="8e4318b7-8146-4807-a1e6-36b15b5daedc" testId="3ed5d24a-10a0-f5d1-6587-30c42359b1a6" testName="StampApi.Tests.Controllers.WorkspacesControllerTests.WorkspaceExists_ReturnsFalse_WhenWorkspaceBelongsToAnotherUser" computerName="MacBookPro" duration="00:00:00.0045458" startTime="2025-08-16T15:55:12.2658310+01:00" endTime="2025-08-16T15:55:12.2658310+01:00" testType="13cdc9d9-ddb5-4fa4-a97d-d965ccfc6d4b" outcome="Passed" testListId="8c84fa94-04c1-424b-9868-57a2d4851a1d" relativeResultsDirectory="8e4318b7-8146-4807-a1e6-36b15b5daedc" />
    <UnitTestResult executionId="9bc7aafe-f353-438b-98be-a7de7b88544e" testId="48d645e2-b44e-ccc4-9e8b-f0c7c13e1084" testName="StampApi.Tests.Security.AuthorizationTests.ClaimsManipulation_DoesNotBypassSecurity" computerName="MacBookPro" duration="00:00:00.0029094" startTime="2025-08-16T15:55:12.2666520+01:00" endTime="2025-08-16T15:55:12.2666520+01:00" testType="13cdc9d9-ddb5-4fa4-a97d-d965ccfc6d4b" outcome="Failed" testListId="8c84fa94-04c1-424b-9868-57a2d4851a1d" relativeResultsDirectory="9bc7aafe-f353-438b-98be-a7de7b88544e">
      <Output>
        <ErrorInfo>
          <Message>Expected result.Result to be Microsoft.AspNetCore.Mvc.OkObjectResult, but found &lt;null&gt;.</Message>
          <StackTrace>   at FluentAssertions.Execution.XUnit2TestFramework.Throw(String message)
   at FluentAssertions.Execution.TestFrameworkProvider.Throw(String message)
   at FluentAssertions.Execution.DefaultAssertionStrategy.HandleFailure(String message)
   at FluentAssertions.Execution.AssertionScope.FailWith(Func`1 failReasonFunc)
   at FluentAssertions.Execution.AssertionScope.FailWith(Func`1 failReasonFunc)
   at FluentAssertions.Execution.AssertionScope.FailWith(String message, Object[] args)
   at FluentAssertions.Primitives.ReferenceTypeAssertions`2.BeOfType(Type expectedType, String because, Object[] becauseArgs)
   at FluentAssertions.Primitives.ReferenceTypeAssertions`2.BeOfType[T](String because, Object[] becauseArgs)
   at StampApi.Tests.Security.AuthorizationTests.ClaimsManipulation_DoesNotBypassSecurity() in /Users/danehague/Documents/Stamp/StampApi.Tests/Security/AuthorizationTests.cs:line 321
--- End of stack trace from previous location ---</StackTrace>
        </ErrorInfo>
      </Output>
    </UnitTestResult>
    <UnitTestResult executionId="8c43085c-b443-4394-956f-3dc5c553744d" testId="95789d8a-686f-b645-a856-d3653fde1269" testName="StampApi.Tests.Controllers.CollectionsControllerTests.PutCollection_UpdatesCollection_WhenUserIsOwner" computerName="MacBookPro" duration="00:00:00.0041468" startTime="2025-08-16T15:55:12.2692810+01:00" endTime="2025-08-16T15:55:12.2692810+01:00" testType="13cdc9d9-ddb5-4fa4-a97d-d965ccfc6d4b" outcome="Failed" testListId="8c84fa94-04c1-424b-9868-57a2d4851a1d" relativeResultsDirectory="8c43085c-b443-4394-956f-3dc5c553744d">
      <Output>
        <ErrorInfo>
          <Message>System.InvalidOperationException : The instance of entity type 'Collection' cannot be tracked because another instance with the same key value for {'Id'} is already being tracked. When attaching existing entities, ensure that only one entity instance with a given key value is attached. Consider using 'DbContextOptionsBuilder.EnableSensitiveDataLogging' to see the conflicting key values.</Message>
          <StackTrace>   at Microsoft.EntityFrameworkCore.ChangeTracking.Internal.IdentityMap`1.ThrowIdentityConflict(InternalEntityEntry entry)
   at Microsoft.EntityFrameworkCore.ChangeTracking.Internal.IdentityMap`1.Add(TKey key, InternalEntityEntry entry, Boolean updateDuplicate)
   at Microsoft.EntityFrameworkCore.ChangeTracking.Internal.IdentityMap`1.Add(TKey key, InternalEntityEntry entry)
   at Microsoft.EntityFrameworkCore.ChangeTracking.Internal.IdentityMap`1.Add(InternalEntityEntry entry)
   at Microsoft.EntityFrameworkCore.ChangeTracking.Internal.StateManager.StartTracking(InternalEntityEntry entry)
   at Microsoft.EntityFrameworkCore.ChangeTracking.Internal.InternalEntityEntry.SetEntityState(EntityState oldState, EntityState newState, Boolean acceptChanges, Boolean modifyProperties)
   at Microsoft.EntityFrameworkCore.ChangeTracking.Internal.InternalEntityEntry.SetEntityState(EntityState entityState, Boolean acceptChanges, Boolean modifyProperties, Nullable`1 forceStateWhenUnknownKey, Nullable`1 fallbackState)
   at Microsoft.EntityFrameworkCore.ChangeTracking.EntityEntry.set_State(EntityState value)
   at StampApi.Controllers.CollectionsController.PutCollection(Int32 id, Collection collection) in /Users/danehague/Documents/Stamp/StampApi/Controllers/CollectionsController.cs:line 160
   at StampApi.Tests.Controllers.CollectionsControllerTests.PutCollection_UpdatesCollection_WhenUserIsOwner() in /Users/danehague/Documents/Stamp/StampApi.Tests/Controllers/CollectionsControllerTests.cs:line 293
--- End of stack trace from previous location ---</StackTrace>
        </ErrorInfo>
      </Output>
    </UnitTestResult>
    <UnitTestResult executionId="c7e637da-0e74-4bf3-b49d-af773f7b914e" testId="d4f4f203-cd4e-9b64-bceb-c7ad6f38537a" testName="StampApi.Tests.Database.DatabaseRelationshipTests.UniqueConstraints_CollectionMemberUniqueness" computerName="MacBookPro" duration="00:00:00.0008824" startTime="2025-08-16T15:55:11.7831850+01:00" endTime="2025-08-16T15:55:11.7831860+01:00" testType="13cdc9d9-ddb5-4fa4-a97d-d965ccfc6d4b" outcome="Failed" testListId="8c84fa94-04c1-424b-9868-57a2d4851a1d" relativeResultsDirectory="c7e637da-0e74-4bf3-b49d-af773f7b914e">
      <Output>
        <ErrorInfo>
          <Message>System.NullReferenceException : Object reference not set to an instance of an object.</Message>
          <StackTrace>   at StampApi.Tests.TestHelpers.TestDbContextFactory.CreateTestWorkspaceAsync(StampDbContext context, ApplicationUser user, String name) in /Users/danehague/Documents/Stamp/StampApi.Tests/TestHelpers/TestDbContextFactory.cs:line 51
   at StampApi.Tests.TestHelpers.ControllerTestBase.CreateTestWorkspaceAsync(ApplicationUser user, String name) in /Users/danehague/Documents/Stamp/StampApi.Tests/TestHelpers/ControllerTestBase.cs:line 50
   at StampApi.Tests.Database.DatabaseRelationshipTests.UniqueConstraints_CollectionMemberUniqueness() in /Users/danehague/Documents/Stamp/StampApi.Tests/Database/DatabaseRelationshipTests.cs:line 266
--- End of stack trace from previous location ---</StackTrace>
        </ErrorInfo>
      </Output>
    </UnitTestResult>
    <UnitTestResult executionId="3eeecf2c-cba5-426d-9a27-6626a9092ed1" testId="dc9ab209-44cb-94dc-cee2-238d953562bc" testName="StampApi.Tests.EdgeCases.EdgeCaseTests.VeryLongNames_HandlesMaxLengthNames" computerName="MacBookPro" duration="00:00:00.0005920" startTime="2025-08-16T15:55:12.3046730+01:00" endTime="2025-08-16T15:55:12.3046730+01:00" testType="13cdc9d9-ddb5-4fa4-a97d-d965ccfc6d4b" outcome="Passed" testListId="8c84fa94-04c1-424b-9868-57a2d4851a1d" relativeResultsDirectory="3eeecf2c-cba5-426d-9a27-6626a9092ed1" />
    <UnitTestResult executionId="1d90506f-8752-492d-b64d-91317124793b" testId="d5dec5d1-ed94-0ca6-42d6-a340ae4c8b67" testName="StampApi.Tests.Controllers.CollectionsControllerTests.PutCollection_ReturnsBadRequest_WhenIdMismatch" computerName="MacBookPro" duration="00:00:00.0007409" startTime="2025-08-16T15:55:12.2593920+01:00" endTime="2025-08-16T15:55:12.2593920+01:00" testType="13cdc9d9-ddb5-4fa4-a97d-d965ccfc6d4b" outcome="Passed" testListId="8c84fa94-04c1-424b-9868-57a2d4851a1d" relativeResultsDirectory="1d90506f-8752-492d-b64d-91317124793b" />
    <UnitTestResult executionId="0565c033-e852-4550-88b1-b947d7f7a089" testId="e96eba89-32eb-faf8-b573-b0e03c042de3" testName="StampApi.Tests.Controllers.CollectionsControllerTests.DeleteCollection_ReturnsForbid_WhenUserIsAdmin" computerName="MacBookPro" duration="00:00:00.0012125" startTime="2025-08-16T15:55:12.2273610+01:00" endTime="2025-08-16T15:55:12.2273610+01:00" testType="13cdc9d9-ddb5-4fa4-a97d-d965ccfc6d4b" outcome="Passed" testListId="8c84fa94-04c1-424b-9868-57a2d4851a1d" relativeResultsDirectory="0565c033-e852-4550-88b1-b947d7f7a089" />
    <UnitTestResult executionId="b4b1a1cf-e2d9-44ab-ae9c-26274f85a509" testId="43c14bc7-9568-511b-e6dc-8048cf5aa1de" testName="StampApi.Tests.Controllers.WorkspacesControllerTests.PutWorkspace_ReturnsBadRequest_WhenIdMismatch" computerName="MacBookPro" duration="00:00:00.0004764" startTime="2025-08-16T15:55:12.2852860+01:00" endTime="2025-08-16T15:55:12.2852860+01:00" testType="13cdc9d9-ddb5-4fa4-a97d-d965ccfc6d4b" outcome="Passed" testListId="8c84fa94-04c1-424b-9868-57a2d4851a1d" relativeResultsDirectory="b4b1a1cf-e2d9-44ab-ae9c-26274f85a509" />
    <UnitTestResult executionId="a2c350bf-313a-4ee2-b01e-5da22784c8d3" testId="e74314c1-bc85-d1d6-5a21-c8acd2d30f82" testName="StampApi.Tests.Controllers.CollectionsControllerTests.PostCollection_ReturnsBadRequest_WhenWorkspaceIdIsInvalid" computerName="MacBookPro" duration="00:00:00.0003350" startTime="2025-08-16T15:55:12.2861740+01:00" endTime="2025-08-16T15:55:12.2861740+01:00" testType="13cdc9d9-ddb5-4fa4-a97d-d965ccfc6d4b" outcome="Passed" testListId="8c84fa94-04c1-424b-9868-57a2d4851a1d" relativeResultsDirectory="a2c350bf-313a-4ee2-b01e-5da22784c8d3" />
    <UnitTestResult executionId="e4c28ddf-e7f2-4151-b836-bd2f8cc46c62" testId="9f008e18-b500-d325-f3ad-cf2f96706e3b" testName="StampApi.Tests.Controllers.CollectionsControllerTests.GetCollection_ReturnsCollection_WhenCollectionExistsAndUserHasAccess" computerName="MacBookPro" duration="00:00:00.0066330" startTime="2025-08-16T15:55:12.3243750+01:00" endTime="2025-08-16T15:55:12.3243750+01:00" testType="13cdc9d9-ddb5-4fa4-a97d-d965ccfc6d4b" outcome="Failed" testListId="8c84fa94-04c1-424b-9868-57a2d4851a1d" relativeResultsDirectory="e4c28ddf-e7f2-4151-b836-bd2f8cc46c62">
      <Output>
        <ErrorInfo>
          <Message>Expected actionResult not to be &lt;null&gt;.</Message>
          <StackTrace>   at FluentAssertions.Execution.XUnit2TestFramework.Throw(String message)
   at FluentAssertions.Execution.TestFrameworkProvider.Throw(String message)
   at FluentAssertions.Execution.DefaultAssertionStrategy.HandleFailure(String message)
   at FluentAssertions.Execution.AssertionScope.FailWith(Func`1 failReasonFunc)
   at FluentAssertions.Execution.AssertionScope.FailWith(Func`1 failReasonFunc)
   at FluentAssertions.Execution.AssertionScope.FailWith(String message)
   at FluentAssertions.Primitives.ReferenceTypeAssertions`2.NotBeNull(String because, Object[] becauseArgs)
   at StampApi.Tests.Controllers.CollectionsControllerTests.GetCollection_ReturnsCollection_WhenCollectionExistsAndUserHasAccess() in /Users/danehague/Documents/Stamp/StampApi.Tests/Controllers/CollectionsControllerTests.cs:line 149
--- End of stack trace from previous location ---</StackTrace>
        </ErrorInfo>
      </Output>
    </UnitTestResult>
    <UnitTestResult executionId="29e76d5c-5d7e-44ff-ace2-c6354be9a667" testId="e1f3cc56-189f-546f-fcf2-9fbf376cc35c" testName="StampApi.Tests.Integration.WorkspaceCollectionIntegrationTests.WorkspaceDeletion_MovesCollectionsToAnotherWorkspace" computerName="MacBookPro" duration="00:00:00.0208934" startTime="2025-08-16T15:55:12.2657850+01:00" endTime="2025-08-16T15:55:12.2657850+01:00" testType="13cdc9d9-ddb5-4fa4-a97d-d965ccfc6d4b" outcome="Passed" testListId="8c84fa94-04c1-424b-9868-57a2d4851a1d" relativeResultsDirectory="29e76d5c-5d7e-44ff-ace2-c6354be9a667" />
    <UnitTestResult executionId="ec7e08f9-a2a8-4fbe-a102-d654cd8a4b96" testId="4af26db6-8e53-59d1-74e3-d49cde4a0462" testName="StampApi.Tests.EdgeCases.EdgeCaseTests.GetCollection_HandlesNegativeId" computerName="MacBookPro" duration="00:00:00.0971954" startTime="2025-08-16T15:55:12.2068860+01:00" endTime="2025-08-16T15:55:12.2068860+01:00" testType="13cdc9d9-ddb5-4fa4-a97d-d965ccfc6d4b" outcome="Passed" testListId="8c84fa94-04c1-424b-9868-57a2d4851a1d" relativeResultsDirectory="ec7e08f9-a2a8-4fbe-a102-d654cd8a4b96" />
    <UnitTestResult executionId="edd7cdab-c068-4863-b096-f72589595ce1" testId="75ea965a-8662-e425-068a-c225276f2a53" testName="StampApi.Tests.Security.AuthorizationTests.CollectionRoles_EnforcePermissions" computerName="MacBookPro" duration="00:00:00.0203447" startTime="2025-08-16T15:55:12.2427830+01:00" endTime="2025-08-16T15:55:12.2427830+01:00" testType="13cdc9d9-ddb5-4fa4-a97d-d965ccfc6d4b" outcome="Failed" testListId="8c84fa94-04c1-424b-9868-57a2d4851a1d" relativeResultsDirectory="edd7cdab-c068-4863-b096-f72589595ce1">
      <Output>
        <ErrorInfo>
          <Message>Expected type to be Microsoft.AspNetCore.Mvc.OkObjectResult, but found Microsoft.AspNetCore.Mvc.NotFoundResult.</Message>
          <StackTrace>   at FluentAssertions.Execution.XUnit2TestFramework.Throw(String message)
   at FluentAssertions.Execution.TestFrameworkProvider.Throw(String message)
   at FluentAssertions.Execution.DefaultAssertionStrategy.HandleFailure(String message)
   at FluentAssertions.Execution.AssertionScope.FailWith(Func`1 failReasonFunc)
   at FluentAssertions.Execution.AssertionScope.FailWith(Func`1 failReasonFunc)
   at FluentAssertions.Execution.AssertionScope.FailWith(String message)
   at FluentAssertions.Types.TypeAssertions.Be(Type expected, String because, Object[] becauseArgs)
   at FluentAssertions.Primitives.ReferenceTypeAssertions`2.BeOfType(Type expectedType, String because, Object[] becauseArgs)
   at FluentAssertions.Primitives.ReferenceTypeAssertions`2.BeOfType[T](String because, Object[] becauseArgs)
   at StampApi.Tests.Security.AuthorizationTests.CollectionRoles_EnforcePermissions() in /Users/danehague/Documents/Stamp/StampApi.Tests/Security/AuthorizationTests.cs:line 136
--- End of stack trace from previous location ---</StackTrace>
        </ErrorInfo>
      </Output>
    </UnitTestResult>
    <UnitTestResult executionId="48eb2082-d02a-45d5-89cf-1ab8318b2659" testId="e307306b-30e0-f45f-5f73-dc1d38a96c62" testName="StampApi.Tests.Integration.WorkspaceCollectionIntegrationTests.WorkspaceCollectionFiltering_WorksCorrectlyWithMultipleWorkspaces" computerName="MacBookPro" duration="00:00:00.0218631" startTime="2025-08-16T15:55:12.3110200+01:00" endTime="2025-08-16T15:55:12.3110200+01:00" testType="13cdc9d9-ddb5-4fa4-a97d-d965ccfc6d4b" outcome="Failed" testListId="8c84fa94-04c1-424b-9868-57a2d4851a1d" relativeResultsDirectory="48eb2082-d02a-45d5-89cf-1ab8318b2659">
      <Output>
        <ErrorInfo>
          <Message>System.NullReferenceException : Object reference not set to an instance of an object.</Message>
          <StackTrace>   at StampApi.Tests.Integration.WorkspaceCollectionIntegrationTests.WorkspaceCollectionFiltering_WorksCorrectlyWithMultipleWorkspaces() in /Users/danehague/Documents/Stamp/StampApi.Tests/Integration/WorkspaceCollectionIntegrationTests.cs:line 350
--- End of stack trace from previous location ---</StackTrace>
        </ErrorInfo>
      </Output>
    </UnitTestResult>
    <UnitTestResult executionId="2942dce3-dcd6-4257-b45b-1f974e0c1a0c" testId="13290388-827e-dade-f249-13a928952668" testName="StampApi.Tests.EdgeCases.EdgeCaseTests.ExcessivelyLongNames_HandlesBeyondMaxLength" computerName="MacBookPro" duration="00:00:00.0006296" startTime="2025-08-16T15:55:12.2251490+01:00" endTime="2025-08-16T15:55:12.2251490+01:00" testType="13cdc9d9-ddb5-4fa4-a97d-d965ccfc6d4b" outcome="Passed" testListId="8c84fa94-04c1-424b-9868-57a2d4851a1d" relativeResultsDirectory="2942dce3-dcd6-4257-b45b-1f974e0c1a0c" />
    <UnitTestResult executionId="fad875bb-a2db-4c32-bfed-30aa48346766" testId="665f6c81-658d-fdbf-d29b-d65a9005ec03" testName="StampApi.Tests.Database.DatabaseRelationshipTests.UniqueConstraints_InviteTokenUniqueness" computerName="MacBookPro" duration="00:00:00.0008209" startTime="2025-08-16T15:55:11.7978400+01:00" endTime="2025-08-16T15:55:11.7978400+01:00" testType="13cdc9d9-ddb5-4fa4-a97d-d965ccfc6d4b" outcome="Failed" testListId="8c84fa94-04c1-424b-9868-57a2d4851a1d" relativeResultsDirectory="fad875bb-a2db-4c32-bfed-30aa48346766">
      <Output>
        <ErrorInfo>
          <Message>System.NullReferenceException : Object reference not set to an instance of an object.</Message>
          <StackTrace>   at StampApi.Tests.TestHelpers.TestDbContextFactory.CreateTestWorkspaceAsync(StampDbContext context, ApplicationUser user, String name) in /Users/danehague/Documents/Stamp/StampApi.Tests/TestHelpers/TestDbContextFactory.cs:line 51
   at StampApi.Tests.TestHelpers.ControllerTestBase.CreateTestWorkspaceAsync(ApplicationUser user, String name) in /Users/danehague/Documents/Stamp/StampApi.Tests/TestHelpers/ControllerTestBase.cs:line 50
   at StampApi.Tests.Database.DatabaseRelationshipTests.UniqueConstraints_InviteTokenUniqueness() in /Users/danehague/Documents/Stamp/StampApi.Tests/Database/DatabaseRelationshipTests.cs:line 301
--- End of stack trace from previous location ---</StackTrace>
        </ErrorInfo>
      </Output>
    </UnitTestResult>
    <UnitTestResult executionId="af4ef1fc-5190-46a4-80bb-1013de5071a8" testId="1fa0172e-f827-56ec-4f1d-04659a5fc37a" testName="StampApi.Tests.Controllers.WorkspacesControllerTests.WorkspaceExists_ReturnsTrue_WhenWorkspaceExistsAndBelongsToUser" computerName="MacBookPro" duration="00:00:00.0006219" startTime="2025-08-16T15:55:12.2862000+01:00" endTime="2025-08-16T15:55:12.2862000+01:00" testType="13cdc9d9-ddb5-4fa4-a97d-d965ccfc6d4b" outcome="Passed" testListId="8c84fa94-04c1-424b-9868-57a2d4851a1d" relativeResultsDirectory="af4ef1fc-5190-46a4-80bb-1013de5071a8" />
    <UnitTestResult executionId="81114023-fa43-4397-86fd-61060f66d525" testId="deb1ff96-3f0b-c7a7-597b-4cc37c27234e" testName="StampApi.Tests.EdgeCases.EdgeCaseTests.PostWorkspace_HandlesEmptyName" computerName="MacBookPro" duration="00:00:00.0016526" startTime="2025-08-16T15:55:12.2242280+01:00" endTime="2025-08-16T15:55:12.2242280+01:00" testType="13cdc9d9-ddb5-4fa4-a97d-d965ccfc6d4b" outcome="Passed" testListId="8c84fa94-04c1-424b-9868-57a2d4851a1d" relativeResultsDirectory="81114023-fa43-4397-86fd-61060f66d525" />
    <UnitTestResult executionId="13b044e4-7949-4914-b64b-d7f327c5bef5" testId="9bd907a8-3a1d-651a-9c0f-4f371b8acf47" testName="StampApi.Tests.Controllers.CollectionsControllerTests.DeleteCollection_ReturnsForbid_WhenUserIsRegularMember" computerName="MacBookPro" duration="00:00:00.0011448" startTime="2025-08-16T15:55:12.2438630+01:00" endTime="2025-08-16T15:55:12.2438630+01:00" testType="13cdc9d9-ddb5-4fa4-a97d-d965ccfc6d4b" outcome="Passed" testListId="8c84fa94-04c1-424b-9868-57a2d4851a1d" relativeResultsDirectory="13b044e4-7949-4914-b64b-d7f327c5bef5" />
    <UnitTestResult executionId="a7880ed1-43e1-4310-90fd-e06211d40525" testId="290f60dd-a199-6f9a-b3da-1ce0d7d2a57f" testName="StampApi.Tests.EdgeCases.EdgeCaseTests.SpecialCharacters_HandlesNamesWithSpecialCharacters" computerName="MacBookPro" duration="00:00:00.0003638" startTime="2025-08-16T15:55:12.3065190+01:00" endTime="2025-08-16T15:55:12.3065200+01:00" testType="13cdc9d9-ddb5-4fa4-a97d-d965ccfc6d4b" outcome="Passed" testListId="8c84fa94-04c1-424b-9868-57a2d4851a1d" relativeResultsDirectory="a7880ed1-43e1-4310-90fd-e06211d40525" />
    <UnitTestResult executionId="b2441362-b8d0-49df-a4dd-644f77c288cc" testId="73325596-ed8e-5295-8005-9dc872936220" testName="StampApi.Tests.Controllers.WorkspacesControllerTests.GetWorkspace_ReturnsWorkspace_WhenWorkspaceExistsAndBelongsToUser" computerName="MacBookPro" duration="00:00:00.0041706" startTime="2025-08-16T15:55:12.2706500+01:00" endTime="2025-08-16T15:55:12.2706500+01:00" testType="13cdc9d9-ddb5-4fa4-a97d-d965ccfc6d4b" outcome="Failed" testListId="8c84fa94-04c1-424b-9868-57a2d4851a1d" relativeResultsDirectory="b2441362-b8d0-49df-a4dd-644f77c288cc">
      <Output>
        <ErrorInfo>
          <Message>Expected actionResult not to be &lt;null&gt;.</Message>
          <StackTrace>   at FluentAssertions.Execution.XUnit2TestFramework.Throw(String message)
   at FluentAssertions.Execution.TestFrameworkProvider.Throw(String message)
   at FluentAssertions.Execution.DefaultAssertionStrategy.HandleFailure(String message)
   at FluentAssertions.Execution.AssertionScope.FailWith(Func`1 failReasonFunc)
   at FluentAssertions.Execution.AssertionScope.FailWith(Func`1 failReasonFunc)
   at FluentAssertions.Execution.AssertionScope.FailWith(String message)
   at FluentAssertions.Primitives.ReferenceTypeAssertions`2.NotBeNull(String because, Object[] becauseArgs)
   at StampApi.Tests.Controllers.WorkspacesControllerTests.GetWorkspace_ReturnsWorkspace_WhenWorkspaceExistsAndBelongsToUser() in /Users/danehague/Documents/Stamp/StampApi.Tests/Controllers/WorkspacesControllerTests.cs:line 85
--- End of stack trace from previous location ---</StackTrace>
        </ErrorInfo>
      </Output>
    </UnitTestResult>
    <UnitTestResult executionId="3cbe9077-dcc8-4b55-8eb3-fe2ad920d13d" testId="81229fb8-cc22-2da4-5c80-113f4f4f9218" testName="StampApi.Tests.Controllers.CollectionsControllerTests.GetCollections_ReturnsSharedCollections_WhenUserIsMember" computerName="MacBookPro" duration="00:00:00.0040058" startTime="2025-08-16T15:55:12.2644850+01:00" endTime="2025-08-16T15:55:12.2644850+01:00" testType="13cdc9d9-ddb5-4fa4-a97d-d965ccfc6d4b" outcome="Failed" testListId="8c84fa94-04c1-424b-9868-57a2d4851a1d" relativeResultsDirectory="3cbe9077-dcc8-4b55-8eb3-fe2ad920d13d">
      <Output>
        <ErrorInfo>
          <Message>Expected actionResult not to be &lt;null&gt;.</Message>
          <StackTrace>   at FluentAssertions.Execution.XUnit2TestFramework.Throw(String message)
   at FluentAssertions.Execution.TestFrameworkProvider.Throw(String message)
   at FluentAssertions.Execution.DefaultAssertionStrategy.HandleFailure(String message)
   at FluentAssertions.Execution.AssertionScope.FailWith(Func`1 failReasonFunc)
   at FluentAssertions.Execution.AssertionScope.FailWith(Func`1 failReasonFunc)
   at FluentAssertions.Execution.AssertionScope.FailWith(String message)
   at FluentAssertions.Primitives.ReferenceTypeAssertions`2.NotBeNull(String because, Object[] becauseArgs)
   at StampApi.Tests.Controllers.CollectionsControllerTests.GetCollections_ReturnsSharedCollections_WhenUserIsMember() in /Users/danehague/Documents/Stamp/StampApi.Tests/Controllers/CollectionsControllerTests.cs:line 114
--- End of stack trace from previous location ---</StackTrace>
        </ErrorInfo>
      </Output>
    </UnitTestResult>
    <UnitTestResult executionId="8770c5aa-84c9-4a12-9561-1d16478578af" testId="050da351-dcca-d0f2-9557-368f636e0565" testName="StampApi.Tests.Security.AuthorizationTests.AllEndpoints_RequireAuthentication_ReturnUnauthorized" computerName="MacBookPro" duration="00:00:00.0019630" startTime="2025-08-16T15:55:12.2686310+01:00" endTime="2025-08-16T15:55:12.2686310+01:00" testType="13cdc9d9-ddb5-4fa4-a97d-d965ccfc6d4b" outcome="Failed" testListId="8c84fa94-04c1-424b-9868-57a2d4851a1d" relativeResultsDirectory="8770c5aa-84c9-4a12-9561-1d16478578af">
      <Output>
        <ErrorInfo>
          <Message>System.NullReferenceException : Object reference not set to an instance of an object.</Message>
          <StackTrace>   at StampApi.Controllers.WorkspacesController.GetUserId() in /Users/danehague/Documents/Stamp/StampApi/Controllers/WorkspacesController.cs:line 171
   at StampApi.Controllers.WorkspacesController.GetWorkspaces() in /Users/danehague/Documents/Stamp/StampApi/Controllers/WorkspacesController.cs:line 25
   at StampApi.Tests.Security.AuthorizationTests.AllEndpoints_RequireAuthentication_ReturnUnauthorized() in /Users/danehague/Documents/Stamp/StampApi.Tests/Security/AuthorizationTests.cs:line 35
--- End of stack trace from previous location ---</StackTrace>
        </ErrorInfo>
      </Output>
    </UnitTestResult>
    <UnitTestResult executionId="36ce15ce-257e-4672-b9a1-7c8a9fd94078" testId="0ccc5232-45c3-ee96-3a1f-1118d0df320d" testName="StampApi.Tests.EdgeCases.EdgeCaseTests.DeleteLastWorkspace_PreventsOrphanedCollections" computerName="MacBookPro" duration="00:00:00.0035986" startTime="2025-08-16T15:55:12.3038340+01:00" endTime="2025-08-16T15:55:12.3038340+01:00" testType="13cdc9d9-ddb5-4fa4-a97d-d965ccfc6d4b" outcome="Passed" testListId="8c84fa94-04c1-424b-9868-57a2d4851a1d" relativeResultsDirectory="36ce15ce-257e-4672-b9a1-7c8a9fd94078" />
    <UnitTestResult executionId="92b74eb8-57b6-44eb-854a-f109f80c4928" testId="83943e2e-13cd-4d82-fc3a-39d18030f1ba" testName="StampApi.Tests.Security.AuthorizationTests.CollectionMembership_RequiresWorkspaceAccess" computerName="MacBookPro" duration="00:00:00.0995799" startTime="2025-08-16T15:55:12.2080610+01:00" endTime="2025-08-16T15:55:12.2080610+01:00" testType="13cdc9d9-ddb5-4fa4-a97d-d965ccfc6d4b" outcome="Failed" testListId="8c84fa94-04c1-424b-9868-57a2d4851a1d" relativeResultsDirectory="92b74eb8-57b6-44eb-854a-f109f80c4928">
      <Output>
        <ErrorInfo>
          <Message>System.NullReferenceException : Object reference not set to an instance of an object.</Message>
          <StackTrace>   at StampApi.Tests.Security.AuthorizationTests.CollectionMembership_RequiresWorkspaceAccess() in /Users/danehague/Documents/Stamp/StampApi.Tests/Security/AuthorizationTests.cs:line 216
--- End of stack trace from previous location ---</StackTrace>
        </ErrorInfo>
      </Output>
    </UnitTestResult>
    <UnitTestResult executionId="4c83f1b3-99d2-4d1f-ba4b-e4513507d4d1" testId="ede9b946-cf33-c1d5-b7fe-031a0254d800" testName="StampApi.Tests.Controllers.WorkspacesControllerTests.PutWorkspace_ReturnsNotFound_WhenWorkspaceDoesNotExist" computerName="MacBookPro" duration="00:00:00.0002816" startTime="2025-08-16T15:55:12.2890100+01:00" endTime="2025-08-16T15:55:12.2890100+01:00" testType="13cdc9d9-ddb5-4fa4-a97d-d965ccfc6d4b" outcome="Passed" testListId="8c84fa94-04c1-424b-9868-57a2d4851a1d" relativeResultsDirectory="4c83f1b3-99d2-4d1f-ba4b-e4513507d4d1" />
    <UnitTestResult executionId="7cfe7da5-d34d-4c27-9d3c-c65215dcbf89" testId="619f1be5-0435-9a9c-0823-f4764e8387ba" testName="StampApi.Tests.Controllers.WorkspacesControllerTests.WorkspaceExists_ReturnsFalse_WhenWorkspaceDoesNotExist" computerName="MacBookPro" duration="00:00:00.0002654" startTime="2025-08-16T15:55:12.2838640+01:00" endTime="2025-08-16T15:55:12.2838640+01:00" testType="13cdc9d9-ddb5-4fa4-a97d-d965ccfc6d4b" outcome="Passed" testListId="8c84fa94-04c1-424b-9868-57a2d4851a1d" relativeResultsDirectory="7cfe7da5-d34d-4c27-9d3c-c65215dcbf89" />
    <UnitTestResult executionId="7fe21604-30e8-4bf8-a6c2-634e1fa17f99" testId="6c9d7311-5d81-20b8-86ce-5bb753a2115d" testName="StampApi.Tests.Database.DatabaseRelationshipTests.AcceptedByUserDeletion_SetNullBehavior" computerName="MacBookPro" duration="00:00:00.0029908" startTime="2025-08-16T15:55:11.7821250+01:00" endTime="2025-08-16T15:55:11.7821250+01:00" testType="13cdc9d9-ddb5-4fa4-a97d-d965ccfc6d4b" outcome="Failed" testListId="8c84fa94-04c1-424b-9868-57a2d4851a1d" relativeResultsDirectory="7fe21604-30e8-4bf8-a6c2-634e1fa17f99">
      <Output>
        <ErrorInfo>
          <Message>System.NullReferenceException : Object reference not set to an instance of an object.</Message>
          <StackTrace>   at StampApi.Tests.TestHelpers.TestDbContextFactory.CreateTestUserAsync(StampDbContext context, String email) in /Users/danehague/Documents/Stamp/StampApi.Tests/TestHelpers/TestDbContextFactory.cs:line 44
   at StampApi.Tests.TestHelpers.ControllerTestBase.CreateAdditionalUserAsync(String email) in /Users/danehague/Documents/Stamp/StampApi.Tests/TestHelpers/ControllerTestBase.cs:line 44
   at StampApi.Tests.Database.DatabaseRelationshipTests.AcceptedByUserDeletion_SetNullBehavior() in /Users/danehague/Documents/Stamp/StampApi.Tests/Database/DatabaseRelationshipTests.cs:line 230
--- End of stack trace from previous location ---</StackTrace>
        </ErrorInfo>
      </Output>
    </UnitTestResult>
    <UnitTestResult executionId="92059b4a-29d5-492d-bb09-54a8dbb17e8d" testId="87f98241-8d02-95a3-6281-4713575b7da3" testName="StampApi.Tests.EdgeCases.EdgeCaseTests.DeleteWorkspace_HandlesNonExistentId" computerName="MacBookPro" duration="00:00:00.0003293" startTime="2025-08-16T15:55:12.3087470+01:00" endTime="2025-08-16T15:55:12.3087470+01:00" testType="13cdc9d9-ddb5-4fa4-a97d-d965ccfc6d4b" outcome="Passed" testListId="8c84fa94-04c1-424b-9868-57a2d4851a1d" relativeResultsDirectory="92059b4a-29d5-492d-bb09-54a8dbb17e8d" />
    <UnitTestResult executionId="81975cfc-5a04-4409-9786-4ffc98b8fce5" testId="57c68548-500d-14d9-8fba-6cbb1b94194c" testName="StampApi.Tests.Controllers.CollectionsControllerTests.GetCollections_ReturnsFilteredCollections_WhenWorkspaceIdProvided" computerName="MacBookPro" duration="00:00:00.0228885" startTime="2025-08-16T15:55:12.3112780+01:00" endTime="2025-08-16T15:55:12.3112780+01:00" testType="13cdc9d9-ddb5-4fa4-a97d-d965ccfc6d4b" outcome="Failed" testListId="8c84fa94-04c1-424b-9868-57a2d4851a1d" relativeResultsDirectory="81975cfc-5a04-4409-9786-4ffc98b8fce5">
      <Output>
        <ErrorInfo>
          <Message>Expected actionResult not to be &lt;null&gt;.</Message>
          <StackTrace>   at FluentAssertions.Execution.XUnit2TestFramework.Throw(String message)
   at FluentAssertions.Execution.TestFrameworkProvider.Throw(String message)
   at FluentAssertions.Execution.DefaultAssertionStrategy.HandleFailure(String message)
   at FluentAssertions.Execution.AssertionScope.FailWith(Func`1 failReasonFunc)
   at FluentAssertions.Execution.AssertionScope.FailWith(Func`1 failReasonFunc)
   at FluentAssertions.Execution.AssertionScope.FailWith(String message)
   at FluentAssertions.Primitives.ReferenceTypeAssertions`2.NotBeNull(String because, Object[] becauseArgs)
   at StampApi.Tests.Controllers.CollectionsControllerTests.GetCollections_ReturnsFilteredCollections_WhenWorkspaceIdProvided() in /Users/danehague/Documents/Stamp/StampApi.Tests/Controllers/CollectionsControllerTests.cs:line 77
--- End of stack trace from previous location ---</StackTrace>
        </ErrorInfo>
      </Output>
    </UnitTestResult>
    <UnitTestResult executionId="ac618828-ac89-42d3-9df9-0b6a97c6a461" testId="c180339a-2621-ee1c-5d25-6234379ac4be" testName="StampApi.Tests.Database.DatabaseRelationshipTests.CollectionApiRequestRelationship_CascadeDeleteBehavior" computerName="MacBookPro" duration="00:00:00.0009367" startTime="2025-08-16T15:55:11.7976980+01:00" endTime="2025-08-16T15:55:11.7976980+01:00" testType="13cdc9d9-ddb5-4fa4-a97d-d965ccfc6d4b" outcome="Failed" testListId="8c84fa94-04c1-424b-9868-57a2d4851a1d" relativeResultsDirectory="ac618828-ac89-42d3-9df9-0b6a97c6a461">
      <Output>
        <ErrorInfo>
          <Message>System.NullReferenceException : Object reference not set to an instance of an object.</Message>
          <StackTrace>   at StampApi.Tests.TestHelpers.TestDbContextFactory.CreateTestWorkspaceAsync(StampDbContext context, ApplicationUser user, String name) in /Users/danehague/Documents/Stamp/StampApi.Tests/TestHelpers/TestDbContextFactory.cs:line 51
   at StampApi.Tests.TestHelpers.ControllerTestBase.CreateTestWorkspaceAsync(ApplicationUser user, String name) in /Users/danehague/Documents/Stamp/StampApi.Tests/TestHelpers/ControllerTestBase.cs:line 50
   at StampApi.Tests.Database.DatabaseRelationshipTests.CollectionApiRequestRelationship_CascadeDeleteBehavior() in /Users/danehague/Documents/Stamp/StampApi.Tests/Database/DatabaseRelationshipTests.cs:line 63
--- End of stack trace from previous location ---</StackTrace>
        </ErrorInfo>
      </Output>
    </UnitTestResult>
    <UnitTestResult executionId="8362a5c3-5ebd-4bd5-9582-5d9171e413cc" testId="3008fd9d-1bcd-2052-fd2f-eef506cc7e76" testName="StampApi.Tests.Controllers.WorkspacesControllerTests.PostWorkspace_CreatesWorkspace_WhenDataIsValid" computerName="MacBookPro" duration="00:00:00.0006167" startTime="2025-08-16T15:55:12.2826450+01:00" endTime="2025-08-16T15:55:12.2826450+01:00" testType="13cdc9d9-ddb5-4fa4-a97d-d965ccfc6d4b" outcome="Passed" testListId="8c84fa94-04c1-424b-9868-57a2d4851a1d" relativeResultsDirectory="8362a5c3-5ebd-4bd5-9582-5d9171e413cc" />
    <UnitTestResult executionId="a000fe0c-ef45-4e22-b59f-05b52b130c8e" testId="a9953a6d-ddcc-bc30-d250-3be32e83ccaf" testName="StampApi.Tests.Controllers.WorkspacesControllerTests.GetWorkspaces_ReturnsUserWorkspaces_WhenUserIsAuthenticated" computerName="MacBookPro" duration="00:00:00.0083583" startTime="2025-08-16T15:55:12.2604810+01:00" endTime="2025-08-16T15:55:12.2604810+01:00" testType="13cdc9d9-ddb5-4fa4-a97d-d965ccfc6d4b" outcome="Failed" testListId="8c84fa94-04c1-424b-9868-57a2d4851a1d" relativeResultsDirectory="a000fe0c-ef45-4e22-b59f-05b52b130c8e">
      <Output>
        <ErrorInfo>
          <Message>Expected actionResult not to be &lt;null&gt;.</Message>
          <StackTrace>   at FluentAssertions.Execution.XUnit2TestFramework.Throw(String message)
   at FluentAssertions.Execution.TestFrameworkProvider.Throw(String message)
   at FluentAssertions.Execution.DefaultAssertionStrategy.HandleFailure(String message)
   at FluentAssertions.Execution.AssertionScope.FailWith(Func`1 failReasonFunc)
   at FluentAssertions.Execution.AssertionScope.FailWith(Func`1 failReasonFunc)
   at FluentAssertions.Execution.AssertionScope.FailWith(String message)
   at FluentAssertions.Primitives.ReferenceTypeAssertions`2.NotBeNull(String because, Object[] becauseArgs)
   at StampApi.Tests.Controllers.WorkspacesControllerTests.GetWorkspaces_ReturnsUserWorkspaces_WhenUserIsAuthenticated() in /Users/danehague/Documents/Stamp/StampApi.Tests/Controllers/WorkspacesControllerTests.cs:line 43
--- End of stack trace from previous location ---</StackTrace>
        </ErrorInfo>
      </Output>
    </UnitTestResult>
    <UnitTestResult executionId="85a85d0c-2d0b-47af-b088-9e598045f2bb" testId="18431b16-0cb6-650e-e1e5-70956185a5ac" testName="StampApi.Tests.Security.AuthorizationTests.TokenValidation_WorksWithDifferentClaimFormats" computerName="MacBookPro" duration="00:00:00.0105568" startTime="2025-08-16T15:55:12.2542210+01:00" endTime="2025-08-16T15:55:12.2542210+01:00" testType="13cdc9d9-ddb5-4fa4-a97d-d965ccfc6d4b" outcome="Failed" testListId="8c84fa94-04c1-424b-9868-57a2d4851a1d" relativeResultsDirectory="85a85d0c-2d0b-47af-b088-9e598045f2bb">
      <Output>
        <ErrorInfo>
          <Message>Expected result.Result to be Microsoft.AspNetCore.Mvc.OkObjectResult, but found &lt;null&gt;.</Message>
          <StackTrace>   at FluentAssertions.Execution.XUnit2TestFramework.Throw(String message)
   at FluentAssertions.Execution.TestFrameworkProvider.Throw(String message)
   at FluentAssertions.Execution.DefaultAssertionStrategy.HandleFailure(String message)
   at FluentAssertions.Execution.AssertionScope.FailWith(Func`1 failReasonFunc)
   at FluentAssertions.Execution.AssertionScope.FailWith(Func`1 failReasonFunc)
   at FluentAssertions.Execution.AssertionScope.FailWith(String message, Object[] args)
   at FluentAssertions.Primitives.ReferenceTypeAssertions`2.BeOfType(Type expectedType, String because, Object[] becauseArgs)
   at FluentAssertions.Primitives.ReferenceTypeAssertions`2.BeOfType[T](String because, Object[] becauseArgs)
   at StampApi.Tests.Security.AuthorizationTests.TokenValidation_WorksWithDifferentClaimFormats() in /Users/danehague/Documents/Stamp/StampApi.Tests/Security/AuthorizationTests.cs:line 424
--- End of stack trace from previous location ---</StackTrace>
        </ErrorInfo>
      </Output>
    </UnitTestResult>
    <UnitTestResult executionId="e382d8d8-c616-43d3-bd33-b28baf55ed7d" testId="dff9b347-41ef-c2fd-07a1-5720c1f9b970" testName="StampApi.Tests.EdgeCases.EdgeCaseTests.PostCollection_HandlesMaxIntWorkspaceId" computerName="MacBookPro" duration="00:00:00.0007207" startTime="2025-08-16T15:55:12.2547220+01:00" endTime="2025-08-16T15:55:12.2547220+01:00" testType="13cdc9d9-ddb5-4fa4-a97d-d965ccfc6d4b" outcome="Passed" testListId="8c84fa94-04c1-424b-9868-57a2d4851a1d" relativeResultsDirectory="e382d8d8-c616-43d3-bd33-b28baf55ed7d" />
    <UnitTestResult executionId="2bdb8b6a-9d0c-4be3-9a20-b1d0245caa64" testId="eb6150f8-8bf9-50f3-99ec-332b3c172654" testName="StampApi.Tests.Controllers.WorkspacesControllerTests.PutWorkspace_UpdatesWorkspace_WhenDataIsValidAndUserOwnsWorkspace" computerName="MacBookPro" duration="00:00:00.0097625" startTime="2025-08-16T15:55:12.2811700+01:00" endTime="2025-08-16T15:55:12.2811700+01:00" testType="13cdc9d9-ddb5-4fa4-a97d-d965ccfc6d4b" outcome="Passed" testListId="8c84fa94-04c1-424b-9868-57a2d4851a1d" relativeResultsDirectory="2bdb8b6a-9d0c-4be3-9a20-b1d0245caa64" />
    <UnitTestResult executionId="1e812521-63e3-43ee-9dff-e529e6b15f28" testId="1d68c992-751a-b48b-38f1-ab616815231e" testName="StampApi.Tests.Database.DatabaseRelationshipTests.CollectionMemberRelationship_CascadeDeleteBehavior" computerName="MacBookPro" duration="00:00:00.0041593" startTime="2025-08-16T15:55:11.7794440+01:00" endTime="2025-08-16T15:55:11.7794550+01:00" testType="13cdc9d9-ddb5-4fa4-a97d-d965ccfc6d4b" outcome="Failed" testListId="8c84fa94-04c1-424b-9868-57a2d4851a1d" relativeResultsDirectory="1e812521-63e3-43ee-9dff-e529e6b15f28">
      <Output>
        <ErrorInfo>
          <Message>System.NullReferenceException : Object reference not set to an instance of an object.</Message>
          <StackTrace>   at StampApi.Tests.TestHelpers.TestDbContextFactory.CreateTestWorkspaceAsync(StampDbContext context, ApplicationUser user, String name) in /Users/danehague/Documents/Stamp/StampApi.Tests/TestHelpers/TestDbContextFactory.cs:line 51
   at StampApi.Tests.TestHelpers.ControllerTestBase.CreateTestWorkspaceAsync(ApplicationUser user, String name) in /Users/danehague/Documents/Stamp/StampApi.Tests/TestHelpers/ControllerTestBase.cs:line 50
   at StampApi.Tests.Database.DatabaseRelationshipTests.CollectionMemberRelationship_CascadeDeleteBehavior() in /Users/danehague/Documents/Stamp/StampApi.Tests/Database/DatabaseRelationshipTests.cs:line 88
--- End of stack trace from previous location ---</StackTrace>
        </ErrorInfo>
      </Output>
    </UnitTestResult>
    <UnitTestResult executionId="9a5af79d-05fd-44e6-8c99-1f7497000284" testId="520d81e3-1240-62c5-380a-815deebe2d83" testName="StampApi.Tests.Controllers.CollectionsControllerTests.PostCollection_ReturnsBadRequest_WhenWorkspaceDoesNotExist" computerName="MacBookPro" duration="00:00:00.0003903" startTime="2025-08-16T15:55:12.2878310+01:00" endTime="2025-08-16T15:55:12.2878310+01:00" testType="13cdc9d9-ddb5-4fa4-a97d-d965ccfc6d4b" outcome="Passed" testListId="8c84fa94-04c1-424b-9868-57a2d4851a1d" relativeResultsDirectory="9a5af79d-05fd-44e6-8c99-1f7497000284" />
    <UnitTestResult executionId="b6153685-239e-46a3-8ed5-2faac23a9125" testId="b47e7ca4-98b8-3814-362d-36752ede7c0c" testName="StampApi.Tests.Controllers.CollectionsControllerTests.CollectionExists_ReturnsFalse_WhenCollectionDoesNotExist" computerName="MacBookPro" duration="00:00:00.0003836" startTime="2025-08-16T15:55:12.2709310+01:00" endTime="2025-08-16T15:55:12.2709310+01:00" testType="13cdc9d9-ddb5-4fa4-a97d-d965ccfc6d4b" outcome="Passed" testListId="8c84fa94-04c1-424b-9868-57a2d4851a1d" relativeResultsDirectory="b6153685-239e-46a3-8ed5-2faac23a9125" />
    <UnitTestResult executionId="b98857e4-101c-41b5-99dc-9f0baf48c3b7" testId="7d63478a-f62d-a19a-8101-ab145b9591d8" testName="StampApi.Tests.Database.DatabaseRelationshipTests.UserWorkspaceRelationship_CascadeDeleteBehavior" computerName="MacBookPro" duration="00:00:00.0008713" startTime="2025-08-16T15:55:11.7985380+01:00" endTime="2025-08-16T15:55:11.7985380+01:00" testType="13cdc9d9-ddb5-4fa4-a97d-d965ccfc6d4b" outcome="Failed" testListId="8c84fa94-04c1-424b-9868-57a2d4851a1d" relativeResultsDirectory="b98857e4-101c-41b5-99dc-9f0baf48c3b7">
      <Output>
        <ErrorInfo>
          <Message>System.NullReferenceException : Object reference not set to an instance of an object.</Message>
          <StackTrace>   at StampApi.Tests.TestHelpers.TestDbContextFactory.CreateTestWorkspaceAsync(StampDbContext context, ApplicationUser user, String name) in /Users/danehague/Documents/Stamp/StampApi.Tests/TestHelpers/TestDbContextFactory.cs:line 51
   at StampApi.Tests.TestHelpers.ControllerTestBase.CreateTestWorkspaceAsync(ApplicationUser user, String name) in /Users/danehague/Documents/Stamp/StampApi.Tests/TestHelpers/ControllerTestBase.cs:line 50
   at StampApi.Tests.Database.DatabaseRelationshipTests.UserWorkspaceRelationship_CascadeDeleteBehavior() in /Users/danehague/Documents/Stamp/StampApi.Tests/Database/DatabaseRelationshipTests.cs:line 14
--- End of stack trace from previous location ---</StackTrace>
        </ErrorInfo>
      </Output>
    </UnitTestResult>
    <UnitTestResult executionId="81fdf00e-a51d-4b1a-bc5e-25d3f7b457be" testId="52e27c5c-b429-c41b-f495-05781bf3b2ae" testName="StampApi.Tests.Controllers.WorkspacesControllerTests.PutWorkspace_ReturnsNotFound_WhenWorkspaceBelongsToAnotherUser" computerName="MacBookPro" duration="00:00:00.0005529" startTime="2025-08-16T15:55:12.2846090+01:00" endTime="2025-08-16T15:55:12.2846090+01:00" testType="13cdc9d9-ddb5-4fa4-a97d-d965ccfc6d4b" outcome="Passed" testListId="8c84fa94-04c1-424b-9868-57a2d4851a1d" relativeResultsDirectory="81fdf00e-a51d-4b1a-bc5e-25d3f7b457be" />
    <UnitTestResult executionId="a8eb2edd-068a-4b72-adeb-7a8bd1507323" testId="f8a0caac-c656-7d07-bc63-d19c43349539" testName="StampApi.Tests.EdgeCases.EdgeCaseTests.GetUserId_HandlesInvalidClaimValue" computerName="MacBookPro" duration="00:00:00.0009133" startTime="2025-08-16T15:55:12.2393450+01:00" endTime="2025-08-16T15:55:12.2393450+01:00" testType="13cdc9d9-ddb5-4fa4-a97d-d965ccfc6d4b" outcome="Passed" testListId="8c84fa94-04c1-424b-9868-57a2d4851a1d" relativeResultsDirectory="a8eb2edd-068a-4b72-adeb-7a8bd1507323" />
    <UnitTestResult executionId="bd312d03-cdd0-44bd-85fd-0537eea43ea0" testId="1a7e3d8e-8df3-c0a5-2b7c-0748e619cd03" testName="StampApi.Tests.EdgeCases.EdgeCaseTests.LargeDataSet_HandlesMultipleWorkspacesAndCollections" computerName="MacBookPro" duration="00:00:00.0417470" startTime="2025-08-16T15:55:12.2969910+01:00" endTime="2025-08-16T15:55:12.2969910+01:00" testType="13cdc9d9-ddb5-4fa4-a97d-d965ccfc6d4b" outcome="Failed" testListId="8c84fa94-04c1-424b-9868-57a2d4851a1d" relativeResultsDirectory="bd312d03-cdd0-44bd-85fd-0537eea43ea0">
      <Output>
        <ErrorInfo>
          <Message>System.NullReferenceException : Object reference not set to an instance of an object.</Message>
          <StackTrace>   at StampApi.Tests.EdgeCases.EdgeCaseTests.LargeDataSet_HandlesMultipleWorkspacesAndCollections() in /Users/danehague/Documents/Stamp/StampApi.Tests/EdgeCases/EdgeCaseTests.cs:line 332
--- End of stack trace from previous location ---</StackTrace>
        </ErrorInfo>
      </Output>
    </UnitTestResult>
    <UnitTestResult executionId="6a25b80e-d1b3-40a1-92a0-19673097882d" testId="b7c39081-d21d-9c8b-fe6c-ffb454649dba" testName="StampApi.Tests.EdgeCases.EdgeCaseTests.PutWorkspace_HandlesConcurrencyException" computerName="MacBookPro" duration="00:00:00.0006213" startTime="2025-08-16T15:55:12.3059860+01:00" endTime="2025-08-16T15:55:12.3059860+01:00" testType="13cdc9d9-ddb5-4fa4-a97d-d965ccfc6d4b" outcome="Passed" testListId="8c84fa94-04c1-424b-9868-57a2d4851a1d" relativeResultsDirectory="6a25b80e-d1b3-40a1-92a0-19673097882d" />
    <UnitTestResult executionId="090ac003-80a0-4944-8c0f-d2b6769ee1f3" testId="c69aba0e-ce3a-679d-b9c1-f465b2b6e715" testName="StampApi.Tests.Database.DatabaseRelationshipTests.UserDeletion_CascadeDeletesMemberships" computerName="MacBookPro" duration="00:00:00.0008162" startTime="2025-08-16T15:55:11.7981330+01:00" endTime="2025-08-16T15:55:11.7981330+01:00" testType="13cdc9d9-ddb5-4fa4-a97d-d965ccfc6d4b" outcome="Failed" testListId="8c84fa94-04c1-424b-9868-57a2d4851a1d" relativeResultsDirectory="090ac003-80a0-4944-8c0f-d2b6769ee1f3">
      <Output>
        <ErrorInfo>
          <Message>System.NullReferenceException : Object reference not set to an instance of an object.</Message>
          <StackTrace>   at StampApi.Tests.TestHelpers.TestDbContextFactory.CreateTestUserAsync(StampDbContext context, String email) in /Users/danehague/Documents/Stamp/StampApi.Tests/TestHelpers/TestDbContextFactory.cs:line 44
   at StampApi.Tests.TestHelpers.ControllerTestBase.CreateAdditionalUserAsync(String email) in /Users/danehague/Documents/Stamp/StampApi.Tests/TestHelpers/ControllerTestBase.cs:line 44
   at StampApi.Tests.Database.DatabaseRelationshipTests.UserDeletion_CascadeDeletesMemberships() in /Users/danehague/Documents/Stamp/StampApi.Tests/Database/DatabaseRelationshipTests.cs:line 133
--- End of stack trace from previous location ---</StackTrace>
        </ErrorInfo>
      </Output>
    </UnitTestResult>
    <UnitTestResult executionId="7e6b8c30-a5b9-4668-a855-c667f06b73c5" testId="f20d5cc4-6ec7-3f17-9224-62b0420560e7" testName="StampApi.Tests.EdgeCases.EdgeCaseTests.GetCollections_HandlesEmptyDatabase" computerName="MacBookPro" duration="00:00:00.0011148" startTime="2025-08-16T15:55:12.3083760+01:00" endTime="2025-08-16T15:55:12.3083760+01:00" testType="13cdc9d9-ddb5-4fa4-a97d-d965ccfc6d4b" outcome="Failed" testListId="8c84fa94-04c1-424b-9868-57a2d4851a1d" relativeResultsDirectory="7e6b8c30-a5b9-4668-a855-c667f06b73c5">
      <Output>
        <ErrorInfo>
          <Message>Expected actionResult not to be &lt;null&gt;.</Message>
          <StackTrace>   at FluentAssertions.Execution.XUnit2TestFramework.Throw(String message)
   at FluentAssertions.Execution.TestFrameworkProvider.Throw(String message)
   at FluentAssertions.Execution.DefaultAssertionStrategy.HandleFailure(String message)
   at FluentAssertions.Execution.AssertionScope.FailWith(Func`1 failReasonFunc)
   at FluentAssertions.Execution.AssertionScope.FailWith(Func`1 failReasonFunc)
   at FluentAssertions.Execution.AssertionScope.FailWith(String message)
   at FluentAssertions.Primitives.ReferenceTypeAssertions`2.NotBeNull(String because, Object[] becauseArgs)
   at StampApi.Tests.EdgeCases.EdgeCaseTests.GetCollections_HandlesEmptyDatabase() in /Users/danehague/Documents/Stamp/StampApi.Tests/EdgeCases/EdgeCaseTests.cs:line 52
--- End of stack trace from previous location ---</StackTrace>
        </ErrorInfo>
      </Output>
    </UnitTestResult>
    <UnitTestResult executionId="7e1ab798-b750-4c81-bff9-afb452c40eb1" testId="4ea1d106-1991-db44-1d63-9309376c0bd9" testName="StampApi.Tests.Controllers.CollectionsControllerTests.GetCollection_ReturnsNotFound_WhenUserDoesNotHaveAccess" computerName="MacBookPro" duration="00:00:00.0971533" startTime="2025-08-16T15:55:12.2078000+01:00" endTime="2025-08-16T15:55:12.2078000+01:00" testType="13cdc9d9-ddb5-4fa4-a97d-d965ccfc6d4b" outcome="Passed" testListId="8c84fa94-04c1-424b-9868-57a2d4851a1d" relativeResultsDirectory="7e1ab798-b750-4c81-bff9-afb452c40eb1" />
    <UnitTestResult executionId="73b889cc-3d69-488b-8bda-ca6d7a1ea5b8" testId="ce7ad449-4978-03ac-93d4-2d8d404dda45" testName="StampApi.Tests.Controllers.CollectionsControllerTests.GetCollections_ReturnsUnauthorized_WhenUserIsNotAuthenticated" computerName="MacBookPro" duration="00:00:00.0005421" startTime="2025-08-16T15:55:12.2877960+01:00" endTime="2025-08-16T15:55:12.2877960+01:00" testType="13cdc9d9-ddb5-4fa4-a97d-d965ccfc6d4b" outcome="Failed" testListId="8c84fa94-04c1-424b-9868-57a2d4851a1d" relativeResultsDirectory="73b889cc-3d69-488b-8bda-ca6d7a1ea5b8">
      <Output>
        <ErrorInfo>
          <Message>System.NullReferenceException : Object reference not set to an instance of an object.</Message>
          <StackTrace>   at StampApi.Controllers.CollectionsController.GetUserId() in /Users/danehague/Documents/Stamp/StampApi/Controllers/CollectionsController.cs:line 224
   at StampApi.Controllers.CollectionsController.GetCollections(Nullable`1 workspaceId) in /Users/danehague/Documents/Stamp/StampApi/Controllers/CollectionsController.cs:line 25
   at StampApi.Tests.Controllers.CollectionsControllerTests.GetCollections_ReturnsUnauthorized_WhenUserIsNotAuthenticated() in /Users/danehague/Documents/Stamp/StampApi.Tests/Controllers/CollectionsControllerTests.cs:line 129
--- End of stack trace from previous location ---</StackTrace>
        </ErrorInfo>
      </Output>
    </UnitTestResult>
    <UnitTestResult executionId="5ec3e119-9018-4e55-a7c2-7d3cc7213e1a" testId="7452318b-7224-9670-6f14-f661e944edad" testName="StampApi.Tests.Controllers.WorkspacesControllerTests.DeleteWorkspace_DeletesWorkspace_WhenUserOwnsWorkspaceAndHasMultipleWorkspaces" computerName="MacBookPro" duration="00:00:00.1103869" startTime="2025-08-16T15:55:12.2198110+01:00" endTime="2025-08-16T15:55:12.2198110+01:00" testType="13cdc9d9-ddb5-4fa4-a97d-d965ccfc6d4b" outcome="Passed" testListId="8c84fa94-04c1-424b-9868-57a2d4851a1d" relativeResultsDirectory="5ec3e119-9018-4e55-a7c2-7d3cc7213e1a" />
    <UnitTestResult executionId="336e8bbb-5f40-4525-81b7-6aacc32125bb" testId="1efc1481-06de-83a0-180a-dfa56e7fa004" testName="StampApi.Tests.Controllers.WorkspacesControllerTests.GetWorkspace_ReturnsNotFound_WhenWorkspaceBelongsToAnotherUser" computerName="MacBookPro" duration="00:00:00.0006006" startTime="2025-08-16T15:55:12.2882090+01:00" endTime="2025-08-16T15:55:12.2882090+01:00" testType="13cdc9d9-ddb5-4fa4-a97d-d965ccfc6d4b" outcome="Passed" testListId="8c84fa94-04c1-424b-9868-57a2d4851a1d" relativeResultsDirectory="336e8bbb-5f40-4525-81b7-6aacc32125bb" />
    <UnitTestResult executionId="8dbde6fd-5b83-4d0e-81b5-998dda3a87cb" testId="4dbd0923-0182-a177-089d-8034792a7e87" testName="StampApi.Tests.EdgeCases.EdgeCaseTests.NullWorkspaceReference_HandlesOrphanedCollections" computerName="MacBookPro" duration="00:00:00.0023423" startTime="2025-08-16T15:55:12.2438320+01:00" endTime="2025-08-16T15:55:12.2438320+01:00" testType="13cdc9d9-ddb5-4fa4-a97d-d965ccfc6d4b" outcome="Failed" testListId="8c84fa94-04c1-424b-9868-57a2d4851a1d" relativeResultsDirectory="8dbde6fd-5b83-4d0e-81b5-998dda3a87cb">
      <Output>
        <ErrorInfo>
          <Message>Expected actionResult not to be &lt;null&gt;.</Message>
          <StackTrace>   at FluentAssertions.Execution.XUnit2TestFramework.Throw(String message)
   at FluentAssertions.Execution.TestFrameworkProvider.Throw(String message)
   at FluentAssertions.Execution.DefaultAssertionStrategy.HandleFailure(String message)
   at FluentAssertions.Execution.AssertionScope.FailWith(Func`1 failReasonFunc)
   at FluentAssertions.Execution.AssertionScope.FailWith(Func`1 failReasonFunc)
   at FluentAssertions.Execution.AssertionScope.FailWith(String message)
   at FluentAssertions.Primitives.ReferenceTypeAssertions`2.NotBeNull(String because, Object[] becauseArgs)
   at StampApi.Tests.EdgeCases.EdgeCaseTests.NullWorkspaceReference_HandlesOrphanedCollections() in /Users/danehague/Documents/Stamp/StampApi.Tests/EdgeCases/EdgeCaseTests.cs:line 479
--- End of stack trace from previous location ---</StackTrace>
        </ErrorInfo>
      </Output>
    </UnitTestResult>
    <UnitTestResult executionId="70230458-04da-4fae-8c4f-d5e8387e7c7d" testId="f49be9a8-9ee3-3697-da9a-31885180ca4c" testName="StampApi.Tests.EdgeCases.EdgeCaseTests.PostCollection_HandlesNegativeWorkspaceId" computerName="MacBookPro" duration="00:00:00.0013464" startTime="2025-08-16T15:55:12.2381850+01:00" endTime="2025-08-16T15:55:12.2381850+01:00" testType="13cdc9d9-ddb5-4fa4-a97d-d965ccfc6d4b" outcome="Passed" testListId="8c84fa94-04c1-424b-9868-57a2d4851a1d" relativeResultsDirectory="70230458-04da-4fae-8c4f-d5e8387e7c7d" />
    <UnitTestResult executionId="fea2292b-447d-448a-bd45-c62720151ffd" testId="33caae27-9280-2c28-2147-347f95774bb0" testName="StampApi.Tests.Controllers.WorkspacesControllerTests.DeleteWorkspace_MovesCollectionsToTargetWorkspace_WhenDeletingWorkspaceWithCollections" computerName="MacBookPro" duration="00:00:00.0281974" startTime="2025-08-16T15:55:12.2494420+01:00" endTime="2025-08-16T15:55:12.2494420+01:00" testType="13cdc9d9-ddb5-4fa4-a97d-d965ccfc6d4b" outcome="Passed" testListId="8c84fa94-04c1-424b-9868-57a2d4851a1d" relativeResultsDirectory="fea2292b-447d-448a-bd45-c62720151ffd" />
    <UnitTestResult executionId="76d56cd0-4397-4c8c-949f-37f11862b5e7" testId="8703729a-86a3-294a-ea96-147f811bfa82" testName="StampApi.Tests.Database.DatabaseRelationshipTests.InvitedByUserDeletion_RestrictBehavior" computerName="MacBookPro" duration="00:00:00.0007419" startTime="2025-08-16T15:55:11.7974360+01:00" endTime="2025-08-16T15:55:11.7974360+01:00" testType="13cdc9d9-ddb5-4fa4-a97d-d965ccfc6d4b" outcome="Failed" testListId="8c84fa94-04c1-424b-9868-57a2d4851a1d" relativeResultsDirectory="76d56cd0-4397-4c8c-949f-37f11862b5e7">
      <Output>
        <ErrorInfo>
          <Message>System.NullReferenceException : Object reference not set to an instance of an object.</Message>
          <StackTrace>   at StampApi.Tests.TestHelpers.TestDbContextFactory.CreateTestUserAsync(StampDbContext context, String email) in /Users/danehague/Documents/Stamp/StampApi.Tests/TestHelpers/TestDbContextFactory.cs:line 44
   at StampApi.Tests.TestHelpers.ControllerTestBase.CreateAdditionalUserAsync(String email) in /Users/danehague/Documents/Stamp/StampApi.Tests/TestHelpers/ControllerTestBase.cs:line 44
   at StampApi.Tests.Database.DatabaseRelationshipTests.InvitedByUserDeletion_RestrictBehavior() in /Users/danehague/Documents/Stamp/StampApi.Tests/Database/DatabaseRelationshipTests.cs:line 199
--- End of stack trace from previous location ---</StackTrace>
        </ErrorInfo>
      </Output>
    </UnitTestResult>
    <UnitTestResult executionId="920b2763-4236-4582-94fd-b1ea97f239be" testId="dfe25525-c84d-82b9-5376-13eac37995f9" testName="StampApi.Tests.EdgeCases.EdgeCaseTests.GetWorkspaces_HandlesEmptyDatabase" computerName="MacBookPro" duration="00:00:00.0005932" startTime="2025-08-16T15:55:12.2999660+01:00" endTime="2025-08-16T15:55:12.2999660+01:00" testType="13cdc9d9-ddb5-4fa4-a97d-d965ccfc6d4b" outcome="Passed" testListId="8c84fa94-04c1-424b-9868-57a2d4851a1d" relativeResultsDirectory="920b2763-4236-4582-94fd-b1ea97f239be" />
    <UnitTestResult executionId="e9f0ba7b-ef27-4cbe-b504-d1254c95c2d1" testId="f86c24b8-bddc-6258-8b2d-57325e762448" testName="StampApi.Tests.EdgeCases.EdgeCaseTests.GetUserId_HandlesMissingClaim" computerName="MacBookPro" duration="00:00:00.0003207" startTime="2025-08-16T15:55:12.3092960+01:00" endTime="2025-08-16T15:55:12.3092960+01:00" testType="13cdc9d9-ddb5-4fa4-a97d-d965ccfc6d4b" outcome="Passed" testListId="8c84fa94-04c1-424b-9868-57a2d4851a1d" relativeResultsDirectory="e9f0ba7b-ef27-4cbe-b504-d1254c95c2d1" />
    <UnitTestResult executionId="f9e2fc9a-2079-4aec-8e6e-61906a4a889d" testId="9df022d1-de0d-1390-2180-fe4c823a7bc2" testName="StampApi.Tests.Integration.WorkspaceCollectionIntegrationTests.WorkspaceIsolation_EnsuresUserCannotAccessOtherWorkspaces" computerName="MacBookPro" duration="00:00:00.0016832" startTime="2025-08-16T15:55:12.2886340+01:00" endTime="2025-08-16T15:55:12.2886340+01:00" testType="13cdc9d9-ddb5-4fa4-a97d-d965ccfc6d4b" outcome="Failed" testListId="8c84fa94-04c1-424b-9868-57a2d4851a1d" relativeResultsDirectory="f9e2fc9a-2079-4aec-8e6e-61906a4a889d">
      <Output>
        <ErrorInfo>
          <Message>System.NullReferenceException : Object reference not set to an instance of an object.</Message>
          <StackTrace>   at StampApi.Tests.Integration.WorkspaceCollectionIntegrationTests.WorkspaceIsolation_EnsuresUserCannotAccessOtherWorkspaces() in /Users/danehague/Documents/Stamp/StampApi.Tests/Integration/WorkspaceCollectionIntegrationTests.cs:line 217
--- End of stack trace from previous location ---</StackTrace>
        </ErrorInfo>
      </Output>
    </UnitTestResult>
    <UnitTestResult executionId="cc0b0571-c594-4cc9-9f8b-c36a22e6058a" testId="6a0e0125-c962-a58c-c65c-3cef0ab5c40a" testName="StampApi.Tests.Controllers.CollectionsControllerTests.GetCollections_ReturnsAllUserCollections_WhenNoWorkspaceIdProvided" computerName="MacBookPro" duration="00:00:00.0091222" startTime="2025-08-16T15:55:12.2858270+01:00" endTime="2025-08-16T15:55:12.2858270+01:00" testType="13cdc9d9-ddb5-4fa4-a97d-d965ccfc6d4b" outcome="Failed" testListId="8c84fa94-04c1-424b-9868-57a2d4851a1d" relativeResultsDirectory="cc0b0571-c594-4cc9-9f8b-c36a22e6058a">
      <Output>
        <ErrorInfo>
          <Message>Expected actionResult not to be &lt;null&gt;.</Message>
          <StackTrace>   at FluentAssertions.Execution.XUnit2TestFramework.Throw(String message)
   at FluentAssertions.Execution.TestFrameworkProvider.Throw(String message)
   at FluentAssertions.Execution.DefaultAssertionStrategy.HandleFailure(String message)
   at FluentAssertions.Execution.AssertionScope.FailWith(Func`1 failReasonFunc)
   at FluentAssertions.Execution.AssertionScope.FailWith(Func`1 failReasonFunc)
   at FluentAssertions.Execution.AssertionScope.FailWith(String message)
   at FluentAssertions.Primitives.ReferenceTypeAssertions`2.NotBeNull(String because, Object[] becauseArgs)
   at StampApi.Tests.Controllers.CollectionsControllerTests.GetCollections_ReturnsAllUserCollections_WhenNoWorkspaceIdProvided() in /Users/danehague/Documents/Stamp/StampApi.Tests/Controllers/CollectionsControllerTests.cs:line 46
--- End of stack trace from previous location ---</StackTrace>
        </ErrorInfo>
      </Output>
    </UnitTestResult>
    <UnitTestResult executionId="2748955d-eb58-4dc8-bcf6-36ca4f445e57" testId="180fd4f9-1dc3-0ab4-afe3-d5f6f90d74e7" testName="StampApi.Tests.Controllers.CollectionsControllerTests.GetCollection_ReturnsNotFound_WhenCollectionDoesNotExist" computerName="MacBookPro" duration="00:00:00.0004927" startTime="2025-08-16T15:55:12.3249920+01:00" endTime="2025-08-16T15:55:12.3249920+01:00" testType="13cdc9d9-ddb5-4fa4-a97d-d965ccfc6d4b" outcome="Passed" testListId="8c84fa94-04c1-424b-9868-57a2d4851a1d" relativeResultsDirectory="2748955d-eb58-4dc8-bcf6-36ca4f445e57" />
    <UnitTestResult executionId="b66928e7-e2d8-4e98-affe-8c9f73e4937e" testId="c5dc014d-4f7a-22cf-918c-ed1ab479ef4c" testName="StampApi.Tests.Database.DatabaseRelationshipTests.DatabaseIndexes_PerformEfficiently" computerName="MacBookPro" duration="00:00:00.0009970" startTime="2025-08-16T15:55:11.7984060+01:00" endTime="2025-08-16T15:55:11.7984060+01:00" testType="13cdc9d9-ddb5-4fa4-a97d-d965ccfc6d4b" outcome="Failed" testListId="8c84fa94-04c1-424b-9868-57a2d4851a1d" relativeResultsDirectory="b66928e7-e2d8-4e98-affe-8c9f73e4937e">
      <Output>
        <ErrorInfo>
          <Message>System.NullReferenceException : Object reference not set to an instance of an object.</Message>
          <StackTrace>   at StampApi.Tests.TestHelpers.TestDbContextFactory.CreateTestWorkspaceAsync(StampDbContext context, ApplicationUser user, String name) in /Users/danehague/Documents/Stamp/StampApi.Tests/TestHelpers/TestDbContextFactory.cs:line 51
   at StampApi.Tests.TestHelpers.ControllerTestBase.CreateTestWorkspaceAsync(ApplicationUser user, String name) in /Users/danehague/Documents/Stamp/StampApi.Tests/TestHelpers/ControllerTestBase.cs:line 50
   at StampApi.Tests.Database.DatabaseRelationshipTests.DatabaseIndexes_PerformEfficiently() in /Users/danehague/Documents/Stamp/StampApi.Tests/Database/DatabaseRelationshipTests.cs:line 397
--- End of stack trace from previous location ---</StackTrace>
        </ErrorInfo>
      </Output>
    </UnitTestResult>
    <UnitTestResult executionId="cd4c0698-acb3-4145-b89a-bcb81b8164ee" testId="a819f786-a6f3-f03e-58e4-82a3a6ceaeec" testName="StampApi.Tests.Security.AuthorizationTests.UserIdSpoofing_CannotAccessOtherUserData" computerName="MacBookPro" duration="00:00:00.0075720" startTime="2025-08-16T15:55:12.2620410+01:00" endTime="2025-08-16T15:55:12.2620410+01:00" testType="13cdc9d9-ddb5-4fa4-a97d-d965ccfc6d4b" outcome="Failed" testListId="8c84fa94-04c1-424b-9868-57a2d4851a1d" relativeResultsDirectory="cd4c0698-acb3-4145-b89a-bcb81b8164ee">
      <Output>
        <ErrorInfo>
          <Message>Expected userAAccess.Result to be Microsoft.AspNetCore.Mvc.OkObjectResult, but found &lt;null&gt;.</Message>
          <StackTrace>   at FluentAssertions.Execution.XUnit2TestFramework.Throw(String message)
   at FluentAssertions.Execution.TestFrameworkProvider.Throw(String message)
   at FluentAssertions.Execution.DefaultAssertionStrategy.HandleFailure(String message)
   at FluentAssertions.Execution.AssertionScope.FailWith(Func`1 failReasonFunc)
   at FluentAssertions.Execution.AssertionScope.FailWith(Func`1 failReasonFunc)
   at FluentAssertions.Execution.AssertionScope.FailWith(String message, Object[] args)
   at FluentAssertions.Primitives.ReferenceTypeAssertions`2.BeOfType(Type expectedType, String because, Object[] becauseArgs)
   at FluentAssertions.Primitives.ReferenceTypeAssertions`2.BeOfType[T](String because, Object[] becauseArgs)
   at StampApi.Tests.Security.AuthorizationTests.UserIdSpoofing_CannotAccessOtherUserData() in /Users/danehague/Documents/Stamp/StampApi.Tests/Security/AuthorizationTests.cs:line 282
--- End of stack trace from previous location ---</StackTrace>
        </ErrorInfo>
      </Output>
    </UnitTestResult>
    <UnitTestResult executionId="3eadbae5-c138-4891-8bd6-f9fcc23c18ec" testId="e6fcb13e-9cbf-ed60-d45b-ecbae063735e" testName="StampApi.Tests.Database.DatabaseRelationshipTests.WorkspaceCollectionRelationship_SetNullBehavior" computerName="MacBookPro" duration="00:00:00.0008185" startTime="2025-08-16T15:55:11.7986660+01:00" endTime="2025-08-16T15:55:11.7986660+01:00" testType="13cdc9d9-ddb5-4fa4-a97d-d965ccfc6d4b" outcome="Failed" testListId="8c84fa94-04c1-424b-9868-57a2d4851a1d" relativeResultsDirectory="3eadbae5-c138-4891-8bd6-f9fcc23c18ec">
      <Output>
        <ErrorInfo>
          <Message>System.NullReferenceException : Object reference not set to an instance of an object.</Message>
          <StackTrace>   at StampApi.Tests.TestHelpers.TestDbContextFactory.CreateTestWorkspaceAsync(StampDbContext context, ApplicationUser user, String name) in /Users/danehague/Documents/Stamp/StampApi.Tests/TestHelpers/TestDbContextFactory.cs:line 51
   at StampApi.Tests.TestHelpers.ControllerTestBase.CreateTestWorkspaceAsync(ApplicationUser user, String name) in /Users/danehague/Documents/Stamp/StampApi.Tests/TestHelpers/ControllerTestBase.cs:line 50
   at StampApi.Tests.Database.DatabaseRelationshipTests.WorkspaceCollectionRelationship_SetNullBehavior() in /Users/danehague/Documents/Stamp/StampApi.Tests/Database/DatabaseRelationshipTests.cs:line 40
--- End of stack trace from previous location ---</StackTrace>
        </ErrorInfo>
      </Output>
    </UnitTestResult>
    <UnitTestResult executionId="51adbea8-6024-4599-aed0-d035cc2ee0b4" testId="ce21df66-8ad2-887e-69e1-b8f3d677a0ec" testName="StampApi.Tests.Controllers.CollectionsControllerTests.CollectionExists_ReturnsTrue_WhenCollectionExistsAndUserOwns" computerName="MacBookPro" duration="00:00:00.0046130" startTime="2025-08-16T15:55:12.2258610+01:00" endTime="2025-08-16T15:55:12.2258610+01:00" testType="13cdc9d9-ddb5-4fa4-a97d-d965ccfc6d4b" outcome="Passed" testListId="8c84fa94-04c1-424b-9868-57a2d4851a1d" relativeResultsDirectory="51adbea8-6024-4599-aed0-d035cc2ee0b4" />
    <UnitTestResult executionId="6cd005e7-b867-4698-9218-9e2ca829338d" testId="6bad846e-b2b4-93a7-5c97-ac17ffb16f5c" testName="StampApi.Tests.Controllers.WorkspacesControllerTests.DeleteWorkspace_ReturnsBadRequest_WhenUserHasOnlyOneWorkspace" computerName="MacBookPro" duration="00:00:00.0005775" startTime="2025-08-16T15:55:12.2834480+01:00" endTime="2025-08-16T15:55:12.2834480+01:00" testType="13cdc9d9-ddb5-4fa4-a97d-d965ccfc6d4b" outcome="Passed" testListId="8c84fa94-04c1-424b-9868-57a2d4851a1d" relativeResultsDirectory="6cd005e7-b867-4698-9218-9e2ca829338d" />
    <UnitTestResult executionId="a2457877-a82d-46d7-b783-e5935317a073" testId="0492c368-09d7-cb5d-a3be-23fba582a599" testName="StampApi.Tests.Controllers.CollectionsControllerTests.PutCollection_ReturnsForbid_WhenUserIsRegularMember" computerName="MacBookPro" duration="00:00:00.0012830" startTime="2025-08-16T15:55:12.3125310+01:00" endTime="2025-08-16T15:55:12.3125320+01:00" testType="13cdc9d9-ddb5-4fa4-a97d-d965ccfc6d4b" outcome="Passed" testListId="8c84fa94-04c1-424b-9868-57a2d4851a1d" relativeResultsDirectory="a2457877-a82d-46d7-b783-e5935317a073" />
    <UnitTestResult executionId="ca72dbb6-be39-44ff-a6d8-cc58f626dd4d" testId="c55f4b0e-9179-cbe5-ad9c-d24dbc7ef3d7" testName="StampApi.Tests.Controllers.WorkspacesControllerTests.GetWorkspace_ReturnsNotFound_WhenWorkspaceDoesNotExist" computerName="MacBookPro" duration="00:00:00.0003052" startTime="2025-08-16T15:55:12.2885050+01:00" endTime="2025-08-16T15:55:12.2885050+01:00" testType="13cdc9d9-ddb5-4fa4-a97d-d965ccfc6d4b" outcome="Passed" testListId="8c84fa94-04c1-424b-9868-57a2d4851a1d" relativeResultsDirectory="ca72dbb6-be39-44ff-a6d8-cc58f626dd4d" />
    <UnitTestResult executionId="192a768e-87fc-4c8f-ab82-de264945e1a0" testId="a1f500cb-4289-cdc3-736b-1694693bc541" testName="StampApi.Tests.EdgeCases.EdgeCaseTests.DeleteCollection_HandlesNonExistentId" computerName="MacBookPro" duration="00:00:00.0010858" startTime="2025-08-16T15:55:12.2223240+01:00" endTime="2025-08-16T15:55:12.2223240+01:00" testType="13cdc9d9-ddb5-4fa4-a97d-d965ccfc6d4b" outcome="Passed" testListId="8c84fa94-04c1-424b-9868-57a2d4851a1d" relativeResultsDirectory="192a768e-87fc-4c8f-ab82-de264945e1a0" />
    <UnitTestResult executionId="b8815694-27e2-4a63-acb6-fee84b1f0792" testId="e8c1fabb-a4d9-ffe3-dec6-313b97405ab3" testName="StampApi.Tests.EdgeCases.EdgeCaseTests.GetWorkspace_HandlesZeroId" computerName="MacBookPro" duration="00:00:00.0002933" startTime="2025-08-16T15:55:12.3051800+01:00" endTime="2025-08-16T15:55:12.3051800+01:00" testType="13cdc9d9-ddb5-4fa4-a97d-d965ccfc6d4b" outcome="Passed" testListId="8c84fa94-04c1-424b-9868-57a2d4851a1d" relativeResultsDirectory="b8815694-27e2-4a63-acb6-fee84b1f0792" />
    <UnitTestResult executionId="04f121ef-0c46-40c3-b381-2cc2992007e4" testId="7b6e3d10-9530-34f9-b0e4-5817420a0711" testName="StampApi.Tests.EdgeCases.EdgeCaseTests.DatabaseConstraintViolation_HandlesUniqueConstraints" computerName="MacBookPro" duration="00:00:00.0110201" startTime="2025-08-16T15:55:12.2545170+01:00" endTime="2025-08-16T15:55:12.2545170+01:00" testType="13cdc9d9-ddb5-4fa4-a97d-d965ccfc6d4b" outcome="Failed" testListId="8c84fa94-04c1-424b-9868-57a2d4851a1d" relativeResultsDirectory="04f121ef-0c46-40c3-b381-2cc2992007e4">
      <Output>
        <ErrorInfo>
          <Message>Expected a &lt;System.Exception&gt; to be thrown, but no exception was thrown.</Message>
          <StackTrace>   at FluentAssertions.Execution.XUnit2TestFramework.Throw(String message)
   at FluentAssertions.Execution.TestFrameworkProvider.Throw(String message)
   at FluentAssertions.Execution.DefaultAssertionStrategy.HandleFailure(String message)
   at FluentAssertions.Execution.AssertionScope.FailWith(Func`1 failReasonFunc)
   at FluentAssertions.Execution.AssertionScope.FailWith(Func`1 failReasonFunc)
   at FluentAssertions.Execution.AssertionScope.FailWith(String message)
   at FluentAssertions.Specialized.DelegateAssertionsBase`2.ThrowInternal[TException](Exception exception, String because, Object[] becauseArgs)
   at FluentAssertions.Specialized.AsyncFunctionAssertions`2.ThrowAsync[TException](String because, Object[] becauseArgs)
[...]
[xUnit.net 00:00:00.61]         --- End of stack trace from previous location ---
API: Returning 10 workspaces for user 2791
API: Returning 50 collections for user 2791
API: Collection 'Collection 0-0' has 0 requests
API: Collection 'Collection 0-1' has 0 requests
API: Collection 'Collection 0-2' has 0 requests
API: Collection 'Collection 0-3' has 0 requests
API: Collection 'Collection 0-4' has 0 requests
API: Collection 'Collection 1-0' has 0 requests
API: Collection 'Collection 1-1' has 0 requests
API: Collection 'Collection 1-2' has 0 requests
API: Collection 'Collection 1-3' has 0 requests
API: Collection 'Collection 1-4' has 0 requests
API: Collection 'Collection 2-0' has 0 requests
API: Collection 'Collection 2-1' has 0 requests
API: Collection 'Collection 2-2' has 0 requests
API: Collection 'Collection 2-3' has 0 requests
API: Collection 'Collection 2-4' has 0 requests
API: Collection 'Collection 3-0' has 0 requests
API: Collection 'Collection 3-1' has 0 requests
API: Collection 'Collection 3-2' has 0 requests
API: Collection 'Collection 3-3' has 0 requests
API: Collection 'Collection 3-4' has 0 requests
API: Collection 'Collection 4-0' has 0 requests
API: Collection 'Collection 4-1' has 0 requests
API: Collection 'Collection 4-2' has 0 requests
API: Collection 'Collection 4-3' has 0 requests
API: Collection 'Collection 4-4' has 0 requests
API: Collection 'Collection 5-0' has 0 requests
API: Collection 'Collection 5-1' has 0 requests
API: Collection 'Collection 5-2' has 0 requests
API: Collection 'Collection 5-3' has 0 requests
API: Collection 'Collection 5-4' has 0 requests
API: Collection 'Collection 6-0' has 0 requests
API: Collection 'Collection 6-1' has 0 requests
API: Collection 'Collection 6-2' has 0 requests
API: Collection 'Collection 6-3' has 0 requests
API: Collection 'Collection 6-4' has 0 requests
API: Collection 'Collection 7-0' has 0 requests
API: Collection 'Collection 7-1' has 0 requests
API: Collection 'Collection 7-2' has 0 requests
API: Collection 'Collection 7-3' has 0 requests
API: Collection 'Collection 7-4' has 0 requests
API: Collection 'Collection 8-0' has 0 requests
API: Collection 'Collection 8-1' has 0 requests
API: Collection 'Collection 8-2' has 0 requests
API: Collection 'Collection 8-3' has 0 requests
API: Collection 'Collection 8-4' has 0 requests
API: Collection 'Collection 9-0' has 0 requests
API: Collection 'Collection 9-1' has 0 requests
API: Collection 'Collection 9-2' has 0 requests
API: Collection 'Collection 9-3' has 0 requests
API: Collection 'Collection 9-4' has 0 requests
[xUnit.net 00:00:00.62]       System.NullReferenceException : Object reference not set to an instance of an object.
[xUnit.net 00:00:00.62]       Stack Trace:
[xUnit.net 00:00:00.62]         /Users/danehague/Documents/Stamp/StampApi.Tests/EdgeCases/EdgeCaseTests.cs(332,0): at StampApi.Tests.EdgeCases.EdgeCaseTests.LargeDataSet_HandlesMultipleWorkspacesAndCollections()
[xUnit.net 00:00:00.62]         --- End of stack trace from previous location ---
API: Creating workspace '' for user 583
API: Returning 0 workspaces for user 1936
API: Creating workspace 'AAAAAAAAAAAAAAAAAAAAAAAAAAAAAAAAAAAAAAAAAAAAAAAAAAAAAAAAAAAAAAAAAAAAAAAAAAAAAAAAAAAAAAAAAAAAAAAAAAAAAAAAAAAAAAAAAAAAAAAAAAAAAAAAAAAAAAAAAAAAAAAAAAAAAAAAAAAAAAAAAAAAAAAAAAAAAAAAAAAAAAAAAAAAAAAAAAAAAAAAAAAAAAAAAAAAAAAAAAAAAAAAAAAAAAAAAAAAAAAAAAAAAAAAAAAAAAA' for user 5996
API: Workspace created with ID 1
API: Creating workspace 'Test Workspace!@#$%^&amp;*()_+-={}[]|\:;"'&lt;&gt;,.?/' for user 9539
API: Workspace created with ID 1
API: Returning 0 collections for user 4074
[xUnit.net 00:00:00.63]       Expected actionResult not to be &lt;null&gt;.
[xUnit.net 00:00:00.63]       Stack Trace:
[xUnit.net 00:00:00.63]            at FluentAssertions.Execution.XUnit2TestFramework.Throw(String message)
[xUnit.net 00:00:00.63]            at FluentAssertions.Execution.TestFrameworkProvider.Throw(String message)
[xUnit.net 00:00:00.63]            at FluentAssertions.Execution.DefaultAssertionStrategy.HandleFailure(String message)
[xUnit.net 00:00:00.63]            at FluentAssertions.Execution.AssertionScope.FailWith(Func`1 failReasonFunc)
[xUnit.net 00:00:00.63]            at FluentAssertions.Execution.AssertionScope.FailWith(Func`1 failReasonFunc)
[xUnit.net 00:00:00.63]            at FluentAssertions.Execution.AssertionScope.FailWith(String message)
[xUnit.net 00:00:00.63]            at FluentAssertions.Primitives.ReferenceTypeAssertions`2.NotBeNull(String because, Object[] becauseArgs)
[xUnit.net 00:00:00.63]         /Users/danehague/Documents/Stamp/StampApi.Tests/EdgeCases/EdgeCaseTests.cs(52,0): at StampApi.Tests.EdgeCases.EdgeCaseTests.GetCollections_HandlesEmptyDatabase()
[xUnit.net 00:00:00.63]         --- End of stack trace from previous location ---
API: Returning 1 collections for user 7262 in workspace 1
API: Collection 'Collection 1' has 0 requests
API: Returning 2 collections for user 4164 in workspace 1
API: Collection 'Dev API' has 0 requests
API: Collection 'Dev Utils' has 0 requests
[xUnit.net 00:00:00.63]       System.NullReferenceException : Object reference not set to an instance of an object.
[xUnit.net 00:00:00.63]       Stack Trace:
[xUnit.net 00:00:00.63]         /Users/danehague/Documents/Stamp/StampApi.Tests/Integration/WorkspaceCollectionIntegrationTests.cs(350,0): at StampApi.Tests.Integration.WorkspaceCollectionIntegrationTests.WorkspaceCollectionFiltering_WorksCorrectlyWithMultipleWorkspaces()
[xUnit.net 00:00:00.63]         --- End of stack trace from previous location ---
[xUnit.net 00:00:00.63]       Expected actionResult not to be &lt;null&gt;.
[xUnit.net 00:00:00.63]       Stack Trace:
[xUnit.net 00:00:00.63]            at FluentAssertions.Execution.XUnit2TestFramework.Throw(String message)
[xUnit.net 00:00:00.63]            at FluentAssertions.Execution.TestFrameworkProvider.Throw(String message)
[xUnit.net 00:00:00.63]            at FluentAssertions.Execution.DefaultAssertionStrategy.HandleFailure(String message)
[xUnit.net 00:00:00.63]            at FluentAssertions.Execution.AssertionScope.FailWith(Func`1 failReasonFunc)
[xUnit.net 00:00:00.63]            at FluentAssertions.Execution.AssertionScope.FailWith(Func`1 failReasonFunc)
[xUnit.net 00:00:00.63]            at FluentAssertions.Execution.AssertionScope.FailWith(String message)
[xUnit.net 00:00:00.63]            at FluentAssertions.Primitives.ReferenceTypeAssertions`2.NotBeNull(String because, Object[] becauseArgs)
[xUnit.net 00:00:00.63]         /Users/danehague/Documents/Stamp/StampApi.Tests/Controllers/CollectionsControllerTests.cs(77,0): at StampApi.Tests.Controllers.CollectionsControllerTests.GetCollections_ReturnsFilteredCollections_WhenWorkspaceIdProvided()
[xUnit.net 00:00:00.63]         --- End of stack trace from previous location ---
[xUnit.net 00:00:00.64]       Expected actionResult not to be &lt;null&gt;.
[xUnit.net 00:00:00.64]       Stack Trace:
[xUnit.net 00:00:00.64]            at FluentAssertions.Execution.XUnit2TestFramework.Throw(String message)
[xUnit.net 00:00:00.64]            at FluentAssertions.Execution.TestFrameworkProvider.Throw(String message)
[xUnit.net 00:00:00.64]            at FluentAssertions.Execution.DefaultAssertionStrategy.HandleFailure(String message)
[xUnit.net 00:00:00.64]            at FluentAssertions.Execution.AssertionScope.FailWith(Func`1 failReasonFunc)
[xUnit.net 00:00:00.64]            at FluentAssertions.Execution.AssertionScope.FailWith(Func`1 failReasonFunc)
[xUnit.net 00:00:00.64]            at FluentAssertions.Execution.AssertionScope.FailWith(String message)
[xUnit.net 00:00:00.64]            at FluentAssertions.Primitives.ReferenceTypeAssertions`2.NotBeNull(String because, Object[] becauseArgs)
[xUnit.net 00:00:00.64]         /Users/danehague/Documents/Stamp/StampApi.Tests/Controllers/CollectionsControllerTests.cs(149,0): at StampApi.Tests.Controllers.CollectionsControllerTests.GetCollection_ReturnsCollection_WhenCollectionExistsAndUserHasAccess()
[xUnit.net 00:00:00.64]         --- End of stack trace from previous location ---
[xUnit.net 00:00:00.65]   Finished:    StampApi.Tests
</StdOut>
    </Output>
    <RunInfos>
      <RunInfo computerName="MacBookPro" outcome="Error" timestamp="2025-08-16T15:55:11.7783580+01:00">
        <Text>[xUnit.net 00:00:00.10]     StampApi.Tests.Database.DatabaseRelationshipTests.CollectionMemberRelationship_CascadeDeleteBehavior [FAIL]</Text>
      </RunInfo>
      <RunInfo computerName="MacBookPro" outcome="Error" timestamp="2025-08-16T15:55:11.7816680+01:00">
        <Text>[xUnit.net 00:00:00.10]     StampApi.Tests.Database.DatabaseRelationshipTests.NavigationProperties_LoadCorrectly [FAIL]</Text>
      </RunInfo>
      <RunInfo computerName="MacBookPro" outcome="Error" timestamp="2025-08-16T15:55:11.7821920+01:00">
        <Text>[xUnit.net 00:00:00.10]     StampApi.Tests.Database.DatabaseRelationshipTests.AcceptedByUserDeletion_SetNullBehavior [FAIL]</Text>
      </RunInfo>
      <RunInfo computerName="MacBookPro" outcome="Error" timestamp="2025-08-16T15:55:11.7832240+01:00">
        <Text>[xUnit.net 00:00:00.10]     StampApi.Tests.Database.DatabaseRelationshipTests.UniqueConstraints_CollectionMemberUniqueness [FAIL]</Text>
      </RunInfo>
      <RunInfo computerName="MacBookPro" outcome="Error" timestamp="2025-08-16T15:55:11.8197840+01:00">
        <Text>[xUnit.net 00:00:00.12]     StampApi.Tests.Database.DatabaseRelationshipTests.InvitedByUserDeletion_RestrictBehavior [FAIL]</Text>
      </RunInfo>
      <RunInfo computerName="MacBookPro" outcome="Error" timestamp="2025-08-16T15:55:11.8197990+01:00">
        <Text>[xUnit.net 00:00:00.12]     StampApi.Tests.Database.DatabaseRelationshipTests.CollectionApiRequestRelationship_CascadeDeleteBehavior [FAIL]</Text>
      </RunInfo>
      <RunInfo computerName="MacBookPro" outcome="Error" timestamp="2025-08-16T15:55:11.8198120+01:00">
        <Text>[xUnit.net 00:00:00.12]     StampApi.Tests.Database.DatabaseRelationshipTests.UniqueConstraints_InviteTokenUniqueness [FAIL]</Text>
      </RunInfo>
      <RunInfo computerName="MacBookPro" outcome="Error" timestamp="2025-08-16T15:55:11.8198230+01:00">
        <Text>[xUnit.net 00:00:00.12]     StampApi.Tests.Database.DatabaseRelationshipTests.CollectionInviteRelationship_CascadeDeleteBehavior [FAIL]</Text>
      </RunInfo>
      <RunInfo computerName="MacBookPro" outcome="Error" timestamp="2025-08-16T15:55:11.8198310+01:00">
        <Text>[xUnit.net 00:00:00.12]     StampApi.Tests.Database.DatabaseRelationshipTests.UserDeletion_CascadeDeletesMemberships [FAIL]</Text>
      </RunInfo>
      <RunInfo computerName="MacBookPro" outcome="Error" timestamp="2025-08-16T15:55:11.8198400+01:00">
        <Text>[xUnit.net 00:00:00.12]     StampApi.Tests.Database.DatabaseRelationshipTests.SoftDelete_NotImplemented_HardDeleteBehavior [FAIL]</Text>
      </RunInfo>
      <RunInfo computerName="MacBookPro" outcome="Error" timestamp="2025-08-16T15:55:11.8198520+01:00">
        <Text>[xUnit.net 00:00:00.12]     StampApi.Tests.Database.DatabaseRelationshipTests.DatabaseIndexes_PerformEfficiently [FAIL]</Text>
      </RunInfo>
      <RunInfo computerName="MacBookPro" outcome="Error" timestamp="2025-08-16T15:55:11.8198620+01:00">
        <Text>[xUnit.net 00:00:00.12]     StampApi.Tests.Database.DatabaseRelationshipTests.UserWorkspaceRelationship_CascadeDeleteBehavior [FAIL]</Text>
      </RunInfo>
      <RunInfo computerName="MacBookPro" outcome="Error" timestamp="2025-08-16T15:55:11.8198720+01:00">
        <Text>[xUnit.net 00:00:00.12]     StampApi.Tests.Database.DatabaseRelationshipTests.WorkspaceCollectionRelationship_SetNullBehavior [FAIL]</Text>
      </RunInfo>
      <RunInfo computerName="MacBookPro" outcome="Error" timestamp="2025-08-16T15:55:12.2093160+01:00">
        <Text>[xUnit.net 00:00:00.53]     StampApi.Tests.Security.AuthorizationTests.CollectionMembership_RequiresWorkspaceAccess [FAIL]</Text>
      </RunInfo>
      <RunInfo computerName="MacBookPro" outcome="Error" timestamp="2025-08-16T15:55:12.2434210+01:00">
        <Text>[xUnit.net 00:00:00.56]     StampApi.Tests.Controllers.CollectionsControllerTests.PutCollection_UpdatesCollection_WhenUserIsAdmin [FAIL]</Text>
      </RunInfo>
      <RunInfo computerName="MacBookPro" outcome="Error" timestamp="2025-08-16T15:55:12.2437990+01:00">
        <Text>[xUnit.net 00:00:00.56]     StampApi.Tests.Security.AuthorizationTests.CollectionRoles_EnforcePermissions [FAIL]</Text>
      </RunInfo>
      <RunInfo computerName="MacBookPro" outcome="Error" timestamp="2025-08-16T15:55:12.2458810+01:00">
        <Text>[xUnit.net 00:00:00.56]     StampApi.Tests.Integration.WorkspaceCollectionIntegrationTests.MultiUserWorkflow_SharedCollectionManagement [FAIL]</Text>
      </RunInfo>
      <RunInfo computerName="MacBookPro" outcome="Error" timestamp="2025-08-16T15:55:12.2458980+01:00">
        <Text>[xUnit.net 00:00:00.56]     StampApi.Tests.EdgeCases.EdgeCaseTests.NullWorkspaceReference_HandlesOrphanedCollections [FAIL]</Text>
      </RunInfo>
      <RunInfo computerName="MacBookPro" outcome="Error" timestamp="2025-08-16T15:55:12.2459160+01:00">
        <Text>[xUnit.net 00:00:00.56]     StampApi.Tests.Integration.WorkspaceCollectionIntegrationTests.CollectionMembership_WorksAcrossWorkspaceOperations [FAIL]</Text>
      </RunInfo>
      <RunInfo computerName="MacBookPro" outcome="Error" timestamp="2025-08-16T15:55:12.2461730+01:00">
        <Text>[xUnit.net 00:00:00.57]     StampApi.Tests.Controllers.CollectionsControllerTests.GetCollections_ExcludesCollectionsFromOtherUserWorkspaces_EvenIfUserIsMember [FAIL]</Text>
      </RunInfo>
      <RunInfo computerName="MacBookPro" outcome="Error" timestamp="2025-08-16T15:55:12.2518800+01:00">
        <Text>[xUnit.net 00:00:00.57]     StampApi.Tests.Controllers.WorkspacesControllerTests.PostWorkspace_ReturnsUnauthorized_WhenUserIsNotAuthenticated [FAIL]</Text>
      </RunInfo>
      <RunInfo computerName="MacBookPro" outcome="Error" timestamp="2025-08-16T15:55:12.2540330+01:00">
        <Text>[xUnit.net 00:00:00.57]     StampApi.Tests.Security.AuthorizationTests.TokenValidation_WorksWithDifferentClaimFormats [FAIL]</Text>
      </RunInfo>
      <RunInfo computerName="MacBookPro" outcome="Error" timestamp="2025-08-16T15:55:12.2551170+01:00">
        <Text>[xUnit.net 00:00:00.57]     StampApi.Tests.EdgeCases.EdgeCaseTests.DatabaseConstraintViolation_HandlesUniqueConstraints [FAIL]</Text>
      </RunInfo>
      <RunInfo computerName="MacBookPro" outcome="Error" timestamp="2025-08-16T15:55:12.2642580+01:00">
        <Text>[xUnit.net 00:00:00.58]     StampApi.Tests.Controllers.WorkspacesControllerTests.GetWorkspaces_ReturnsUserWorkspaces_WhenUserIsAuthenticated [FAIL]</Text>
      </RunInfo>
      <RunInfo computerName="MacBookPro" outcome="Error" timestamp="2025-08-16T15:55:12.2644080+01:00">
        <Text>[xUnit.net 00:00:00.58]     StampApi.Tests.Security.AuthorizationTests.UserIdSpoofing_CannotAccessOtherUserData [FAIL]</Text>
      </RunInfo>
      <RunInfo computerName="MacBookPro" outcome="Error" timestamp="2025-08-16T15:55:12.2656820+01:00">
        <Text>[xUnit.net 00:00:00.58]     StampApi.Tests.Controllers.CollectionsControllerTests.GetCollections_ReturnsSharedCollections_WhenUserIsMember [FAIL]</Text>
      </RunInfo>
      <RunInfo computerName="MacBookPro" outcome="Error" timestamp="2025-08-16T15:55:12.2661020+01:00">
        <Text>[xUnit.net 00:00:00.59]     StampApi.Tests.Security.AuthorizationTests.ClaimsManipulation_DoesNotBypassSecurity [FAIL]</Text>
      </RunInfo>
      <RunInfo computerName="MacBookPro" outcome="Error" timestamp="2025-08-16T15:55:12.2697680+01:00">
        <Text>[xUnit.net 00:00:00.59]     StampApi.Tests.Security.AuthorizationTests.AllEndpoints_RequireAuthentication_ReturnUnauthorized [FAIL]</Text>
      </RunInfo>
      <RunInfo computerName="MacBookPro" outcome="Error" timestamp="2025-08-16T15:55:12.2697950+01:00">
        <Text>[xUnit.net 00:00:00.59]     StampApi.Tests.Controllers.CollectionsControllerTests.PutCollection_UpdatesCollection_WhenUserIsOwner [FAIL]</Text>
      </RunInfo>
      <RunInfo computerName="MacBookPro" outcome="Error" timestamp="2025-08-16T15:55:12.2710450+01:00">
        <Text>[xUnit.net 00:00:00.59]     StampApi.Tests.Security.AuthorizationTests.InvalidUserId_HandledSecurely [FAIL]</Text>
      </RunInfo>
      <RunInfo computerName="MacBookPro" outcome="Error" timestamp="2025-08-16T15:55:12.2714380+01:00">
        <Text>[xUnit.net 00:00:00.59]     StampApi.Tests.Controllers.WorkspacesControllerTests.GetWorkspace_ReturnsWorkspace_WhenWorkspaceExistsAndBelongsToUser [FAIL]</Text>
      </RunInfo>
      <RunInfo computerName="MacBookPro" outcome="Error" timestamp="2025-08-16T15:55:12.2835760+01:00">
        <Text>[xUnit.net 00:00:00.60]     StampApi.Tests.Security.AuthorizationTests.ConcurrentUserOperations_MaintainDataIntegrity [FAIL]</Text>
      </RunInfo>
      <RunInfo computerName="MacBookPro" outcome="Error" timestamp="2025-08-16T15:55:12.2858470+01:00">
        <Text>[xUnit.net 00:00:00.61]     StampApi.Tests.Controllers.CollectionsControllerTests.GetCollections_ReturnsAllUserCollections_WhenNoWorkspaceIdProvided [FAIL]</Text>
      </RunInfo>
      <RunInfo computerName="MacBookPro" outcome="Error" timestamp="2025-08-16T15:55:12.2866350+01:00">
        <Text>[xUnit.net 00:00:00.61]     StampApi.Tests.Integration.WorkspaceCollectionIntegrationTests.CompleteWorkflow_CreateWorkspaceAndCollections_ShouldWorkEndToEnd [FAIL]</Text>
      </RunInfo>
      <RunInfo computerName="MacBookPro" outcome="Error" timestamp="2025-08-16T15:55:12.2874200+01:00">
        <Text>[xUnit.net 00:00:00.61]     StampApi.Tests.Controllers.WorkspacesControllerTests.GetWorkspaces_ReturnsUnauthorized_WhenUserIsNotAuthenticated [FAIL]</Text>
      </RunInfo>
      <RunInfo computerName="MacBookPro" outcome="Error" timestamp="2025-08-16T15:55:12.2880020+01:00">
        <Text>[xUnit.net 00:00:00.61]     StampApi.Tests.Controllers.CollectionsControllerTests.GetCollections_ReturnsUnauthorized_WhenUserIsNotAuthenticated [FAIL]</Text>
      </RunInfo>
      <RunInfo computerName="MacBookPro" outcome="Error" timestamp="2025-08-16T15:55:12.2886720+01:00">
        <Text>[xUnit.net 00:00:00.61]     StampApi.Tests.Integration.WorkspaceCollectionIntegrationTests.WorkspaceIsolation_EnsuresUserCannotAccessOtherWorkspaces [FAIL]</Text>
      </RunInfo>
      <RunInfo computerName="MacBookPro" outcome="Error" timestamp="2025-08-16T15:55:12.2970430+01:00">
        <Text>[xUnit.net 00:00:00.62]     StampApi.Tests.EdgeCases.EdgeCaseTests.LargeDataSet_HandlesMultipleWorkspacesAndCollections [FAIL]</Text>
      </RunInfo>
      <RunInfo computerName="MacBookPro" outcome="Error" timestamp="2025-08-16T15:55:12.3083810+01:00">
        <Text>[xUnit.net 00:00:00.63]     StampApi.Tests.EdgeCases.EdgeCaseTests.GetCollections_HandlesEmptyDatabase [FAIL]</Text>
      </RunInfo>
      <RunInfo computerName="MacBookPro" outcome="Error" timestamp="2025-08-16T15:55:12.3110240+01:00">
        <Text>[xUnit.net 00:00:00.63]     StampApi.Tests.Integration.WorkspaceCollectionIntegrationTests.WorkspaceCollectionFiltering_WorksCorrectlyWithMultipleWorkspaces [FAIL]</Text>
      </RunInfo>
      <RunInfo computerName="MacBookPro" outcome="Error" timestamp="2025-08-16T15:55:12.3112310+01:00">
        <Text>[xUnit.net 00:00:00.63]     StampApi.Tests.Controllers.CollectionsControllerTests.GetCollections_ReturnsFilteredCollections_WhenWorkspaceIdProvided [FAIL]</Text>
      </RunInfo>
      <RunInfo computerName="MacBookPro" outcome="Error" timestamp="2025-08-16T15:55:12.3244760+01:00">
        <Text>[xUnit.net 00:00:00.64]     StampApi.Tests.Controllers.CollectionsControllerTests.GetCollection_ReturnsCollection_WhenCollectionExistsAndUserHasAccess [FAIL]</Text>
      </RunInfo>
    </RunInfos>
  </ResultSummary>
</TestRun>