<?xml version="1.0" encoding="utf-8"?>
<TestRun id="fb00c2cf-e861-4367-89b2-52b5e27eecd7" name="@MacBookPro 2025-08-16 15:57:12" xmlns="http://microsoft.com/schemas/VisualStudio/TeamTest/2010">
  <Times creation="2025-08-16T15:57:12.0695670+01:00" queuing="2025-08-16T15:57:12.0695670+01:00" start="2025-08-16T15:57:11.6999440+01:00" finish="2025-08-16T15:57:12.5844610+01:00" />
  <TestSettings name="default" id="a3af1810-647d-4413-8392-7039e2866de1">
    <Deployment runDeploymentRoot="_MacBookPro_2025-08-16_15_57_12" />
  </TestSettings>
  <Results>
    <UnitTestResult executionId="9f28ffd8-0abe-41e0-a2ee-b0bd2f5591a3" testId="c55f4b0e-9179-cbe5-ad9c-d24dbc7ef3d7" testName="StampApi.Tests.Controllers.WorkspacesControllerTests.GetWorkspace_ReturnsNotFound_WhenWorkspaceDoesNotExist" computerName="MacBookPro" duration="00:00:00.0002888" startTime="2025-08-16T15:57:12.5212510+01:00" endTime="2025-08-16T15:57:12.5212510+01:00" testType="13cdc9d9-ddb5-4fa4-a97d-d965ccfc6d4b" outcome="Passed" testListId="8c84fa94-04c1-424b-9868-57a2d4851a1d" relativeResultsDirectory="9f28ffd8-0abe-41e0-a2ee-b0bd2f5591a3" />
    <UnitTestResult executionId="cb6f9a35-3f02-42b1-b0bc-84f362be6614" testId="43c14bc7-9568-511b-e6dc-8048cf5aa1de" testName="StampApi.Tests.Controllers.WorkspacesControllerTests.PutWorkspace_ReturnsBadRequest_WhenIdMismatch" computerName="MacBookPro" duration="00:00:00.0003771" startTime="2025-08-16T15:57:12.5182730+01:00" endTime="2025-08-16T15:57:12.5182730+01:00" testType="13cdc9d9-ddb5-4fa4-a97d-d965ccfc6d4b" outcome="Passed" testListId="8c84fa94-04c1-424b-9868-57a2d4851a1d" relativeResultsDirectory="cb6f9a35-3f02-42b1-b0bc-84f362be6614" />
    <UnitTestResult executionId="fd5d457e-7033-44b4-be4a-290d600fe89f" testId="45258e30-2824-681c-3271-003a7eb38ca8" testName="StampApi.Tests.Security.AuthorizationTests.InvalidUserId_HandledSecurely" computerName="MacBookPro" duration="00:00:00.0013117" startTime="2025-08-16T15:57:12.5048550+01:00" endTime="2025-08-16T15:57:12.5048550+01:00" testType="13cdc9d9-ddb5-4fa4-a97d-d965ccfc6d4b" outcome="Failed" testListId="8c84fa94-04c1-424b-9868-57a2d4851a1d" relativeResultsDirectory="fd5d457e-7033-44b4-be4a-290d600fe89f">
      <Output>
        <ErrorInfo>
          <Message>System.NullReferenceException : Object reference not set to an instance of an object.</Message>
          <StackTrace>   at StampApi.Tests.Security.AuthorizationTests.InvalidUserId_HandledSecurely() in /Users/danehague/Documents/Stamp/StampApi.Tests/Security/AuthorizationTests.cs:line 240
--- End of stack trace from previous location ---</StackTrace>
        </ErrorInfo>
      </Output>
    </UnitTestResult>
    <UnitTestResult executionId="3a072502-6497-4927-b671-6d6004b36eda" testId="c0a317bc-48d7-81e0-458b-46f64745c046" testName="StampApi.Tests.Integration.WorkspaceCollectionIntegrationTests.CompleteWorkflow_CreateWorkspaceAndCollections_ShouldWorkEndToEnd" computerName="MacBookPro" duration="00:00:00.0018768" startTime="2025-08-16T15:57:12.5233930+01:00" endTime="2025-08-16T15:57:12.5233940+01:00" testType="13cdc9d9-ddb5-4fa4-a97d-d965ccfc6d4b" outcome="Failed" testListId="8c84fa94-04c1-424b-9868-57a2d4851a1d" relativeResultsDirectory="3a072502-6497-4927-b671-6d6004b36eda">
      <Output>
        <ErrorInfo>
          <Message>System.NullReferenceException : Object reference not set to an instance of an object.</Message>
          <StackTrace>   at StampApi.Tests.Integration.WorkspaceCollectionIntegrationTests.CompleteWorkflow_CreateWorkspaceAndCollections_ShouldWorkEndToEnd() in /Users/danehague/Documents/Stamp/StampApi.Tests/Integration/WorkspaceCollectionIntegrationTests.cs:line 68
--- End of stack trace from previous location ---</StackTrace>
        </ErrorInfo>
      </Output>
    </UnitTestResult>
    <UnitTestResult executionId="d8e85f13-fa7e-4ba9-a4e9-cf62197ac1eb" testId="eb6150f8-8bf9-50f3-99ec-332b3c172654" testName="StampApi.Tests.Controllers.WorkspacesControllerTests.PutWorkspace_UpdatesWorkspace_WhenDataIsValidAndUserOwnsWorkspace" computerName="MacBookPro" duration="00:00:00.0094612" startTime="2025-08-16T15:57:12.5139930+01:00" endTime="2025-08-16T15:57:12.5139930+01:00" testType="13cdc9d9-ddb5-4fa4-a97d-d965ccfc6d4b" outcome="Passed" testListId="8c84fa94-04c1-424b-9868-57a2d4851a1d" relativeResultsDirectory="d8e85f13-fa7e-4ba9-a4e9-cf62197ac1eb" />
    <UnitTestResult executionId="b8f5059f-2007-4c66-8a97-5ef81910d085" testId="180fd4f9-1dc3-0ab4-afe3-d5f6f90d74e7" testName="StampApi.Tests.Controllers.CollectionsControllerTests.GetCollection_ReturnsNotFound_WhenCollectionDoesNotExist" computerName="MacBookPro" duration="00:00:00.0004241" startTime="2025-08-16T15:57:12.5572310+01:00" endTime="2025-08-16T15:57:12.5572310+01:00" testType="13cdc9d9-ddb5-4fa4-a97d-d965ccfc6d4b" outcome="Passed" testListId="8c84fa94-04c1-424b-9868-57a2d4851a1d" relativeResultsDirectory="b8f5059f-2007-4c66-8a97-5ef81910d085" />
    <UnitTestResult executionId="f9ccee51-6c95-4f0f-9a3b-17f58d4ebbcf" testId="3ed5d24a-10a0-f5d1-6587-30c42359b1a6" testName="StampApi.Tests.Controllers.WorkspacesControllerTests.WorkspaceExists_ReturnsFalse_WhenWorkspaceBelongsToAnotherUser" computerName="MacBookPro" duration="00:00:00.0022878" startTime="2025-08-16T15:57:12.5007460+01:00" endTime="2025-08-16T15:57:12.5007470+01:00" testType="13cdc9d9-ddb5-4fa4-a97d-d965ccfc6d4b" outcome="Passed" testListId="8c84fa94-04c1-424b-9868-57a2d4851a1d" relativeResultsDirectory="f9ccee51-6c95-4f0f-9a3b-17f58d4ebbcf" />
    <UnitTestResult executionId="815ddb65-27eb-42b0-aaec-0305efab2ab9" testId="d4f4f203-cd4e-9b64-bceb-c7ad6f38537a" testName="StampApi.Tests.Database.DatabaseRelationshipTests.UniqueConstraints_CollectionMemberUniqueness" computerName="MacBookPro" duration="00:00:00.0008995" startTime="2025-08-16T15:57:12.0370500+01:00" endTime="2025-08-16T15:57:12.0370500+01:00" testType="13cdc9d9-ddb5-4fa4-a97d-d965ccfc6d4b" outcome="Failed" testListId="8c84fa94-04c1-424b-9868-57a2d4851a1d" relativeResultsDirectory="815ddb65-27eb-42b0-aaec-0305efab2ab9">
      <Output>
        <ErrorInfo>
          <Message>System.NullReferenceException : Object reference not set to an instance of an object.</Message>
          <StackTrace>   at StampApi.Tests.TestHelpers.TestDbContextFactory.CreateTestWorkspaceAsync(StampDbContext context, ApplicationUser user, String name) in /Users/danehague/Documents/Stamp/StampApi.Tests/TestHelpers/TestDbContextFactory.cs:line 51
   at StampApi.Tests.TestHelpers.ControllerTestBase.CreateTestWorkspaceAsync(ApplicationUser user, String name) in /Users/danehague/Documents/Stamp/StampApi.Tests/TestHelpers/ControllerTestBase.cs:line 50
   at StampApi.Tests.Database.DatabaseRelationshipTests.UniqueConstraints_CollectionMemberUniqueness() in /Users/danehague/Documents/Stamp/StampApi.Tests/Database/DatabaseRelationshipTests.cs:line 266
--- End of stack trace from previous location ---</StackTrace>
        </ErrorInfo>
      </Output>
    </UnitTestResult>
    <UnitTestResult executionId="698827e3-6a03-4ed2-8df5-7f3a2f7a59b5" testId="ce21df66-8ad2-887e-69e1-b8f3d677a0ec" testName="StampApi.Tests.Controllers.CollectionsControllerTests.CollectionExists_ReturnsTrue_WhenCollectionExistsAndUserOwns" computerName="MacBookPro" duration="00:00:00.0041414" startTime="2025-08-16T15:57:12.4654830+01:00" endTime="2025-08-16T15:57:12.4654830+01:00" testType="13cdc9d9-ddb5-4fa4-a97d-d965ccfc6d4b" outcome="Passed" testListId="8c84fa94-04c1-424b-9868-57a2d4851a1d" relativeResultsDirectory="698827e3-6a03-4ed2-8df5-7f3a2f7a59b5" />
    <UnitTestResult executionId="70aefee3-5372-4372-87ed-3872efa030dc" testId="e8c1fabb-a4d9-ffe3-dec6-313b97405ab3" testName="StampApi.Tests.EdgeCases.EdgeCaseTests.GetWorkspace_HandlesZeroId" computerName="MacBookPro" duration="00:00:00.0003558" startTime="2025-08-16T15:57:12.5426500+01:00" endTime="2025-08-16T15:57:12.5426500+01:00" testType="13cdc9d9-ddb5-4fa4-a97d-d965ccfc6d4b" outcome="Passed" testListId="8c84fa94-04c1-424b-9868-57a2d4851a1d" relativeResultsDirectory="70aefee3-5372-4372-87ed-3872efa030dc" />
    <UnitTestResult executionId="502d4072-1c45-4f77-9459-646e32022b33" testId="3b8c4d5a-73c7-aa18-4478-918438c50e11" testName="StampApi.Tests.EdgeCases.EdgeCaseTests.PostWorkspace_HandlesNullName" computerName="MacBookPro" duration="00:00:00.0016201" startTime="2025-08-16T15:57:12.5368900+01:00" endTime="2025-08-16T15:57:12.5368900+01:00" testType="13cdc9d9-ddb5-4fa4-a97d-d965ccfc6d4b" outcome="Passed" testListId="8c84fa94-04c1-424b-9868-57a2d4851a1d" relativeResultsDirectory="502d4072-1c45-4f77-9459-646e32022b33" />
    <UnitTestResult executionId="eb4c9037-e1cd-4789-a55e-9770066626a0" testId="f8a0caac-c656-7d07-bc63-d19c43349539" testName="StampApi.Tests.EdgeCases.EdgeCaseTests.GetUserId_HandlesInvalidClaimValue" computerName="MacBookPro" duration="00:00:00.0009591" startTime="2025-08-16T15:57:12.4787940+01:00" endTime="2025-08-16T15:57:12.4787940+01:00" testType="13cdc9d9-ddb5-4fa4-a97d-d965ccfc6d4b" outcome="Passed" testListId="8c84fa94-04c1-424b-9868-57a2d4851a1d" relativeResultsDirectory="eb4c9037-e1cd-4789-a55e-9770066626a0" />
    <UnitTestResult executionId="17e9ca03-081c-460b-8fa6-61be38affc4b" testId="6c9d7311-5d81-20b8-86ce-5bb753a2115d" testName="StampApi.Tests.Database.DatabaseRelationshipTests.AcceptedByUserDeletion_SetNullBehavior" computerName="MacBookPro" duration="00:00:00.0029968" startTime="2025-08-16T15:57:12.0359870+01:00" endTime="2025-08-16T15:57:12.0359870+01:00" testType="13cdc9d9-ddb5-4fa4-a97d-d965ccfc6d4b" outcome="Failed" testListId="8c84fa94-04c1-424b-9868-57a2d4851a1d" relativeResultsDirectory="17e9ca03-081c-460b-8fa6-61be38affc4b">
      <Output>
        <ErrorInfo>
          <Message>System.NullReferenceException : Object reference not set to an instance of an object.</Message>
          <StackTrace>   at StampApi.Tests.TestHelpers.TestDbContextFactory.CreateTestUserAsync(StampDbContext context, String email) in /Users/danehague/Documents/Stamp/StampApi.Tests/TestHelpers/TestDbContextFactory.cs:line 44
   at StampApi.Tests.TestHelpers.ControllerTestBase.CreateAdditionalUserAsync(String email) in /Users/danehague/Documents/Stamp/StampApi.Tests/TestHelpers/ControllerTestBase.cs:line 44
   at StampApi.Tests.Database.DatabaseRelationshipTests.AcceptedByUserDeletion_SetNullBehavior() in /Users/danehague/Documents/Stamp/StampApi.Tests/Database/DatabaseRelationshipTests.cs:line 230
--- End of stack trace from previous location ---</StackTrace>
        </ErrorInfo>
      </Output>
    </UnitTestResult>
    <UnitTestResult executionId="2744a0a7-d7e2-4ab4-a36f-bde66694a045" testId="83943e2e-13cd-4d82-fc3a-39d18030f1ba" testName="StampApi.Tests.Security.AuthorizationTests.CollectionMembership_RequiresWorkspaceAccess" computerName="MacBookPro" duration="00:00:00.0945451" startTime="2025-08-16T15:57:12.4475890+01:00" endTime="2025-08-16T15:57:12.4475890+01:00" testType="13cdc9d9-ddb5-4fa4-a97d-d965ccfc6d4b" outcome="Failed" testListId="8c84fa94-04c1-424b-9868-57a2d4851a1d" relativeResultsDirectory="2744a0a7-d7e2-4ab4-a36f-bde66694a045">
      <Output>
        <ErrorInfo>
          <Message>System.NullReferenceException : Object reference not set to an instance of an object.</Message>
          <StackTrace>   at StampApi.Tests.Security.AuthorizationTests.CollectionMembership_RequiresWorkspaceAccess() in /Users/danehague/Documents/Stamp/StampApi.Tests/Security/AuthorizationTests.cs:line 216
--- End of stack trace from previous location ---</StackTrace>
        </ErrorInfo>
      </Output>
    </UnitTestResult>
    <UnitTestResult executionId="352a8693-56bb-49c9-9fe6-6a4cd5ad91bf" testId="73325596-ed8e-5295-8005-9dc872936220" testName="StampApi.Tests.Controllers.WorkspacesControllerTests.GetWorkspace_ReturnsWorkspace_WhenWorkspaceExistsAndBelongsToUser" computerName="MacBookPro" duration="00:00:00.0023573" startTime="2025-08-16T15:57:12.5036740+01:00" endTime="2025-08-16T15:57:12.5036740+01:00" testType="13cdc9d9-ddb5-4fa4-a97d-d965ccfc6d4b" outcome="Failed" testListId="8c84fa94-04c1-424b-9868-57a2d4851a1d" relativeResultsDirectory="352a8693-56bb-49c9-9fe6-6a4cd5ad91bf">
      <Output>
        <ErrorInfo>
          <Message>Expected actionResult not to be &lt;null&gt;.</Message>
          <StackTrace>   at FluentAssertions.Execution.XUnit2TestFramework.Throw(String message)
   at FluentAssertions.Execution.TestFrameworkProvider.Throw(String message)
   at FluentAssertions.Execution.DefaultAssertionStrategy.HandleFailure(String message)
   at FluentAssertions.Execution.AssertionScope.FailWith(Func`1 failReasonFunc)
   at FluentAssertions.Execution.AssertionScope.FailWith(Func`1 failReasonFunc)
   at FluentAssertions.Execution.AssertionScope.FailWith(String message)
   at FluentAssertions.Primitives.ReferenceTypeAssertions`2.NotBeNull(String because, Object[] becauseArgs)
   at StampApi.Tests.Controllers.WorkspacesControllerTests.GetWorkspace_ReturnsWorkspace_WhenWorkspaceExistsAndBelongsToUser() in /Users/danehague/Documents/Stamp/StampApi.Tests/Controllers/WorkspacesControllerTests.cs:line 85
--- End of stack trace from previous location ---</StackTrace>
        </ErrorInfo>
      </Output>
    </UnitTestResult>
    <UnitTestResult executionId="2895da71-65f3-4c85-8376-a3c05d3c3b4f" testId="b7c39081-d21d-9c8b-fe6c-ffb454649dba" testName="StampApi.Tests.EdgeCases.EdgeCaseTests.PutWorkspace_HandlesConcurrencyException" computerName="MacBookPro" duration="00:00:00.0006963" startTime="2025-08-16T15:57:12.5435400+01:00" endTime="2025-08-16T15:57:12.5435400+01:00" testType="13cdc9d9-ddb5-4fa4-a97d-d965ccfc6d4b" outcome="Passed" testListId="8c84fa94-04c1-424b-9868-57a2d4851a1d" relativeResultsDirectory="2895da71-65f3-4c85-8376-a3c05d3c3b4f" />
    <UnitTestResult executionId="b21071a1-5902-42b9-a349-873e72c31506" testId="1fa0172e-f827-56ec-4f1d-04659a5fc37a" testName="StampApi.Tests.Controllers.WorkspacesControllerTests.WorkspaceExists_ReturnsTrue_WhenWorkspaceExistsAndBelongsToUser" computerName="MacBookPro" duration="00:00:00.0006132" startTime="2025-08-16T15:57:12.5190760+01:00" endTime="2025-08-16T15:57:12.5190760+01:00" testType="13cdc9d9-ddb5-4fa4-a97d-d965ccfc6d4b" outcome="Passed" testListId="8c84fa94-04c1-424b-9868-57a2d4851a1d" relativeResultsDirectory="b21071a1-5902-42b9-a349-873e72c31506" />
    <UnitTestResult executionId="280d03b2-c6b9-4788-9302-1f5e36515ca1" testId="4dbd0923-0182-a177-089d-8034792a7e87" testName="StampApi.Tests.EdgeCases.EdgeCaseTests.NullWorkspaceReference_HandlesOrphanedCollections" computerName="MacBookPro" duration="00:00:00.0035048" startTime="2025-08-16T15:57:12.4831970+01:00" endTime="2025-08-16T15:57:12.4831970+01:00" testType="13cdc9d9-ddb5-4fa4-a97d-d965ccfc6d4b" outcome="Failed" testListId="8c84fa94-04c1-424b-9868-57a2d4851a1d" relativeResultsDirectory="280d03b2-c6b9-4788-9302-1f5e36515ca1">
      <Output>
        <ErrorInfo>
          <Message>Expected actionResult not to be &lt;null&gt;.</Message>
          <StackTrace>   at FluentAssertions.Execution.XUnit2TestFramework.Throw(String message)
   at FluentAssertions.Execution.TestFrameworkProvider.Throw(String message)
   at FluentAssertions.Execution.DefaultAssertionStrategy.HandleFailure(String message)
   at FluentAssertions.Execution.AssertionScope.FailWith(Func`1 failReasonFunc)
   at FluentAssertions.Execution.AssertionScope.FailWith(Func`1 failReasonFunc)
   at FluentAssertions.Execution.AssertionScope.FailWith(String message)
   at FluentAssertions.Primitives.ReferenceTypeAssertions`2.NotBeNull(String because, Object[] becauseArgs)
   at StampApi.Tests.EdgeCases.EdgeCaseTests.NullWorkspaceReference_HandlesOrphanedCollections() in /Users/danehague/Documents/Stamp/StampApi.Tests/EdgeCases/EdgeCaseTests.cs:line 479
--- End of stack trace from previous location ---</StackTrace>
        </ErrorInfo>
      </Output>
    </UnitTestResult>
    <UnitTestResult executionId="4c389287-a131-4e03-9707-4c5464283f70" testId="e307306b-30e0-f45f-5f73-dc1d38a96c62" testName="StampApi.Tests.Integration.WorkspaceCollectionIntegrationTests.WorkspaceCollectionFiltering_WorksCorrectlyWithMultipleWorkspaces" computerName="MacBookPro" duration="00:00:00.0162848" startTime="2025-08-16T15:57:12.5440090+01:00" endTime="2025-08-16T15:57:12.5440090+01:00" testType="13cdc9d9-ddb5-4fa4-a97d-d965ccfc6d4b" outcome="Failed" testListId="8c84fa94-04c1-424b-9868-57a2d4851a1d" relativeResultsDirectory="4c389287-a131-4e03-9707-4c5464283f70">
      <Output>
        <ErrorInfo>
          <Message>System.NullReferenceException : Object reference not set to an instance of an object.</Message>
          <StackTrace>   at StampApi.Tests.Integration.WorkspaceCollectionIntegrationTests.WorkspaceCollectionFiltering_WorksCorrectlyWithMultipleWorkspaces() in /Users/danehague/Documents/Stamp/StampApi.Tests/Integration/WorkspaceCollectionIntegrationTests.cs:line 350
--- End of stack trace from previous location ---</StackTrace>
        </ErrorInfo>
      </Output>
    </UnitTestResult>
    <UnitTestResult executionId="c03b3ccb-e99a-4f3c-9cfd-7d80b9af806e" testId="5e047a71-c2c8-706d-0338-d754c2227b81" testName="StampApi.Tests.Controllers.WorkspacesControllerTests.GetWorkspaces_ReturnsUnauthorized_WhenUserIsNotAuthenticated" computerName="MacBookPro" duration="00:00:00.0004284" startTime="2025-08-16T15:57:12.5201200+01:00" endTime="2025-08-16T15:57:12.5201200+01:00" testType="13cdc9d9-ddb5-4fa4-a97d-d965ccfc6d4b" outcome="Failed" testListId="8c84fa94-04c1-424b-9868-57a2d4851a1d" relativeResultsDirectory="c03b3ccb-e99a-4f3c-9cfd-7d80b9af806e">
      <Output>
        <ErrorInfo>
          <Message>System.NullReferenceException : Object reference not set to an instance of an object.</Message>
          <StackTrace>   at StampApi.Controllers.WorkspacesController.GetUserId() in /Users/danehague/Documents/Stamp/StampApi/Controllers/WorkspacesController.cs:line 171
   at StampApi.Controllers.WorkspacesController.GetWorkspaces() in /Users/danehague/Documents/Stamp/StampApi/Controllers/WorkspacesController.cs:line 25
   at StampApi.Tests.Controllers.WorkspacesControllerTests.GetWorkspaces_ReturnsUnauthorized_WhenUserIsNotAuthenticated() in /Users/danehague/Documents/Stamp/StampApi.Tests/Controllers/WorkspacesControllerTests.cs:line 65
--- End of stack trace from previous location ---</StackTrace>
        </ErrorInfo>
      </Output>
    </UnitTestResult>
    <UnitTestResult executionId="d96f440f-e2b9-448c-8660-c13ecc48b01a" testId="e6fcb13e-9cbf-ed60-d45b-ecbae063735e" testName="StampApi.Tests.Database.DatabaseRelationshipTests.WorkspaceCollectionRelationship_SetNullBehavior" computerName="MacBookPro" duration="00:00:00.0006953" startTime="2025-08-16T15:57:12.0519890+01:00" endTime="2025-08-16T15:57:12.0519890+01:00" testType="13cdc9d9-ddb5-4fa4-a97d-d965ccfc6d4b" outcome="Failed" testListId="8c84fa94-04c1-424b-9868-57a2d4851a1d" relativeResultsDirectory="d96f440f-e2b9-448c-8660-c13ecc48b01a">
      <Output>
        <ErrorInfo>
          <Message>System.NullReferenceException : Object reference not set to an instance of an object.</Message>
          <StackTrace>   at StampApi.Tests.TestHelpers.TestDbContextFactory.CreateTestWorkspaceAsync(StampDbContext context, ApplicationUser user, String name) in /Users/danehague/Documents/Stamp/StampApi.Tests/TestHelpers/TestDbContextFactory.cs:line 51
   at StampApi.Tests.TestHelpers.ControllerTestBase.CreateTestWorkspaceAsync(ApplicationUser user, String name) in /Users/danehague/Documents/Stamp/StampApi.Tests/TestHelpers/ControllerTestBase.cs:line 50
   at StampApi.Tests.Database.DatabaseRelationshipTests.WorkspaceCollectionRelationship_SetNullBehavior() in /Users/danehague/Documents/Stamp/StampApi.Tests/Database/DatabaseRelationshipTests.cs:line 40
--- End of stack trace from previous location ---</StackTrace>
        </ErrorInfo>
      </Output>
    </UnitTestResult>
    <UnitTestResult executionId="84bb964e-39f8-41c4-8fa9-f9a60eaad068" testId="95789d8a-686f-b645-a856-d3653fde1269" testName="StampApi.Tests.Controllers.CollectionsControllerTests.PutCollection_UpdatesCollection_WhenUserIsOwner" computerName="MacBookPro" duration="00:00:00.0023365" startTime="2025-08-16T15:57:12.5041710+01:00" endTime="2025-08-16T15:57:12.5041710+01:00" testType="13cdc9d9-ddb5-4fa4-a97d-d965ccfc6d4b" outcome="Failed" testListId="8c84fa94-04c1-424b-9868-57a2d4851a1d" relativeResultsDirectory="84bb964e-39f8-41c4-8fa9-f9a60eaad068">
      <Output>
        <ErrorInfo>
          <Message>System.InvalidOperationException : The instance of entity type 'Collection' cannot be tracked because another instance with the same key value for {'Id'} is already being tracked. When attaching existing entities, ensure that only one entity instance with a given key value is attached. Consider using 'DbContextOptionsBuilder.EnableSensitiveDataLogging' to see the conflicting key values.</Message>
          <StackTrace>   at Microsoft.EntityFrameworkCore.ChangeTracking.Internal.IdentityMap`1.ThrowIdentityConflict(InternalEntityEntry entry)
   at Microsoft.EntityFrameworkCore.ChangeTracking.Internal.IdentityMap`1.Add(TKey key, InternalEntityEntry entry, Boolean updateDuplicate)
   at Microsoft.EntityFrameworkCore.ChangeTracking.Internal.IdentityMap`1.Add(TKey key, InternalEntityEntry entry)
   at Microsoft.EntityFrameworkCore.ChangeTracking.Internal.IdentityMap`1.Add(InternalEntityEntry entry)
   at Microsoft.EntityFrameworkCore.ChangeTracking.Internal.StateManager.StartTracking(InternalEntityEntry entry)
   at Microsoft.EntityFrameworkCore.ChangeTracking.Internal.InternalEntityEntry.SetEntityState(EntityState oldState, EntityState newState, Boolean acceptChanges, Boolean modifyProperties)
   at Microsoft.EntityFrameworkCore.ChangeTracking.Internal.InternalEntityEntry.SetEntityState(EntityState entityState, Boolean acceptChanges, Boolean modifyProperties, Nullable`1 forceStateWhenUnknownKey, Nullable`1 fallbackState)
   at Microsoft.EntityFrameworkCore.ChangeTracking.EntityEntry.set_State(EntityState value)
   at StampApi.Controllers.CollectionsController.PutCollection(Int32 id, Collection collection) in /Users/danehague/Documents/Stamp/StampApi/Controllers/CollectionsController.cs:line 160
   at StampApi.Tests.Controllers.CollectionsControllerTests.PutCollection_UpdatesCollection_WhenUserIsOwner() in /Users/danehague/Documents/Stamp/StampApi.Tests/Controllers/CollectionsControllerTests.cs:line 293
--- End of stack trace from previous location ---</StackTrace>
        </ErrorInfo>
      </Output>
    </UnitTestResult>
    <UnitTestResult executionId="9f7b71c7-5817-4125-a030-554ad0d37a48" testId="13290388-827e-dade-f249-13a928952668" testName="StampApi.Tests.EdgeCases.EdgeCaseTests.ExcessivelyLongNames_HandlesBeyondMaxLength" computerName="MacBookPro" duration="00:00:00.0004778" startTime="2025-08-16T15:57:12.4649040+01:00" endTime="2025-08-16T15:57:12.4649040+01:00" testType="13cdc9d9-ddb5-4fa4-a97d-d965ccfc6d4b" outcome="Passed" testListId="8c84fa94-04c1-424b-9868-57a2d4851a1d" relativeResultsDirectory="9f7b71c7-5817-4125-a030-554ad0d37a48" />
    <UnitTestResult executionId="4055a99e-136a-4c5e-8b7a-fe711902ee4d" testId="e74314c1-bc85-d1d6-5a21-c8acd2d30f82" testName="StampApi.Tests.Controllers.CollectionsControllerTests.PostCollection_ReturnsBadRequest_WhenWorkspaceIdIsInvalid" computerName="MacBookPro" duration="00:00:00.0003618" startTime="2025-08-16T15:57:12.5204010+01:00" endTime="2025-08-16T15:57:12.5204010+01:00" testType="13cdc9d9-ddb5-4fa4-a97d-d965ccfc6d4b" outcome="Passed" testListId="8c84fa94-04c1-424b-9868-57a2d4851a1d" relativeResultsDirectory="4055a99e-136a-4c5e-8b7a-fe711902ee4d" />
    <UnitTestResult executionId="2139431a-212e-4c99-9d84-6ca3f4b7984c" testId="deb1ff96-3f0b-c7a7-597b-4cc37c27234e" testName="StampApi.Tests.EdgeCases.EdgeCaseTests.PostWorkspace_HandlesEmptyName" computerName="MacBookPro" duration="00:00:00.0014117" startTime="2025-08-16T15:57:12.4640680+01:00" endTime="2025-08-16T15:57:12.4640680+01:00" testType="13cdc9d9-ddb5-4fa4-a97d-d965ccfc6d4b" outcome="Passed" testListId="8c84fa94-04c1-424b-9868-57a2d4851a1d" relativeResultsDirectory="2139431a-212e-4c99-9d84-6ca3f4b7984c" />
    <UnitTestResult executionId="95057e08-6fbd-4c30-8304-c0801d91a972" testId="a9953a6d-ddcc-bc30-d250-3be32e83ccaf" testName="StampApi.Tests.Controllers.WorkspacesControllerTests.GetWorkspaces_ReturnsUserWorkspaces_WhenUserIsAuthenticated" computerName="MacBookPro" duration="00:00:00.0089564" startTime="2025-08-16T15:57:12.4984450+01:00" endTime="2025-08-16T15:57:12.4984450+01:00" testType="13cdc9d9-ddb5-4fa4-a97d-d965ccfc6d4b" outcome="Failed" testListId="8c84fa94-04c1-424b-9868-57a2d4851a1d" relativeResultsDirectory="95057e08-6fbd-4c30-8304-c0801d91a972">
      <Output>
        <ErrorInfo>
          <Message>Expected actionResult not to be &lt;null&gt;.</Message>
          <StackTrace>   at FluentAssertions.Execution.XUnit2TestFramework.Throw(String message)
   at FluentAssertions.Execution.TestFrameworkProvider.Throw(String message)
   at FluentAssertions.Execution.DefaultAssertionStrategy.HandleFailure(String message)
   at FluentAssertions.Execution.AssertionScope.FailWith(Func`1 failReasonFunc)
   at FluentAssertions.Execution.AssertionScope.FailWith(Func`1 failReasonFunc)
   at FluentAssertions.Execution.AssertionScope.FailWith(String message)
   at FluentAssertions.Primitives.ReferenceTypeAssertions`2.NotBeNull(String because, Object[] becauseArgs)
   at StampApi.Tests.Controllers.WorkspacesControllerTests.GetWorkspaces_ReturnsUserWorkspaces_WhenUserIsAuthenticated() in /Users/danehague/Documents/Stamp/StampApi.Tests/Controllers/WorkspacesControllerTests.cs:line 43
--- End of stack trace from previous location ---</StackTrace>
        </ErrorInfo>
      </Output>
    </UnitTestResult>
    <UnitTestResult executionId="c10bbb6b-642b-4458-92c6-9e4ee9e314a8" testId="52e27c5c-b429-c41b-f495-05781bf3b2ae" testName="StampApi.Tests.Controllers.WorkspacesControllerTests.PutWorkspace_ReturnsNotFound_WhenWorkspaceBelongsToAnotherUser" computerName="MacBookPro" duration="00:00:00.0006269" startTime="2025-08-16T15:57:12.5176710+01:00" endTime="2025-08-16T15:57:12.5176710+01:00" testType="13cdc9d9-ddb5-4fa4-a97d-d965ccfc6d4b" outcome="Passed" testListId="8c84fa94-04c1-424b-9868-57a2d4851a1d" relativeResultsDirectory="c10bbb6b-642b-4458-92c6-9e4ee9e314a8" />
    <UnitTestResult executionId="bdeaeb41-4343-499f-8bab-fd0f97b0c3e2" testId="3a1a5d35-5ae4-6f70-d390-8a5c926144cd" testName="StampApi.Tests.Security.AuthorizationTests.ConcurrentUserOperations_MaintainDataIntegrity" computerName="MacBookPro" duration="00:00:00.0014049" startTime="2025-08-16T15:57:12.5156710+01:00" endTime="2025-08-16T15:57:12.5156710+01:00" testType="13cdc9d9-ddb5-4fa4-a97d-d965ccfc6d4b" outcome="Failed" testListId="8c84fa94-04c1-424b-9868-57a2d4851a1d" relativeResultsDirectory="bdeaeb41-4343-499f-8bab-fd0f97b0c3e2">
      <Output>
        <ErrorInfo>
          <Message>System.NullReferenceException : Object reference not set to an instance of an object.</Message>
          <StackTrace>   at StampApi.Tests.Security.AuthorizationTests.ConcurrentUserOperations_MaintainDataIntegrity() in /Users/danehague/Documents/Stamp/StampApi.Tests/Security/AuthorizationTests.cs:line 381
--- End of stack trace from previous location ---</StackTrace>
        </ErrorInfo>
      </Output>
    </UnitTestResult>
    <UnitTestResult executionId="514bbbe2-264c-4d30-9d09-3f410b2a46de" testId="665f6c81-658d-fdbf-d29b-d65a9005ec03" testName="StampApi.Tests.Database.DatabaseRelationshipTests.UniqueConstraints_InviteTokenUniqueness" computerName="MacBookPro" duration="00:00:00.0008514" startTime="2025-08-16T15:57:12.0512050+01:00" endTime="2025-08-16T15:57:12.0512050+01:00" testType="13cdc9d9-ddb5-4fa4-a97d-d965ccfc6d4b" outcome="Failed" testListId="8c84fa94-04c1-424b-9868-57a2d4851a1d" relativeResultsDirectory="514bbbe2-264c-4d30-9d09-3f410b2a46de">
      <Output>
        <ErrorInfo>
          <Message>System.NullReferenceException : Object reference not set to an instance of an object.</Message>
          <StackTrace>   at StampApi.Tests.TestHelpers.TestDbContextFactory.CreateTestWorkspaceAsync(StampDbContext context, ApplicationUser user, String name) in /Users/danehague/Documents/Stamp/StampApi.Tests/TestHelpers/TestDbContextFactory.cs:line 51
   at StampApi.Tests.TestHelpers.ControllerTestBase.CreateTestWorkspaceAsync(ApplicationUser user, String name) in /Users/danehague/Documents/Stamp/StampApi.Tests/TestHelpers/ControllerTestBase.cs:line 50
   at StampApi.Tests.Database.DatabaseRelationshipTests.UniqueConstraints_InviteTokenUniqueness() in /Users/danehague/Documents/Stamp/StampApi.Tests/Database/DatabaseRelationshipTests.cs:line 301
--- End of stack trace from previous location ---</StackTrace>
        </ErrorInfo>
      </Output>
    </UnitTestResult>
    <UnitTestResult executionId="f627735b-c4e5-40d8-8164-cbcc087e614d" testId="a1f500cb-4289-cdc3-736b-1694693bc541" testName="StampApi.Tests.EdgeCases.EdgeCaseTests.DeleteCollection_HandlesNonExistentId" computerName="MacBookPro" duration="00:00:00.0010977" startTime="2025-08-16T15:57:12.4624380+01:00" endTime="2025-08-16T15:57:12.4624380+01:00" testType="13cdc9d9-ddb5-4fa4-a97d-d965ccfc6d4b" outcome="Passed" testListId="8c84fa94-04c1-424b-9868-57a2d4851a1d" relativeResultsDirectory="f627735b-c4e5-40d8-8164-cbcc087e614d" />
    <UnitTestResult executionId="1e70c578-ae7b-49aa-b29e-f908fd656ef0" testId="87f98241-8d02-95a3-6281-4713575b7da3" testName="StampApi.Tests.EdgeCases.EdgeCaseTests.DeleteWorkspace_HandlesNonExistentId" computerName="MacBookPro" duration="00:00:00.0004116" startTime="2025-08-16T15:57:12.5460730+01:00" endTime="2025-08-16T15:57:12.5460730+01:00" testType="13cdc9d9-ddb5-4fa4-a97d-d965ccfc6d4b" outcome="Passed" testListId="8c84fa94-04c1-424b-9868-57a2d4851a1d" relativeResultsDirectory="1e70c578-ae7b-49aa-b29e-f908fd656ef0" />
    <UnitTestResult executionId="28aac5db-96a1-4568-9542-2a44b8e672d2" testId="ede9b946-cf33-c1d5-b7fe-031a0254d800" testName="StampApi.Tests.Controllers.WorkspacesControllerTests.PutWorkspace_ReturnsNotFound_WhenWorkspaceDoesNotExist" computerName="MacBookPro" duration="00:00:00.0002703" startTime="2025-08-16T15:57:12.5216700+01:00" endTime="2025-08-16T15:57:12.5216700+01:00" testType="13cdc9d9-ddb5-4fa4-a97d-d965ccfc6d4b" outcome="Passed" testListId="8c84fa94-04c1-424b-9868-57a2d4851a1d" relativeResultsDirectory="28aac5db-96a1-4568-9542-2a44b8e672d2" />
    <UnitTestResult executionId="ccc7c844-b163-4909-a9f1-2e59e275d395" testId="f9bb9584-d1c9-c11a-626e-dd3325ebaec6" testName="StampApi.Tests.Controllers.CollectionsControllerTests.PutCollection_UpdatesCollection_WhenUserIsAdmin" computerName="MacBookPro" duration="00:00:00.0111095" startTime="2025-08-16T15:57:12.4829930+01:00" endTime="2025-08-16T15:57:12.4829930+01:00" testType="13cdc9d9-ddb5-4fa4-a97d-d965ccfc6d4b" outcome="Failed" testListId="8c84fa94-04c1-424b-9868-57a2d4851a1d" relativeResultsDirectory="ccc7c844-b163-4909-a9f1-2e59e275d395">
      <Output>
        <ErrorInfo>
          <Message>Expected type to be Microsoft.AspNetCore.Mvc.NoContentResult, but found Microsoft.AspNetCore.Mvc.ForbidResult.</Message>
          <StackTrace>   at FluentAssertions.Execution.XUnit2TestFramework.Throw(String message)
   at FluentAssertions.Execution.TestFrameworkProvider.Throw(String message)
   at FluentAssertions.Execution.DefaultAssertionStrategy.HandleFailure(String message)
   at FluentAssertions.Execution.AssertionScope.FailWith(Func`1 failReasonFunc)
   at FluentAssertions.Execution.AssertionScope.FailWith(Func`1 failReasonFunc)
   at FluentAssertions.Execution.AssertionScope.FailWith(String message)
   at FluentAssertions.Types.TypeAssertions.Be(Type expected, String because, Object[] becauseArgs)
   at FluentAssertions.Primitives.ReferenceTypeAssertions`2.BeOfType(Type expectedType, String because, Object[] becauseArgs)
   at FluentAssertions.Primitives.ReferenceTypeAssertions`2.BeOfType[T](String because, Object[] becauseArgs)
   at StampApi.Tests.Controllers.CollectionsControllerTests.PutCollection_UpdatesCollection_WhenUserIsAdmin() in /Users/danehague/Documents/Stamp/StampApi.Tests/Controllers/CollectionsControllerTests.cs:line 339
--- End of stack trace from previous location ---</StackTrace>
        </ErrorInfo>
      </Output>
    </UnitTestResult>
    <UnitTestResult executionId="a151831d-023c-4980-b3bf-b0027f5375bb" testId="e1f3cc56-189f-546f-fcf2-9fbf376cc35c" testName="StampApi.Tests.Integration.WorkspaceCollectionIntegrationTests.WorkspaceDeletion_MovesCollectionsToAnotherWorkspace" computerName="MacBookPro" duration="00:00:00.0194427" startTime="2025-08-16T15:57:12.5047380+01:00" endTime="2025-08-16T15:57:12.5047380+01:00" testType="13cdc9d9-ddb5-4fa4-a97d-d965ccfc6d4b" outcome="Passed" testListId="8c84fa94-04c1-424b-9868-57a2d4851a1d" relativeResultsDirectory="a151831d-023c-4980-b3bf-b0027f5375bb" />
    <UnitTestResult executionId="6eac7a6b-a8d8-41e7-b7d3-0f753065f0e3" testId="f86c24b8-bddc-6258-8b2d-57325e762448" testName="StampApi.Tests.EdgeCases.EdgeCaseTests.GetUserId_HandlesMissingClaim" computerName="MacBookPro" duration="00:00:00.0003235" startTime="2025-08-16T15:57:12.5466830+01:00" endTime="2025-08-16T15:57:12.5466830+01:00" testType="13cdc9d9-ddb5-4fa4-a97d-d965ccfc6d4b" outcome="Passed" testListId="8c84fa94-04c1-424b-9868-57a2d4851a1d" relativeResultsDirectory="6eac7a6b-a8d8-41e7-b7d3-0f753065f0e3" />
    <UnitTestResult executionId="fdd03326-f23a-4316-bf43-228a0f50865f" testId="dfe25525-c84d-82b9-5376-13eac37995f9" testName="StampApi.Tests.EdgeCases.EdgeCaseTests.GetWorkspaces_HandlesEmptyDatabase" computerName="MacBookPro" duration="00:00:00.0004931" startTime="2025-08-16T15:57:12.5375710+01:00" endTime="2025-08-16T15:57:12.5375710+01:00" testType="13cdc9d9-ddb5-4fa4-a97d-d965ccfc6d4b" outcome="Passed" testListId="8c84fa94-04c1-424b-9868-57a2d4851a1d" relativeResultsDirectory="fdd03326-f23a-4316-bf43-228a0f50865f" />
    <UnitTestResult executionId="96b90294-d4f5-4ee6-995f-9394c6ee3d1a" testId="290f60dd-a199-6f9a-b3da-1ce0d7d2a57f" testName="StampApi.Tests.EdgeCases.EdgeCaseTests.SpecialCharacters_HandlesNamesWithSpecialCharacters" computerName="MacBookPro" duration="00:00:00.0004557" startTime="2025-08-16T15:57:12.5446250+01:00" endTime="2025-08-16T15:57:12.5446250+01:00" testType="13cdc9d9-ddb5-4fa4-a97d-d965ccfc6d4b" outcome="Passed" testListId="8c84fa94-04c1-424b-9868-57a2d4851a1d" relativeResultsDirectory="96b90294-d4f5-4ee6-995f-9394c6ee3d1a" />
    <UnitTestResult executionId="2cd7a404-3aa2-4dd2-9b46-d01b64ca7ebd" testId="9f008e18-b500-d325-f3ad-cf2f96706e3b" testName="StampApi.Tests.Controllers.CollectionsControllerTests.GetCollection_ReturnsCollection_WhenCollectionExistsAndUserHasAccess" computerName="MacBookPro" duration="00:00:00.0061242" startTime="2025-08-16T15:57:12.5567780+01:00" endTime="2025-08-16T15:57:12.5567780+01:00" testType="13cdc9d9-ddb5-4fa4-a97d-d965ccfc6d4b" outcome="Failed" testListId="8c84fa94-04c1-424b-9868-57a2d4851a1d" relativeResultsDirectory="2cd7a404-3aa2-4dd2-9b46-d01b64ca7ebd">
      <Output>
        <ErrorInfo>
          <Message>Expected actionResult not to be &lt;null&gt;.</Message>
          <StackTrace>   at FluentAssertions.Execution.XUnit2TestFramework.Throw(String message)
   at FluentAssertions.Execution.TestFrameworkProvider.Throw(String message)
   at FluentAssertions.Execution.DefaultAssertionStrategy.HandleFailure(String message)
   at FluentAssertions.Execution.AssertionScope.FailWith(Func`1 failReasonFunc)
   at FluentAssertions.Execution.AssertionScope.FailWith(Func`1 failReasonFunc)
   at FluentAssertions.Execution.AssertionScope.FailWith(String message)
   at FluentAssertions.Primitives.ReferenceTypeAssertions`2.NotBeNull(String because, Object[] becauseArgs)
   at StampApi.Tests.Controllers.CollectionsControllerTests.GetCollection_ReturnsCollection_WhenCollectionExistsAndUserHasAccess() in /Users/danehague/Documents/Stamp/StampApi.Tests/Controllers/CollectionsControllerTests.cs:line 149
--- End of stack trace from previous location ---</StackTrace>
        </ErrorInfo>
      </Output>
    </UnitTestResult>
    <UnitTestResult executionId="23096e58-c3fc-4474-a9e4-6fa72941eb07" testId="3008fd9d-1bcd-2052-fd2f-eef506cc7e76" testName="StampApi.Tests.Controllers.WorkspacesControllerTests.PostWorkspace_CreatesWorkspace_WhenDataIsValid" computerName="MacBookPro" duration="00:00:00.0006108" startTime="2025-08-16T15:57:12.5152950+01:00" endTime="2025-08-16T15:57:12.5152950+01:00" testType="13cdc9d9-ddb5-4fa4-a97d-d965ccfc6d4b" outcome="Passed" testListId="8c84fa94-04c1-424b-9868-57a2d4851a1d" relativeResultsDirectory="23096e58-c3fc-4474-a9e4-6fa72941eb07" />
    <UnitTestResult executionId="27fae73b-7832-409c-82af-988c70a15a14" testId="48d645e2-b44e-ccc4-9e8b-f0c7c13e1084" testName="StampApi.Tests.Security.AuthorizationTests.ClaimsManipulation_DoesNotBypassSecurity" computerName="MacBookPro" duration="00:00:00.0011657" startTime="2025-08-16T15:57:12.5020330+01:00" endTime="2025-08-16T15:57:12.5020330+01:00" testType="13cdc9d9-ddb5-4fa4-a97d-d965ccfc6d4b" outcome="Failed" testListId="8c84fa94-04c1-424b-9868-57a2d4851a1d" relativeResultsDirectory="27fae73b-7832-409c-82af-988c70a15a14">
      <Output>
        <ErrorInfo>
          <Message>Expected result.Result to be Microsoft.AspNetCore.Mvc.OkObjectResult, but found &lt;null&gt;.</Message>
          <StackTrace>   at FluentAssertions.Execution.XUnit2TestFramework.Throw(String message)
   at FluentAssertions.Execution.TestFrameworkProvider.Throw(String message)
   at FluentAssertions.Execution.DefaultAssertionStrategy.HandleFailure(String message)
   at FluentAssertions.Execution.AssertionScope.FailWith(Func`1 failReasonFunc)
   at FluentAssertions.Execution.AssertionScope.FailWith(Func`1 failReasonFunc)
   at FluentAssertions.Execution.AssertionScope.FailWith(String message, Object[] args)
   at FluentAssertions.Primitives.ReferenceTypeAssertions`2.BeOfType(Type expectedType, String because, Object[] becauseArgs)
   at FluentAssertions.Primitives.ReferenceTypeAssertions`2.BeOfType[T](String because, Object[] becauseArgs)
   at StampApi.Tests.Security.AuthorizationTests.ClaimsManipulation_DoesNotBypassSecurity() in /Users/danehague/Documents/Stamp/StampApi.Tests/Security/AuthorizationTests.cs:line 321
--- End of stack trace from previous location ---</StackTrace>
        </ErrorInfo>
      </Output>
    </UnitTestResult>
    <UnitTestResult executionId="1485de12-638e-4340-a7b1-fb114afc203e" testId="0ccc5232-45c3-ee96-3a1f-1118d0df320d" testName="StampApi.Tests.EdgeCases.EdgeCaseTests.DeleteLastWorkspace_PreventsOrphanedCollections" computerName="MacBookPro" duration="00:00:00.0033021" startTime="2025-08-16T15:57:12.5410770+01:00" endTime="2025-08-16T15:57:12.5410770+01:00" testType="13cdc9d9-ddb5-4fa4-a97d-d965ccfc6d4b" outcome="Passed" testListId="8c84fa94-04c1-424b-9868-57a2d4851a1d" relativeResultsDirectory="1485de12-638e-4340-a7b1-fb114afc203e" />
    <UnitTestResult executionId="a46cab97-5030-45f7-9f79-7d2c0f1bae9c" testId="1b5babf4-2bee-ef1e-0048-11e64bca50c3" testName="StampApi.Tests.Controllers.CollectionsControllerTests.PostCollection_ReturnsBadRequest_WhenWorkspaceBelongsToAnotherUser" computerName="MacBookPro" duration="00:00:00.0029958" startTime="2025-08-16T15:57:12.4898050+01:00" endTime="2025-08-16T15:57:12.4898050+01:00" testType="13cdc9d9-ddb5-4fa4-a97d-d965ccfc6d4b" outcome="Passed" testListId="8c84fa94-04c1-424b-9868-57a2d4851a1d" relativeResultsDirectory="a46cab97-5030-45f7-9f79-7d2c0f1bae9c" />
    <UnitTestResult executionId="7b2f0a57-5b34-4961-98ab-8dd37c1dc016" testId="dc9ab209-44cb-94dc-cee2-238d953562bc" testName="StampApi.Tests.EdgeCases.EdgeCaseTests.VeryLongNames_HandlesMaxLengthNames" computerName="MacBookPro" duration="00:00:00.0006562" startTime="2025-08-16T15:57:12.5420620+01:00" endTime="2025-08-16T15:57:12.5420620+01:00" testType="13cdc9d9-ddb5-4fa4-a97d-d965ccfc6d4b" outcome="Passed" testListId="8c84fa94-04c1-424b-9868-57a2d4851a1d" relativeResultsDirectory="7b2f0a57-5b34-4961-98ab-8dd37c1dc016" />
    <UnitTestResult executionId="97318b59-5e84-4e91-b108-6b63b403cf2b" testId="6a0e0125-c962-a58c-c65c-3cef0ab5c40a" testName="StampApi.Tests.Controllers.CollectionsControllerTests.GetCollections_ReturnsAllUserCollections_WhenNoWorkspaceIdProvided" computerName="MacBookPro" duration="00:00:00.0134319" startTime="2025-08-16T15:57:12.5199800+01:00" endTime="2025-08-16T15:57:12.5199800+01:00" testType="13cdc9d9-ddb5-4fa4-a97d-d965ccfc6d4b" outcome="Failed" testListId="8c84fa94-04c1-424b-9868-57a2d4851a1d" relativeResultsDirectory="97318b59-5e84-4e91-b108-6b63b403cf2b">
      <Output>
        <ErrorInfo>
          <Message>Expected actionResult not to be &lt;null&gt;.</Message>
          <StackTrace>   at FluentAssertions.Execution.XUnit2TestFramework.Throw(String message)
   at FluentAssertions.Execution.TestFrameworkProvider.Throw(String message)
   at FluentAssertions.Execution.DefaultAssertionStrategy.HandleFailure(String message)
   at FluentAssertions.Execution.AssertionScope.FailWith(Func`1 failReasonFunc)
   at FluentAssertions.Execution.AssertionScope.FailWith(Func`1 failReasonFunc)
   at FluentAssertions.Execution.AssertionScope.FailWith(String message)
   at FluentAssertions.Primitives.ReferenceTypeAssertions`2.NotBeNull(String because, Object[] becauseArgs)
   at StampApi.Tests.Controllers.CollectionsControllerTests.GetCollections_ReturnsAllUserCollections_WhenNoWorkspaceIdProvided() in /Users/danehague/Documents/Stamp/StampApi.Tests/Controllers/CollectionsControllerTests.cs:line 46
--- End of stack trace from previous location ---</StackTrace>
        </ErrorInfo>
      </Output>
    </UnitTestResult>
    <UnitTestResult executionId="43b9872c-06f6-45ff-af79-cd9bbea5d3fc" testId="068a36e4-22fd-c4d5-3e09-e9e22a0dd49c" testName="StampApi.Tests.Controllers.WorkspacesControllerTests.DeleteWorkspace_ReturnsNotFound_WhenWorkspaceBelongsToAnotherUser" computerName="MacBookPro" duration="00:00:00.0005793" startTime="2025-08-16T15:57:12.5042940+01:00" endTime="2025-08-16T15:57:12.5042940+01:00" testType="13cdc9d9-ddb5-4fa4-a97d-d965ccfc6d4b" outcome="Passed" testListId="8c84fa94-04c1-424b-9868-57a2d4851a1d" relativeResultsDirectory="43b9872c-06f6-45ff-af79-cd9bbea5d3fc" />
    <UnitTestResult executionId="9503de5c-bed9-4883-b7a6-f8a802dd3582" testId="c5dc014d-4f7a-22cf-918c-ed1ab479ef4c" testName="StampApi.Tests.Database.DatabaseRelationshipTests.DatabaseIndexes_PerformEfficiently" computerName="MacBookPro" duration="00:00:00.0008827" startTime="2025-08-16T15:57:12.0517310+01:00" endTime="2025-08-16T15:57:12.0517310+01:00" testType="13cdc9d9-ddb5-4fa4-a97d-d965ccfc6d4b" outcome="Failed" testListId="8c84fa94-04c1-424b-9868-57a2d4851a1d" relativeResultsDirectory="9503de5c-bed9-4883-b7a6-f8a802dd3582">
      <Output>
        <ErrorInfo>
          <Message>System.NullReferenceException : Object reference not set to an instance of an object.</Message>
          <StackTrace>   at StampApi.Tests.TestHelpers.TestDbContextFactory.CreateTestWorkspaceAsync(StampDbContext context, ApplicationUser user, String name) in /Users/danehague/Documents/Stamp/StampApi.Tests/TestHelpers/TestDbContextFactory.cs:line 51
   at StampApi.Tests.TestHelpers.ControllerTestBase.CreateTestWorkspaceAsync(ApplicationUser user, String name) in /Users/danehague/Documents/Stamp/StampApi.Tests/TestHelpers/ControllerTestBase.cs:line 50
   at StampApi.Tests.Database.DatabaseRelationshipTests.DatabaseIndexes_PerformEfficiently() in /Users/danehague/Documents/Stamp/StampApi.Tests/Database/DatabaseRelationshipTests.cs:line 397
--- End of stack trace from previous location ---</StackTrace>
        </ErrorInfo>
      </Output>
    </UnitTestResult>
    <UnitTestResult executionId="06b56292-d46e-4581-897b-48553284d36a" testId="7d63478a-f62d-a19a-8101-ab145b9591d8" testName="StampApi.Tests.Database.DatabaseRelationshipTests.UserWorkspaceRelationship_CascadeDeleteBehavior" computerName="MacBookPro" duration="00:00:00.0007937" startTime="2025-08-16T15:57:12.0518600+01:00" endTime="2025-08-16T15:57:12.0518600+01:00" testType="13cdc9d9-ddb5-4fa4-a97d-d965ccfc6d4b" outcome="Failed" testListId="8c84fa94-04c1-424b-9868-57a2d4851a1d" relativeResultsDirectory="06b56292-d46e-4581-897b-48553284d36a">
      <Output>
        <ErrorInfo>
          <Message>System.NullReferenceException : Object reference not set to an instance of an object.</Message>
          <StackTrace>   at StampApi.Tests.TestHelpers.TestDbContextFactory.CreateTestWorkspaceAsync(StampDbContext context, ApplicationUser user, String name) in /Users/danehague/Documents/Stamp/StampApi.Tests/TestHelpers/TestDbContextFactory.cs:line 51
   at StampApi.Tests.TestHelpers.ControllerTestBase.CreateTestWorkspaceAsync(ApplicationUser user, String name) in /Users/danehague/Documents/Stamp/StampApi.Tests/TestHelpers/ControllerTestBase.cs:line 50
   at StampApi.Tests.Database.DatabaseRelationshipTests.UserWorkspaceRelationship_CascadeDeleteBehavior() in /Users/danehague/Documents/Stamp/StampApi.Tests/Database/DatabaseRelationshipTests.cs:line 14
--- End of stack trace from previous location ---</StackTrace>
        </ErrorInfo>
      </Output>
    </UnitTestResult>
    <UnitTestResult executionId="9d4a0b8d-cba8-44e8-9f6a-0eba539e08d7" testId="d0384297-7330-cb4f-d6e9-b2da8414c705" testName="StampApi.Tests.Controllers.CollectionsControllerTests.GetCollections_ExcludesCollectionsFromOtherUserWorkspaces_EvenIfUserIsMember" computerName="MacBookPro" duration="00:00:00.0017108" startTime="2025-08-16T15:57:12.4867730+01:00" endTime="2025-08-16T15:57:12.4867730+01:00" testType="13cdc9d9-ddb5-4fa4-a97d-d965ccfc6d4b" outcome="Failed" testListId="8c84fa94-04c1-424b-9868-57a2d4851a1d" relativeResultsDirectory="9d4a0b8d-cba8-44e8-9f6a-0eba539e08d7">
      <Output>
        <ErrorInfo>
          <Message>Expected actionResult not to be &lt;null&gt;.</Message>
          <StackTrace>   at FluentAssertions.Execution.XUnit2TestFramework.Throw(String message)
   at FluentAssertions.Execution.TestFrameworkProvider.Throw(String message)
   at FluentAssertions.Execution.DefaultAssertionStrategy.HandleFailure(String message)
   at FluentAssertions.Execution.AssertionScope.FailWith(Func`1 failReasonFunc)
   at FluentAssertions.Execution.AssertionScope.FailWith(Func`1 failReasonFunc)
   at FluentAssertions.Execution.AssertionScope.FailWith(String message)
   at FluentAssertions.Primitives.ReferenceTypeAssertions`2.NotBeNull(String because, Object[] becauseArgs)
   at StampApi.Tests.Controllers.CollectionsControllerTests.GetCollections_ExcludesCollectionsFromOtherUserWorkspaces_EvenIfUserIsMember() in /Users/danehague/Documents/Stamp/StampApi.Tests/Controllers/CollectionsControllerTests.cs:line 563
--- End of stack trace from previous location ---</StackTrace>
        </ErrorInfo>
      </Output>
    </UnitTestResult>
    <UnitTestResult executionId="acc72680-f326-42f8-8015-cd0a30d4e771" testId="1d68c992-751a-b48b-38f1-ab616815231e" testName="StampApi.Tests.Database.DatabaseRelationshipTests.CollectionMemberRelationship_CascadeDeleteBehavior" computerName="MacBookPro" duration="00:00:00.0038494" startTime="2025-08-16T15:57:12.0331390+01:00" endTime="2025-08-16T15:57:12.0331560+01:00" testType="13cdc9d9-ddb5-4fa4-a97d-d965ccfc6d4b" outcome="Failed" testListId="8c84fa94-04c1-424b-9868-57a2d4851a1d" relativeResultsDirectory="acc72680-f326-42f8-8015-cd0a30d4e771">
      <Output>
        <ErrorInfo>
          <Message>System.NullReferenceException : Object reference not set to an instance of an object.</Message>
          <StackTrace>   at StampApi.Tests.TestHelpers.TestDbContextFactory.CreateTestWorkspaceAsync(StampDbContext context, ApplicationUser user, String name) in /Users/danehague/Documents/Stamp/StampApi.Tests/TestHelpers/TestDbContextFactory.cs:line 51
   at StampApi.Tests.TestHelpers.ControllerTestBase.CreateTestWorkspaceAsync(ApplicationUser user, String name) in /Users/danehague/Documents/Stamp/StampApi.Tests/TestHelpers/ControllerTestBase.cs:line 50
   at StampApi.Tests.Database.DatabaseRelationshipTests.CollectionMemberRelationship_CascadeDeleteBehavior() in /Users/danehague/Documents/Stamp/StampApi.Tests/Database/DatabaseRelationshipTests.cs:line 88
--- End of stack trace from previous location ---</StackTrace>
        </ErrorInfo>
      </Output>
    </UnitTestResult>
    <UnitTestResult executionId="43169554-7a98-4d87-a185-4f95fe4e9413" testId="46c05a93-b0b7-df6c-8fa1-2902a2a0d8c1" testName="StampApi.Tests.Database.DatabaseRelationshipTests.NavigationProperties_LoadCorrectly" computerName="MacBookPro" duration="00:00:00.0016033" startTime="2025-08-16T15:57:12.0351430+01:00" endTime="2025-08-16T15:57:12.0351430+01:00" testType="13cdc9d9-ddb5-4fa4-a97d-d965ccfc6d4b" outcome="Failed" testListId="8c84fa94-04c1-424b-9868-57a2d4851a1d" relativeResultsDirectory="43169554-7a98-4d87-a185-4f95fe4e9413">
      <Output>
        <ErrorInfo>
          <Message>System.NullReferenceException : Object reference not set to an instance of an object.</Message>
          <StackTrace>   at StampApi.Tests.TestHelpers.TestDbContextFactory.CreateTestWorkspaceAsync(StampDbContext context, ApplicationUser user, String name) in /Users/danehague/Documents/Stamp/StampApi.Tests/TestHelpers/TestDbContextFactory.cs:line 51
   at StampApi.Tests.TestHelpers.ControllerTestBase.CreateTestWorkspaceAsync(ApplicationUser user, String name) in /Users/danehague/Documents/Stamp/StampApi.Tests/TestHelpers/ControllerTestBase.cs:line 50
   at StampApi.Tests.Database.DatabaseRelationshipTests.NavigationProperties_LoadCorrectly() in /Users/danehague/Documents/Stamp/StampApi.Tests/Database/DatabaseRelationshipTests.cs:line 346
--- End of stack trace from previous location ---</StackTrace>
        </ErrorInfo>
      </Output>
    </UnitTestResult>
    <UnitTestResult executionId="fbf9a0e5-c0f7-4269-9605-5fb222d6a613" testId="dff9b347-41ef-c2fd-07a1-5720c1f9b970" testName="StampApi.Tests.EdgeCases.EdgeCaseTests.PostCollection_HandlesMaxIntWorkspaceId" computerName="MacBookPro" duration="00:00:00.0004374" startTime="2025-08-16T15:57:12.4931280+01:00" endTime="2025-08-16T15:57:12.4931280+01:00" testType="13cdc9d9-ddb5-4fa4-a97d-d965ccfc6d4b" outcome="Passed" testListId="8c84fa94-04c1-424b-9868-57a2d4851a1d" relativeResultsDirectory="fbf9a0e5-c0f7-4269-9605-5fb222d6a613" />
    <UnitTestResult executionId="caecc345-e32b-4181-918e-6d40327c6c8d" testId="a2bfe3c0-bbec-6e18-2954-bc91d5cc495e" testName="StampApi.Tests.Controllers.WorkspacesControllerTests.DeleteWorkspace_ReturnsNotFound_WhenWorkspaceDoesNotExist" computerName="MacBookPro" duration="00:00:00.0002913" startTime="2025-08-16T15:57:12.5145080+01:00" endTime="2025-08-16T15:57:12.5145080+01:00" testType="13cdc9d9-ddb5-4fa4-a97d-d965ccfc6d4b" outcome="Passed" testListId="8c84fa94-04c1-424b-9868-57a2d4851a1d" relativeResultsDirectory="caecc345-e32b-4181-918e-6d40327c6c8d" />
    <UnitTestResult executionId="0bad5d1a-5ffa-49a4-949a-2ccf2abc7d3e" testId="520d81e3-1240-62c5-380a-815deebe2d83" testName="StampApi.Tests.Controllers.CollectionsControllerTests.PostCollection_ReturnsBadRequest_WhenWorkspaceDoesNotExist" computerName="MacBookPro" duration="00:00:00.0003954" startTime="2025-08-16T15:57:12.5218500+01:00" endTime="2025-08-16T15:57:12.5218500+01:00" testType="13cdc9d9-ddb5-4fa4-a97d-d965ccfc6d4b" outcome="Passed" testListId="8c84fa94-04c1-424b-9868-57a2d4851a1d" relativeResultsDirectory="0bad5d1a-5ffa-49a4-949a-2ccf2abc7d3e" />
    <UnitTestResult executionId="8b8ab074-c7dd-41f9-bd53-51a3e0488bfb" testId="f20d5cc4-6ec7-3f17-9224-62b0420560e7" testName="StampApi.Tests.EdgeCases.EdgeCaseTests.GetCollections_HandlesEmptyDatabase" computerName="MacBookPro" duration="00:00:00.0008761" startTime="2025-08-16T15:57:12.5456160+01:00" endTime="2025-08-16T15:57:12.5456160+01:00" testType="13cdc9d9-ddb5-4fa4-a97d-d965ccfc6d4b" outcome="Failed" testListId="8c84fa94-04c1-424b-9868-57a2d4851a1d" relativeResultsDirectory="8b8ab074-c7dd-41f9-bd53-51a3e0488bfb">
      <Output>
        <ErrorInfo>
          <Message>Expected actionResult not to be &lt;null&gt;.</Message>
          <StackTrace>   at FluentAssertions.Execution.XUnit2TestFramework.Throw(String message)
   at FluentAssertions.Execution.TestFrameworkProvider.Throw(String message)
   at FluentAssertions.Execution.DefaultAssertionStrategy.HandleFailure(String message)
   at FluentAssertions.Execution.AssertionScope.FailWith(Func`1 failReasonFunc)
   at FluentAssertions.Execution.AssertionScope.FailWith(Func`1 failReasonFunc)
   at FluentAssertions.Execution.AssertionScope.FailWith(String message)
   at FluentAssertions.Primitives.ReferenceTypeAssertions`2.NotBeNull(String because, Object[] becauseArgs)
   at StampApi.Tests.EdgeCases.EdgeCaseTests.GetCollections_HandlesEmptyDatabase() in /Users/danehague/Documents/Stamp/StampApi.Tests/EdgeCases/EdgeCaseTests.cs:line 52
--- End of stack trace from previous location ---</StackTrace>
        </ErrorInfo>
      </Output>
    </UnitTestResult>
    <UnitTestResult executionId="18df6697-cbba-49a0-b1c5-4fdc830f1b0e" testId="e516ddca-345a-4fa9-e8e7-32e7e448ac07" testName="StampApi.Tests.Integration.WorkspaceCollectionIntegrationTests.MultiUserWorkflow_SharedCollectionManagement" computerName="MacBookPro" duration="00:00:00.1273468" startTime="2025-08-16T15:57:12.4838620+01:00" endTime="2025-08-16T15:57:12.4838620+01:00" testType="13cdc9d9-ddb5-4fa4-a97d-d965ccfc6d4b" outcome="Failed" testListId="8c84fa94-04c1-424b-9868-57a2d4851a1d" relativeResultsDirectory="18df6697-cbba-49a0-b1c5-4fdc830f1b0e">
      <Output>
        <ErrorInfo>
          <Message>Expected type to be Microsoft.AspNetCore.Mvc.NoContentResult, but found Microsoft.AspNetCore.Mvc.ForbidResult.</Message>
          <StackTrace>   at FluentAssertions.Execution.XUnit2TestFramework.Throw(String message)
   at FluentAssertions.Execution.TestFrameworkProvider.Throw(String message)
   at FluentAssertions.Execution.DefaultAssertionStrategy.HandleFailure(String message)
   at FluentAssertions.Execution.AssertionScope.FailWith(Func`1 failReasonFunc)
   at FluentAssertions.Execution.AssertionScope.FailWith(Func`1 failReasonFunc)
   at FluentAssertions.Execution.AssertionScope.FailWith(String message)
   at FluentAssertions.Types.TypeAssertions.Be(Type expected, String because, Object[] becauseArgs)
   at FluentAssertions.Primitives.ReferenceTypeAssertions`2.BeOfType(Type expectedType, String because, Object[] becauseArgs)
   at FluentAssertions.Primitives.ReferenceTypeAssertions`2.BeOfType[T](String because, Object[] becauseArgs)
   at StampApi.Tests.Integration.WorkspaceCollectionIntegrationTests.MultiUserWorkflow_SharedCollectionManagement() in /Users/danehague/Documents/Stamp/StampApi.Tests/Integration/WorkspaceCollectionIntegrationTests.cs:line 310
--- End of stack trace from previous location ---</StackTrace>
        </ErrorInfo>
      </Output>
    </UnitTestResult>
    <UnitTestResult executionId="f23fda88-8ad1-4f70-865c-f51e3b2d112a" testId="f49be9a8-9ee3-3697-da9a-31885180ca4c" testName="StampApi.Tests.EdgeCases.EdgeCaseTests.PostCollection_HandlesNegativeWorkspaceId" computerName="MacBookPro" duration="00:00:00.0012102" startTime="2025-08-16T15:57:12.4775790+01:00" endTime="2025-08-16T15:57:12.4775790+01:00" testType="13cdc9d9-ddb5-4fa4-a97d-d965ccfc6d4b" outcome="Passed" testListId="8c84fa94-04c1-424b-9868-57a2d4851a1d" relativeResultsDirectory="f23fda88-8ad1-4f70-865c-f51e3b2d112a" />
    <UnitTestResult executionId="412141c0-7c40-4ceb-bc98-37ed95d1f147" testId="81229fb8-cc22-2da4-5c80-113f4f4f9218" testName="StampApi.Tests.Controllers.CollectionsControllerTests.GetCollections_ReturnsSharedCollections_WhenUserIsMember" computerName="MacBookPro" duration="00:00:00.0016814" startTime="2025-08-16T15:57:12.5010820+01:00" endTime="2025-08-16T15:57:12.5010830+01:00" testType="13cdc9d9-ddb5-4fa4-a97d-d965ccfc6d4b" outcome="Failed" testListId="8c84fa94-04c1-424b-9868-57a2d4851a1d" relativeResultsDirectory="412141c0-7c40-4ceb-bc98-37ed95d1f147">
      <Output>
        <ErrorInfo>
          <Message>Expected actionResult not to be &lt;null&gt;.</Message>
          <StackTrace>   at FluentAssertions.Execution.XUnit2TestFramework.Throw(String message)
   at FluentAssertions.Execution.TestFrameworkProvider.Throw(String message)
   at FluentAssertions.Execution.DefaultAssertionStrategy.HandleFailure(String message)
   at FluentAssertions.Execution.AssertionScope.FailWith(Func`1 failReasonFunc)
   at FluentAssertions.Execution.AssertionScope.FailWith(Func`1 failReasonFunc)
   at FluentAssertions.Execution.AssertionScope.FailWith(String message)
   at FluentAssertions.Primitives.ReferenceTypeAssertions`2.NotBeNull(String because, Object[] becauseArgs)
   at StampApi.Tests.Controllers.CollectionsControllerTests.GetCollections_ReturnsSharedCollections_WhenUserIsMember() in /Users/danehague/Documents/Stamp/StampApi.Tests/Controllers/CollectionsControllerTests.cs:line 114
--- End of stack trace from previous location ---</StackTrace>
        </ErrorInfo>
      </Output>
    </UnitTestResult>
    <UnitTestResult executionId="b027b814-f539-4927-a852-261f150d41c8" testId="1efc1481-06de-83a0-180a-dfa56e7fa004" testName="StampApi.Tests.Controllers.WorkspacesControllerTests.GetWorkspace_ReturnsNotFound_WhenWorkspaceBelongsToAnotherUser" computerName="MacBookPro" duration="00:00:00.0006417" startTime="2025-08-16T15:57:12.5207060+01:00" endTime="2025-08-16T15:57:12.5207060+01:00" testType="13cdc9d9-ddb5-4fa4-a97d-d965ccfc6d4b" outcome="Passed" testListId="8c84fa94-04c1-424b-9868-57a2d4851a1d" relativeResultsDirectory="b027b814-f539-4927-a852-261f150d41c8" />
    <UnitTestResult executionId="068baf6c-163f-457c-9bea-f0ccb554e7ea" testId="6bad846e-b2b4-93a7-5c97-ac17ffb16f5c" testName="StampApi.Tests.Controllers.WorkspacesControllerTests.DeleteWorkspace_ReturnsBadRequest_WhenUserHasOnlyOneWorkspace" computerName="MacBookPro" duration="00:00:00.0006311" startTime="2025-08-16T15:57:12.5161480+01:00" endTime="2025-08-16T15:57:12.5161480+01:00" testType="13cdc9d9-ddb5-4fa4-a97d-d965ccfc6d4b" outcome="Passed" testListId="8c84fa94-04c1-424b-9868-57a2d4851a1d" relativeResultsDirectory="068baf6c-163f-457c-9bea-f0ccb554e7ea" />
    <UnitTestResult executionId="adabd758-ce73-4f6d-b140-e4c08b995b3c" testId="104beb50-5449-b032-a9b7-98bd1d9ae477" testName="StampApi.Tests.Integration.WorkspaceCollectionIntegrationTests.CollectionMembership_WorksAcrossWorkspaceOperations" computerName="MacBookPro" duration="00:00:00.0018541" startTime="2025-08-16T15:57:12.4859880+01:00" endTime="2025-08-16T15:57:12.4859880+01:00" testType="13cdc9d9-ddb5-4fa4-a97d-d965ccfc6d4b" outcome="Failed" testListId="8c84fa94-04c1-424b-9868-57a2d4851a1d" relativeResultsDirectory="adabd758-ce73-4f6d-b140-e4c08b995b3c">
      <Output>
        <ErrorInfo>
          <Message>Expected type to be Microsoft.AspNetCore.Mvc.OkObjectResult, but found Microsoft.AspNetCore.Mvc.NotFoundResult.</Message>
          <StackTrace>   at FluentAssertions.Execution.XUnit2TestFramework.Throw(String message)
   at FluentAssertions.Execution.TestFrameworkProvider.Throw(String message)
   at FluentAssertions.Execution.DefaultAssertionStrategy.HandleFailure(String message)
   at FluentAssertions.Execution.AssertionScope.FailWith(Func`1 failReasonFunc)
   at FluentAssertions.Execution.AssertionScope.FailWith(Func`1 failReasonFunc)
   at FluentAssertions.Execution.AssertionScope.FailWith(String message)
   at FluentAssertions.Types.TypeAssertions.Be(Type expected, String because, Object[] becauseArgs)
   at FluentAssertions.Primitives.ReferenceTypeAssertions`2.BeOfType(Type expectedType, String because, Object[] becauseArgs)
   at FluentAssertions.Primitives.ReferenceTypeAssertions`2.BeOfType[T](String because, Object[] becauseArgs)
   at StampApi.Tests.Integration.WorkspaceCollectionIntegrationTests.CollectionMembership_WorksAcrossWorkspaceOperations() in /Users/danehague/Documents/Stamp/StampApi.Tests/Integration/WorkspaceCollectionIntegrationTests.cs:line 180
--- End of stack trace from previous location ---</StackTrace>
        </ErrorInfo>
      </Output>
    </UnitTestResult>
    <UnitTestResult executionId="350fb1e3-217a-47ce-b8b6-13326ea452ca" testId="820be0b5-6f79-e6ab-0069-1599e8aec676" testName="StampApi.Tests.Controllers.CollectionsControllerTests.PostCollection_CreatesCollection_WhenDataIsValidAndWorkspaceExists" computerName="MacBookPro" duration="00:00:00.0075996" startTime="2025-08-16T15:57:12.4977570+01:00" endTime="2025-08-16T15:57:12.4977570+01:00" testType="13cdc9d9-ddb5-4fa4-a97d-d965ccfc6d4b" outcome="Passed" testListId="8c84fa94-04c1-424b-9868-57a2d4851a1d" relativeResultsDirectory="350fb1e3-217a-47ce-b8b6-13326ea452ca" />
    <UnitTestResult executionId="cc9ae1a8-e914-4a60-a0d8-e793f877112e" testId="c9553369-5d58-9e5d-54c9-462663476a3a" testName="StampApi.Tests.Controllers.CollectionsControllerTests.DeleteCollection_ReturnsForbid_WhenWorkspaceBelongsToAnotherUser" computerName="MacBookPro" duration="00:00:00.0008571" startTime="2025-08-16T15:57:12.5048920+01:00" endTime="2025-08-16T15:57:12.5048920+01:00" testType="13cdc9d9-ddb5-4fa4-a97d-d965ccfc6d4b" outcome="Passed" testListId="8c84fa94-04c1-424b-9868-57a2d4851a1d" relativeResultsDirectory="cc9ae1a8-e914-4a60-a0d8-e793f877112e" />
    <UnitTestResult executionId="04a9f7bd-3031-4904-b9a8-85158b013b15" testId="0189e942-beb6-cbd8-4677-8a9da0b3585b" testName="StampApi.Tests.EdgeCases.EdgeCaseTests.GetWorkspace_HandlesNegativeId" computerName="MacBookPro" duration="00:00:00.0110035" startTime="2025-08-16T15:57:12.4760940+01:00" endTime="2025-08-16T15:57:12.4760940+01:00" testType="13cdc9d9-ddb5-4fa4-a97d-d965ccfc6d4b" outcome="Passed" testListId="8c84fa94-04c1-424b-9868-57a2d4851a1d" relativeResultsDirectory="04a9f7bd-3031-4904-b9a8-85158b013b15" />
    <UnitTestResult executionId="6056eb17-83a2-44a4-85ef-408818b423ae" testId="9df022d1-de0d-1390-2180-fe4c823a7bc2" testName="StampApi.Tests.Integration.WorkspaceCollectionIntegrationTests.WorkspaceIsolation_EnsuresUserCannotAccessOtherWorkspaces" computerName="MacBookPro" duration="00:00:00.0034388" startTime="2025-08-16T15:57:12.5272380+01:00" endTime="2025-08-16T15:57:12.5272380+01:00" testType="13cdc9d9-ddb5-4fa4-a97d-d965ccfc6d4b" outcome="Failed" testListId="8c84fa94-04c1-424b-9868-57a2d4851a1d" relativeResultsDirectory="6056eb17-83a2-44a4-85ef-408818b423ae">
      <Output>
        <ErrorInfo>
          <Message>System.NullReferenceException : Object reference not set to an instance of an object.</Message>
          <StackTrace>   at StampApi.Tests.Integration.WorkspaceCollectionIntegrationTests.WorkspaceIsolation_EnsuresUserCannotAccessOtherWorkspaces() in /Users/danehague/Documents/Stamp/StampApi.Tests/Integration/WorkspaceCollectionIntegrationTests.cs:line 217
--- End of stack trace from previous location ---</StackTrace>
        </ErrorInfo>
      </Output>
    </UnitTestResult>
    <UnitTestResult executionId="c34a6c35-b4e5-4ba4-8c8b-bcc9ce26f30c" testId="36364e9c-ee60-e331-a809-610218d3e078" testName="StampApi.Tests.Controllers.WorkspacesControllerTests.PostWorkspace_ReturnsUnauthorized_WhenUserIsNotAuthenticated" computerName="MacBookPro" duration="00:00:00.0004679" startTime="2025-08-16T15:57:12.4890420+01:00" endTime="2025-08-16T15:57:12.4890420+01:00" testType="13cdc9d9-ddb5-4fa4-a97d-d965ccfc6d4b" outcome="Failed" testListId="8c84fa94-04c1-424b-9868-57a2d4851a1d" relativeResultsDirectory="c34a6c35-b4e5-4ba4-8c8b-bcc9ce26f30c">
      <Output>
        <ErrorInfo>
          <Message>System.NullReferenceException : Object reference not set to an instance of an object.</Message>
          <StackTrace>   at StampApi.Controllers.WorkspacesController.GetUserId() in /Users/danehague/Documents/Stamp/StampApi/Controllers/WorkspacesController.cs:line 171
   at StampApi.Controllers.WorkspacesController.PostWorkspace(Workspace workspace) in /Users/danehague/Documents/Stamp/StampApi/Controllers/WorkspacesController.cs:line 61
   at StampApi.Tests.Controllers.WorkspacesControllerTests.PostWorkspace_ReturnsUnauthorized_WhenUserIsNotAuthenticated() in /Users/danehague/Documents/Stamp/StampApi.Tests/Controllers/WorkspacesControllerTests.cs:line 158
--- End of stack trace from previous location ---</StackTrace>
        </ErrorInfo>
      </Output>
    </UnitTestResult>
    <UnitTestResult executionId="00c3e97b-a65a-4d64-a6f6-6254c8c7dc4f" testId="7b6e3d10-9530-34f9-b0e4-5817420a0711" testName="StampApi.Tests.EdgeCases.EdgeCaseTests.DatabaseConstraintViolation_HandlesUniqueConstraints" computerName="MacBookPro" duration="00:00:00.0089181" startTime="2025-08-16T15:57:12.4926160+01:00" endTime="2025-08-16T15:57:12.4926160+01:00" testType="13cdc9d9-ddb5-4fa4-a97d-d965ccfc6d4b" outcome="Failed" testListId="8c84fa94-04c1-424b-9868-57a2d4851a1d" relativeResultsDirectory="00c3e97b-a65a-4d64-a6f6-6254c8c7dc4f">
      <Output>
        <ErrorInfo>
          <Message>Expected a &lt;System.Exception&gt; to be thrown, but no exception was thrown.</Message>
          <StackTrace>   at FluentAssertions.Execution.XUnit2TestFramework.Throw(String message)
   at FluentAssertions.Execution.TestFrameworkProvider.Throw(String message)
   at FluentAssertions.Execution.DefaultAssertionStrategy.HandleFailure(String message)
   at FluentAssertions.Execution.AssertionScope.FailWith(Func`1 failReasonFunc)
   at FluentAssertions.Execution.AssertionScope.FailWith(Func`1 failReasonFunc)
   at FluentAssertions.Execution.AssertionScope.FailWith(String message)
   at FluentAssertions.Specialized.DelegateAssertionsBase`2.ThrowInternal[TException](Exception exception, String because, Object[] becauseArgs)
   at FluentAssertions.Specialized.AsyncFunctionAssertions`2.ThrowAsync[TException](String because, Object[] becauseArgs)
   at StampApi.Tests.EdgeCases.EdgeCaseTests.DatabaseConstraintViolation_HandlesUniqueConstraints() in /Users/danehague/Documents/Stamp/StampApi.Tests/EdgeCases/EdgeCaseTests.cs:line 307
--- End of stack trace from previous location ---</StackTrace>
        </ErrorInfo>
      </Output>
    </UnitTestResult>
    <UnitTestResult executionId="8840080b-2635-425b-98ee-a23730485b4d" testId="75ea965a-8662-e425-068a-c225276f2a53" testName="StampApi.Tests.Security.AuthorizationTests.CollectionRoles_EnforcePermissions" computerName="MacBookPro" duration="00:00:00.0211990" startTime="2025-08-16T15:57:12.4834220+01:00" endTime="2025-08-16T15:57:12.4834220+01:00" testType="13cdc9d9-ddb5-4fa4-a97d-d965ccfc6d4b" outcome="Failed" testListId="8c84fa94-04c1-424b-9868-57a2d4851a1d" relativeResultsDirectory="8840080b-2635-425b-98ee-a23730485b4d">
      <Output>
        <ErrorInfo>
          <Message>Expected type to be Microsoft.AspNetCore.Mvc.OkObjectResult, but found Microsoft.AspNetCore.Mvc.NotFoundResult.</Message>
          <StackTrace>   at FluentAssertions.Execution.XUnit2TestFramework.Throw(String message)
   at FluentAssertions.Execution.TestFrameworkProvider.Throw(String message)
   at FluentAssertions.Execution.DefaultAssertionStrategy.HandleFailure(String message)
   at FluentAssertions.Execution.AssertionScope.FailWith(Func`1 failReasonFunc)
   at FluentAssertions.Execution.AssertionScope.FailWith(Func`1 failReasonFunc)
   at FluentAssertions.Execution.AssertionScope.FailWith(String message)
   at FluentAssertions.Types.TypeAssertions.Be(Type expected, String because, Object[] becauseArgs)
   at FluentAssertions.Primitives.ReferenceTypeAssertions`2.BeOfType(Type expectedType, String because, Object[] becauseArgs)
   at FluentAssertions.Primitives.ReferenceTypeAssertions`2.BeOfType[T](String because, Object[] becauseArgs)
   at StampApi.Tests.Security.AuthorizationTests.CollectionRoles_EnforcePermissions() in /Users/danehague/Documents/Stamp/StampApi.Tests/Security/AuthorizationTests.cs:line 136
--- End of stack trace from previous location ---</StackTrace>
        </ErrorInfo>
      </Output>
    </UnitTestResult>
    <UnitTestResult executionId="0dd7b506-a801-4b8d-b835-b8ee871c2408" testId="1ba8f710-1e5a-d799-5a94-9085427065cf" testName="StampApi.Tests.Security.AuthorizationTests.WorkspaceAccess_IsolatesByUser" computerName="MacBookPro" duration="00:00:00.0084843" startTime="2025-08-16T15:57:12.5135920+01:00" endTime="2025-08-16T15:57:12.5135920+01:00" testType="13cdc9d9-ddb5-4fa4-a97d-d965ccfc6d4b" outcome="Passed" testListId="8c84fa94-04c1-424b-9868-57a2d4851a1d" relativeResultsDirectory="0dd7b506-a801-4b8d-b835-b8ee871c2408" />
    <UnitTestResult executionId="e3c5008f-bb0a-4687-b9a0-dad477a821a1" testId="050da351-dcca-d0f2-9557-368f636e0565" testName="StampApi.Tests.Security.AuthorizationTests.AllEndpoints_RequireAuthentication_ReturnUnauthorized" computerName="MacBookPro" duration="00:00:00.0012171" startTime="2025-08-16T15:57:12.5029650+01:00" endTime="2025-08-16T15:57:12.5029650+01:00" testType="13cdc9d9-ddb5-4fa4-a97d-d965ccfc6d4b" outcome="Failed" testListId="8c84fa94-04c1-424b-9868-57a2d4851a1d" relativeResultsDirectory="e3c5008f-bb0a-4687-b9a0-dad477a821a1">
      <Output>
        <ErrorInfo>
          <Message>System.NullReferenceException : Object reference not set to an instance of an object.</Message>
          <StackTrace>   at StampApi.Controllers.WorkspacesController.GetUserId() in /Users/danehague/Documents/Stamp/StampApi/Controllers/WorkspacesController.cs:line 171
   at StampApi.Controllers.WorkspacesController.GetWorkspaces() in /Users/danehague/Documents/Stamp/StampApi/Controllers/WorkspacesController.cs:line 25
   at StampApi.Tests.Security.AuthorizationTests.AllEndpoints_RequireAuthentication_ReturnUnauthorized() in /Users/danehague/Documents/Stamp/StampApi.Tests/Security/AuthorizationTests.cs:line 35
--- End of stack trace from previous location ---</StackTrace>
        </ErrorInfo>
      </Output>
    </UnitTestResult>
    <UnitTestResult executionId="fa5ba106-8cca-43e0-8914-5f66a339fa77" testId="9bd907a8-3a1d-651a-9c0f-4f371b8acf47" testName="StampApi.Tests.Controllers.CollectionsControllerTests.DeleteCollection_ReturnsForbid_WhenUserIsRegularMember" computerName="MacBookPro" duration="00:00:00.0013856" startTime="2025-08-16T15:57:12.4844640+01:00" endTime="2025-08-16T15:57:12.4844640+01:00" testType="13cdc9d9-ddb5-4fa4-a97d-d965ccfc6d4b" outcome="Passed" testListId="8c84fa94-04c1-424b-9868-57a2d4851a1d" relativeResultsDirectory="fa5ba106-8cca-43e0-8914-5f66a339fa77" />
    <UnitTestResult executionId="6b702d16-0c4e-4568-aff2-4e267ed5b996" testId="57c68548-500d-14d9-8fba-6cbb1b94194c" testName="StampApi.Tests.Controllers.CollectionsControllerTests.GetCollections_ReturnsFilteredCollections_WhenWorkspaceIdProvided" computerName="MacBookPro" duration="00:00:00.0219180" startTime="2025-08-16T15:57:12.5444230+01:00" endTime="2025-08-16T15:57:12.5444230+01:00" testType="13cdc9d9-ddb5-4fa4-a97d-d965ccfc6d4b" outcome="Failed" testListId="8c84fa94-04c1-424b-9868-57a2d4851a1d" relativeResultsDirectory="6b702d16-0c4e-4568-aff2-4e267ed5b996">
      <Output>
        <ErrorInfo>
          <Message>Expected actionResult not to be &lt;null&gt;.</Message>
          <StackTrace>   at FluentAssertions.Execution.XUnit2TestFramework.Throw(String message)
   at FluentAssertions.Execution.TestFrameworkProvider.Throw(String message)
   at FluentAssertions.Execution.DefaultAssertionStrategy.HandleFailure(String message)
   at FluentAssertions.Execution.AssertionScope.FailWith(Func`1 failReasonFunc)
   at FluentAssertions.Execution.AssertionScope.FailWith(Func`1 failReasonFunc)
   at FluentAssertions.Execution.AssertionScope.FailWith(String message)
   at FluentAssertions.Primitives.ReferenceTypeAssertions`2.NotBeNull(String because, Object[] becauseArgs)
   at StampApi.Tests.Controllers.CollectionsControllerTests.GetCollections_ReturnsFilteredCollections_WhenWorkspaceIdProvided() in /Users/danehague/Documents/Stamp/StampApi.Tests/Controllers/CollectionsControllerTests.cs:line 77
--- End of stack trace from previous location ---</StackTrace>
        </ErrorInfo>
      </Output>
    </UnitTestResult>
    <UnitTestResult executionId="5888ca49-715c-4877-9784-6ff9eeb2f4eb" testId="a819f786-a6f3-f03e-58e4-82a3a6ceaeec" testName="StampApi.Tests.Security.AuthorizationTests.UserIdSpoofing_CannotAccessOtherUserData" computerName="MacBookPro" duration="00:00:00.0069154" startTime="2025-08-16T15:57:12.4999360+01:00" endTime="2025-08-16T15:57:12.4999370+01:00" testType="13cdc9d9-ddb5-4fa4-a97d-d965ccfc6d4b" outcome="Failed" testListId="8c84fa94-04c1-424b-9868-57a2d4851a1d" relativeResultsDirectory="5888ca49-715c-4877-9784-6ff9eeb2f4eb">
      <Output>
        <ErrorInfo>
          <Message>Expected userAAccess.Result to be Microsoft.AspNetCore.Mvc.OkObjectResult, but found &lt;null&gt;.</Message>
          <StackTrace>   at FluentAssertions.Execution.XUnit2TestFramework.Throw(String message)
   at FluentAssertions.Execution.TestFrameworkProvider.Throw(String message)
   at FluentAssertions.Execution.DefaultAssertionStrategy.HandleFailure(String message)
   at FluentAssertions.Execution.AssertionScope.FailWith(Func`1 failReasonFunc)
   at FluentAssertions.Execution.AssertionScope.FailWith(Func`1 failReasonFunc)
   at FluentAssertions.Execution.AssertionScope.FailWith(String message, Object[] args)
   at FluentAssertions.Primitives.ReferenceTypeAssertions`2.BeOfType(Type expectedType, String because, Object[] becauseArgs)
   at FluentAssertions.Primitives.ReferenceTypeAssertions`2.BeOfType[T](String because, Object[] becauseArgs)
   at StampApi.Tests.Security.AuthorizationTests.UserIdSpoofing_CannotAccessOtherUserData() in /Users/danehague/Documents/Stamp/StampApi.Tests/Security/AuthorizationTests.cs:line 282
--- End of stack trace from previous location ---</StackTrace>
        </ErrorInfo>
      </Output>
    </UnitTestResult>
    <UnitTestResult executionId="429f0b67-2a34-4cdf-9f45-ed265514c148" testId="ce7ad449-4978-03ac-93d4-2d8d404dda45" testName="StampApi.Tests.Controllers.CollectionsControllerTests.GetCollections_ReturnsUnauthorized_WhenUserIsNotAuthenticated" computerName="MacBookPro" duration="00:00:00.0004096" startTime="2025-08-16T15:57:12.5213940+01:00" endTime="2025-08-16T15:57:12.5213940+01:00" testType="13cdc9d9-ddb5-4fa4-a97d-d965ccfc6d4b" outcome="Failed" testListId="8c84fa94-04c1-424b-9868-57a2d4851a1d" relativeResultsDirectory="429f0b67-2a34-4cdf-9f45-ed265514c148">
      <Output>
        <ErrorInfo>
          <Message>System.NullReferenceException : Object reference not set to an instance of an object.</Message>
          <StackTrace>   at StampApi.Controllers.CollectionsController.GetUserId() in /Users/danehague/Documents/Stamp/StampApi/Controllers/CollectionsController.cs:line 224
   at StampApi.Controllers.CollectionsController.GetCollections(Nullable`1 workspaceId) in /Users/danehague/Documents/Stamp/StampApi/Controllers/CollectionsController.cs:line 25
   at StampApi.Tests.Controllers.CollectionsControllerTests.GetCollections_ReturnsUnauthorized_WhenUserIsNotAuthenticated() in /Users/danehague/Documents/Stamp/StampApi.Tests/Controllers/CollectionsControllerTests.cs:line 129
--- End of stack trace from previous location ---</StackTrace>
        </ErrorInfo>
      </Output>
    </UnitTestResult>
    <UnitTestResult executionId="f90a0777-2b9a-4769-a2fd-aab7d95297bb" testId="619f1be5-0435-9a9c-0823-f4764e8387ba" testName="StampApi.Tests.Controllers.WorkspacesControllerTests.WorkspaceExists_ReturnsFalse_WhenWorkspaceDoesNotExist" computerName="MacBookPro" duration="00:00:00.0003843" startTime="2025-08-16T15:57:12.5167430+01:00" endTime="2025-08-16T15:57:12.5167430+01:00" testType="13cdc9d9-ddb5-4fa4-a97d-d965ccfc6d4b" outcome="Passed" testListId="8c84fa94-04c1-424b-9868-57a2d4851a1d" relativeResultsDirectory="f90a0777-2b9a-4769-a2fd-aab7d95297bb" />
    <UnitTestResult executionId="f71bfeb0-9330-4bc9-a6a6-61c077ef8da4" testId="d5dec5d1-ed94-0ca6-42d6-a340ae4c8b67" testName="StampApi.Tests.Controllers.CollectionsControllerTests.PutCollection_ReturnsBadRequest_WhenIdMismatch" computerName="MacBookPro" duration="00:00:00.0007915" startTime="2025-08-16T15:57:12.4988680+01:00" endTime="2025-08-16T15:57:12.4988690+01:00" testType="13cdc9d9-ddb5-4fa4-a97d-d965ccfc6d4b" outcome="Passed" testListId="8c84fa94-04c1-424b-9868-57a2d4851a1d" relativeResultsDirectory="f71bfeb0-9330-4bc9-a6a6-61c077ef8da4" />
    <UnitTestResult executionId="243d4511-abcd-4c0d-b5c8-a1c849d1bd95" testId="4af26db6-8e53-59d1-74e3-d49cde4a0462" testName="StampApi.Tests.EdgeCases.EdgeCaseTests.GetCollection_HandlesNegativeId" computerName="MacBookPro" duration="00:00:00.0929355" startTime="2025-08-16T15:57:12.4488570+01:00" endTime="2025-08-16T15:57:12.4488570+01:00" testType="13cdc9d9-ddb5-4fa4-a97d-d965ccfc6d4b" outcome="Passed" testListId="8c84fa94-04c1-424b-9868-57a2d4851a1d" relativeResultsDirectory="243d4511-abcd-4c0d-b5c8-a1c849d1bd95" />
    <UnitTestResult executionId="77fa735b-7ef7-4536-9e61-c7f0465aab8b" testId="fcc626b4-c6fe-637f-7d82-bc789c6db2c4" testName="StampApi.Tests.Controllers.CollectionsControllerTests.DeleteCollection_ReturnsNotFound_WhenCollectionDoesNotExist" computerName="MacBookPro" duration="00:00:00.0003000" startTime="2025-08-16T15:57:12.5059980+01:00" endTime="2025-08-16T15:57:12.5059980+01:00" testType="13cdc9d9-ddb5-4fa4-a97d-d965ccfc6d4b" outcome="Passed" testListId="8c84fa94-04c1-424b-9868-57a2d4851a1d" relativeResultsDirectory="77fa735b-7ef7-4536-9e61-c7f0465aab8b" />
    <UnitTestResult executionId="c41d0ba5-bf58-45a5-8bc4-6def343dd517" testId="c69aba0e-ce3a-679d-b9c1-f465b2b6e715" testName="StampApi.Tests.Database.DatabaseRelationshipTests.UserDeletion_CascadeDeletesMemberships" computerName="MacBookPro" duration="00:00:00.0009751" startTime="2025-08-16T15:57:12.0514700+01:00" endTime="2025-08-16T15:57:12.0514700+01:00" testType="13cdc9d9-ddb5-4fa4-a97d-d965ccfc6d4b" outcome="Failed" testListId="8c84fa94-04c1-424b-9868-57a2d4851a1d" relativeResultsDirectory="c41d0ba5-bf58-45a5-8bc4-6def343dd517">
      <Output>
        <ErrorInfo>
          <Message>System.NullReferenceException : Object reference not set to an instance of an object.</Message>
          <StackTrace>   at StampApi.Tests.TestHelpers.TestDbContextFactory.CreateTestUserAsync(StampDbContext context, String email) in /Users/danehague/Documents/Stamp/StampApi.Tests/TestHelpers/TestDbContextFactory.cs:line 44
   at StampApi.Tests.TestHelpers.ControllerTestBase.CreateAdditionalUserAsync(String email) in /Users/danehague/Documents/Stamp/StampApi.Tests/TestHelpers/ControllerTestBase.cs:line 44
   at StampApi.Tests.Database.DatabaseRelationshipTests.UserDeletion_CascadeDeletesMemberships() in /Users/danehague/Documents/Stamp/StampApi.Tests/Database/DatabaseRelationshipTests.cs:line 133
--- End of stack trace from previous location ---</StackTrace>
        </ErrorInfo>
      </Output>
    </UnitTestResult>
    <UnitTestResult executionId="e2d951ed-53e8-44a0-9271-218f1824d992" testId="18431b16-0cb6-650e-e1e5-70956185a5ac" testName="StampApi.Tests.Security.AuthorizationTests.TokenValidation_WorksWithDifferentClaimFormats" computerName="MacBookPro" duration="00:00:00.0092745" startTime="2025-08-16T15:57:12.4928650+01:00" endTime="2025-08-16T15:57:12.4928650+01:00" testType="13cdc9d9-ddb5-4fa4-a97d-d965ccfc6d4b" outcome="Failed" testListId="8c84fa94-04c1-424b-9868-57a2d4851a1d" relativeResultsDirectory="e2d951ed-53e8-44a0-9271-218f1824d992">
      <Output>
        <ErrorInfo>
          <Message>Expected result.Result to be Microsoft.AspNetCore.Mvc.OkObjectResult, but found &lt;null&gt;.</Message>
          <StackTrace>   at FluentAssertions.Execution.XUnit2TestFramework.Throw(String message)
   at FluentAssertions.Execution.TestFrameworkProvider.Throw(String message)
   at FluentAssertions.Execution.DefaultAssertionStrategy.HandleFailure(String message)
   at FluentAssertions.Execution.AssertionScope.FailWith(Func`1 failReasonFunc)
   at FluentAssertions.Execution.AssertionScope.FailWith(Func`1 failReasonFunc)
[...]
[xUnit.net 00:00:00.59]         --- End of stack trace from previous location ---
API: Returning 10 workspaces for user 920
API: Returning 50 collections for user 920
API: Collection 'Collection 0-0' has 0 requests
API: Collection 'Collection 0-1' has 0 requests
API: Collection 'Collection 0-2' has 0 requests
API: Collection 'Collection 0-3' has 0 requests
API: Collection 'Collection 0-4' has 0 requests
API: Collection 'Collection 1-0' has 0 requests
API: Collection 'Collection 1-1' has 0 requests
API: Collection 'Collection 1-2' has 0 requests
API: Collection 'Collection 1-3' has 0 requests
API: Collection 'Collection 1-4' has 0 requests
API: Collection 'Collection 2-0' has 0 requests
API: Collection 'Collection 2-1' has 0 requests
API: Collection 'Collection 2-2' has 0 requests
API: Collection 'Collection 2-3' has 0 requests
API: Collection 'Collection 2-4' has 0 requests
API: Collection 'Collection 3-0' has 0 requests
API: Collection 'Collection 3-1' has 0 requests
API: Collection 'Collection 3-2' has 0 requests
API: Collection 'Collection 3-3' has 0 requests
API: Collection 'Collection 3-4' has 0 requests
API: Collection 'Collection 4-0' has 0 requests
API: Collection 'Collection 4-1' has 0 requests
API: Collection 'Collection 4-2' has 0 requests
API: Collection 'Collection 4-3' has 0 requests
API: Collection 'Collection 4-4' has 0 requests
API: Collection 'Collection 5-0' has 0 requests
API: Collection 'Collection 5-1' has 0 requests
API: Collection 'Collection 5-2' has 0 requests
API: Collection 'Collection 5-3' has 0 requests
API: Collection 'Collection 5-4' has 0 requests
API: Collection 'Collection 6-0' has 0 requests
API: Collection 'Collection 6-1' has 0 requests
API: Collection 'Collection 6-2' has 0 requests
API: Collection 'Collection 6-3' has 0 requests
API: Collection 'Collection 6-4' has 0 requests
API: Collection 'Collection 7-0' has 0 requests
API: Collection 'Collection 7-1' has 0 requests
API: Collection 'Collection 7-2' has 0 requests
API: Collection 'Collection 7-3' has 0 requests
API: Collection 'Collection 7-4' has 0 requests
API: Collection 'Collection 8-0' has 0 requests
API: Collection 'Collection 8-1' has 0 requests
API: Collection 'Collection 8-2' has 0 requests
API: Collection 'Collection 8-3' has 0 requests
API: Collection 'Collection 8-4' has 0 requests
API: Collection 'Collection 9-0' has 0 requests
API: Collection 'Collection 9-1' has 0 requests
API: Collection 'Collection 9-2' has 0 requests
API: Collection 'Collection 9-3' has 0 requests
API: Collection 'Collection 9-4' has 0 requests
[xUnit.net 00:00:00.60]       System.NullReferenceException : Object reference not set to an instance of an object.
[xUnit.net 00:00:00.60]       Stack Trace:
[xUnit.net 00:00:00.60]         /Users/danehague/Documents/Stamp/StampApi.Tests/EdgeCases/EdgeCaseTests.cs(332,0): at StampApi.Tests.EdgeCases.EdgeCaseTests.LargeDataSet_HandlesMultipleWorkspacesAndCollections()
[xUnit.net 00:00:00.60]         --- End of stack trace from previous location ---
API: Creating workspace '' for user 9652
API: Returning 0 workspaces for user 8187
API: Creating workspace 'AAAAAAAAAAAAAAAAAAAAAAAAAAAAAAAAAAAAAAAAAAAAAAAAAAAAAAAAAAAAAAAAAAAAAAAAAAAAAAAAAAAAAAAAAAAAAAAAAAAAAAAAAAAAAAAAAAAAAAAAAAAAAAAAAAAAAAAAAAAAAAAAAAAAAAAAAAAAAAAAAAAAAAAAAAAAAAAAAAAAAAAAAAAAAAAAAAAAAAAAAAAAAAAAAAAAAAAAAAAAAAAAAAAAAAAAAAAAAAAAAAAAAAAAAAAAAAA' for user 8841
API: Workspace created with ID 1
API: Returning 1 collections for user 5675 in workspace 1
API: Collection 'Collection 1' has 0 requests
API: Returning 2 collections for user 4706 in workspace 1
API: Collection 'Dev API' has 0 requests
API: Collection 'Dev Utils' has 0 requests
[xUnit.net 00:00:00.61]       System.NullReferenceException : Object reference not set to an instance of an object.
[xUnit.net 00:00:00.61]       Stack Trace:
[xUnit.net 00:00:00.61]         /Users/danehague/Documents/Stamp/StampApi.Tests/Integration/WorkspaceCollectionIntegrationTests.cs(350,0): at StampApi.Tests.Integration.WorkspaceCollectionIntegrationTests.WorkspaceCollectionFiltering_WorksCorrectlyWithMultipleWorkspaces()
[xUnit.net 00:00:00.61]         --- End of stack trace from previous location ---
API: Creating workspace 'Test Workspace!@#$%^&amp;*()_+-={}[]|\:;"'&lt;&gt;,.?/' for user 6811
API: Workspace created with ID 1
[xUnit.net 00:00:00.61]       Expected actionResult not to be &lt;null&gt;.
[xUnit.net 00:00:00.61]       Stack Trace:
[xUnit.net 00:00:00.61]            at FluentAssertions.Execution.XUnit2TestFramework.Throw(String message)
[xUnit.net 00:00:00.61]            at FluentAssertions.Execution.TestFrameworkProvider.Throw(String message)
[xUnit.net 00:00:00.61]            at FluentAssertions.Execution.DefaultAssertionStrategy.HandleFailure(String message)
[xUnit.net 00:00:00.61]            at FluentAssertions.Execution.AssertionScope.FailWith(Func`1 failReasonFunc)
[xUnit.net 00:00:00.61]            at FluentAssertions.Execution.AssertionScope.FailWith(Func`1 failReasonFunc)
[xUnit.net 00:00:00.61]            at FluentAssertions.Execution.AssertionScope.FailWith(String message)
[xUnit.net 00:00:00.61]            at FluentAssertions.Primitives.ReferenceTypeAssertions`2.NotBeNull(String because, Object[] becauseArgs)
[xUnit.net 00:00:00.61]         /Users/danehague/Documents/Stamp/StampApi.Tests/Controllers/CollectionsControllerTests.cs(77,0): at StampApi.Tests.Controllers.CollectionsControllerTests.GetCollections_ReturnsFilteredCollections_WhenWorkspaceIdProvided()
[xUnit.net 00:00:00.61]         --- End of stack trace from previous location ---
API: Returning 0 collections for user 3973
[xUnit.net 00:00:00.61]       Expected actionResult not to be &lt;null&gt;.
[xUnit.net 00:00:00.61]       Stack Trace:
[xUnit.net 00:00:00.61]            at FluentAssertions.Execution.XUnit2TestFramework.Throw(String message)
[xUnit.net 00:00:00.61]            at FluentAssertions.Execution.TestFrameworkProvider.Throw(String message)
[xUnit.net 00:00:00.61]            at FluentAssertions.Execution.DefaultAssertionStrategy.HandleFailure(String message)
[xUnit.net 00:00:00.61]            at FluentAssertions.Execution.AssertionScope.FailWith(Func`1 failReasonFunc)
[xUnit.net 00:00:00.61]            at FluentAssertions.Execution.AssertionScope.FailWith(Func`1 failReasonFunc)
[xUnit.net 00:00:00.61]            at FluentAssertions.Execution.AssertionScope.FailWith(String message)
[xUnit.net 00:00:00.61]            at FluentAssertions.Primitives.ReferenceTypeAssertions`2.NotBeNull(String because, Object[] becauseArgs)
[xUnit.net 00:00:00.61]         /Users/danehague/Documents/Stamp/StampApi.Tests/EdgeCases/EdgeCaseTests.cs(52,0): at StampApi.Tests.EdgeCases.EdgeCaseTests.GetCollections_HandlesEmptyDatabase()
[xUnit.net 00:00:00.61]         --- End of stack trace from previous location ---
[xUnit.net 00:00:00.62]       Expected actionResult not to be &lt;null&gt;.
[xUnit.net 00:00:00.62]       Stack Trace:
[xUnit.net 00:00:00.62]            at FluentAssertions.Execution.XUnit2TestFramework.Throw(String message)
[xUnit.net 00:00:00.62]            at FluentAssertions.Execution.TestFrameworkProvider.Throw(String message)
[xUnit.net 00:00:00.62]            at FluentAssertions.Execution.DefaultAssertionStrategy.HandleFailure(String message)
[xUnit.net 00:00:00.62]            at FluentAssertions.Execution.AssertionScope.FailWith(Func`1 failReasonFunc)
[xUnit.net 00:00:00.62]            at FluentAssertions.Execution.AssertionScope.FailWith(Func`1 failReasonFunc)
[xUnit.net 00:00:00.62]            at FluentAssertions.Execution.AssertionScope.FailWith(String message)
[xUnit.net 00:00:00.62]            at FluentAssertions.Primitives.ReferenceTypeAssertions`2.NotBeNull(String because, Object[] becauseArgs)
[xUnit.net 00:00:00.62]         /Users/danehague/Documents/Stamp/StampApi.Tests/Controllers/CollectionsControllerTests.cs(149,0): at StampApi.Tests.Controllers.CollectionsControllerTests.GetCollection_ReturnsCollection_WhenCollectionExistsAndUserHasAccess()
[xUnit.net 00:00:00.62]         --- End of stack trace from previous location ---
[xUnit.net 00:00:00.62]   Finished:    StampApi.Tests
</StdOut>
    </Output>
    <RunInfos>
      <RunInfo computerName="MacBookPro" outcome="Error" timestamp="2025-08-16T15:57:12.0321490+01:00">
        <Text>[xUnit.net 00:00:00.10]     StampApi.Tests.Database.DatabaseRelationshipTests.CollectionMemberRelationship_CascadeDeleteBehavior [FAIL]</Text>
      </RunInfo>
      <RunInfo computerName="MacBookPro" outcome="Error" timestamp="2025-08-16T15:57:12.0351130+01:00">
        <Text>[xUnit.net 00:00:00.10]     StampApi.Tests.Database.DatabaseRelationshipTests.NavigationProperties_LoadCorrectly [FAIL]</Text>
      </RunInfo>
      <RunInfo computerName="MacBookPro" outcome="Error" timestamp="2025-08-16T15:57:12.0359750+01:00">
        <Text>[xUnit.net 00:00:00.10]     StampApi.Tests.Database.DatabaseRelationshipTests.AcceptedByUserDeletion_SetNullBehavior [FAIL]</Text>
      </RunInfo>
      <RunInfo computerName="MacBookPro" outcome="Error" timestamp="2025-08-16T15:57:12.0370350+01:00">
        <Text>[xUnit.net 00:00:00.10]     StampApi.Tests.Database.DatabaseRelationshipTests.UniqueConstraints_CollectionMemberUniqueness [FAIL]</Text>
      </RunInfo>
      <RunInfo computerName="MacBookPro" outcome="Error" timestamp="2025-08-16T15:57:12.0734620+01:00">
        <Text>[xUnit.net 00:00:00.11]     StampApi.Tests.Database.DatabaseRelationshipTests.InvitedByUserDeletion_RestrictBehavior [FAIL]</Text>
      </RunInfo>
      <RunInfo computerName="MacBookPro" outcome="Error" timestamp="2025-08-16T15:57:12.0734900+01:00">
        <Text>[xUnit.net 00:00:00.11]     StampApi.Tests.Database.DatabaseRelationshipTests.CollectionApiRequestRelationship_CascadeDeleteBehavior [FAIL]</Text>
      </RunInfo>
      <RunInfo computerName="MacBookPro" outcome="Error" timestamp="2025-08-16T15:57:12.0735100+01:00">
        <Text>[xUnit.net 00:00:00.11]     StampApi.Tests.Database.DatabaseRelationshipTests.UniqueConstraints_InviteTokenUniqueness [FAIL]</Text>
      </RunInfo>
      <RunInfo computerName="MacBookPro" outcome="Error" timestamp="2025-08-16T15:57:12.0735340+01:00">
        <Text>[xUnit.net 00:00:00.12]     StampApi.Tests.Database.DatabaseRelationshipTests.CollectionInviteRelationship_CascadeDeleteBehavior [FAIL]</Text>
      </RunInfo>
      <RunInfo computerName="MacBookPro" outcome="Error" timestamp="2025-08-16T15:57:12.0735550+01:00">
        <Text>[xUnit.net 00:00:00.12]     StampApi.Tests.Database.DatabaseRelationshipTests.UserDeletion_CascadeDeletesMemberships [FAIL]</Text>
      </RunInfo>
      <RunInfo computerName="MacBookPro" outcome="Error" timestamp="2025-08-16T15:57:12.0735740+01:00">
        <Text>[xUnit.net 00:00:00.12]     StampApi.Tests.Database.DatabaseRelationshipTests.SoftDelete_NotImplemented_HardDeleteBehavior [FAIL]</Text>
      </RunInfo>
      <RunInfo computerName="MacBookPro" outcome="Error" timestamp="2025-08-16T15:57:12.0735930+01:00">
        <Text>[xUnit.net 00:00:00.12]     StampApi.Tests.Database.DatabaseRelationshipTests.DatabaseIndexes_PerformEfficiently [FAIL]</Text>
      </RunInfo>
      <RunInfo computerName="MacBookPro" outcome="Error" timestamp="2025-08-16T15:57:12.0736120+01:00">
        <Text>[xUnit.net 00:00:00.12]     StampApi.Tests.Database.DatabaseRelationshipTests.UserWorkspaceRelationship_CascadeDeleteBehavior [FAIL]</Text>
      </RunInfo>
      <RunInfo computerName="MacBookPro" outcome="Error" timestamp="2025-08-16T15:57:12.0736350+01:00">
        <Text>[xUnit.net 00:00:00.12]     StampApi.Tests.Database.DatabaseRelationshipTests.WorkspaceCollectionRelationship_SetNullBehavior [FAIL]</Text>
      </RunInfo>
      <RunInfo computerName="MacBookPro" outcome="Error" timestamp="2025-08-16T15:57:12.4476510+01:00">
        <Text>[xUnit.net 00:00:00.51]     StampApi.Tests.Security.AuthorizationTests.CollectionMembership_RequiresWorkspaceAccess [FAIL]</Text>
      </RunInfo>
      <RunInfo computerName="MacBookPro" outcome="Error" timestamp="2025-08-16T15:57:12.4832370+01:00">
        <Text>[xUnit.net 00:00:00.55]     StampApi.Tests.Controllers.CollectionsControllerTests.PutCollection_UpdatesCollection_WhenUserIsAdmin [FAIL]</Text>
      </RunInfo>
      <RunInfo computerName="MacBookPro" outcome="Error" timestamp="2025-08-16T15:57:12.4843900+01:00">
        <Text>[xUnit.net 00:00:00.55]     StampApi.Tests.EdgeCases.EdgeCaseTests.NullWorkspaceReference_HandlesOrphanedCollections [FAIL]</Text>
      </RunInfo>
      <RunInfo computerName="MacBookPro" outcome="Error" timestamp="2025-08-16T15:57:12.4844770+01:00">
        <Text>[xUnit.net 00:00:00.55]     StampApi.Tests.Security.AuthorizationTests.CollectionRoles_EnforcePermissions [FAIL]</Text>
      </RunInfo>
      <RunInfo computerName="MacBookPro" outcome="Error" timestamp="2025-08-16T15:57:12.4854820+01:00">
        <Text>[xUnit.net 00:00:00.55]     StampApi.Tests.Integration.WorkspaceCollectionIntegrationTests.MultiUserWorkflow_SharedCollectionManagement [FAIL]</Text>
      </RunInfo>
      <RunInfo computerName="MacBookPro" outcome="Error" timestamp="2025-08-16T15:57:12.4856840+01:00">
        <Text>[xUnit.net 00:00:00.55]     StampApi.Tests.Integration.WorkspaceCollectionIntegrationTests.CollectionMembership_WorksAcrossWorkspaceOperations [FAIL]</Text>
      </RunInfo>
      <RunInfo computerName="MacBookPro" outcome="Error" timestamp="2025-08-16T15:57:12.4867330+01:00">
        <Text>[xUnit.net 00:00:00.55]     StampApi.Tests.Controllers.CollectionsControllerTests.GetCollections_ExcludesCollectionsFromOtherUserWorkspaces_EvenIfUserIsMember [FAIL]</Text>
      </RunInfo>
      <RunInfo computerName="MacBookPro" outcome="Error" timestamp="2025-08-16T15:57:12.4891440+01:00">
        <Text>[xUnit.net 00:00:00.55]     StampApi.Tests.Controllers.WorkspacesControllerTests.PostWorkspace_ReturnsUnauthorized_WhenUserIsNotAuthenticated [FAIL]</Text>
      </RunInfo>
      <RunInfo computerName="MacBookPro" outcome="Error" timestamp="2025-08-16T15:57:12.4926330+01:00">
        <Text>[xUnit.net 00:00:00.56]     StampApi.Tests.EdgeCases.EdgeCaseTests.DatabaseConstraintViolation_HandlesUniqueConstraints [FAIL]</Text>
      </RunInfo>
      <RunInfo computerName="MacBookPro" outcome="Error" timestamp="2025-08-16T15:57:12.4931200+01:00">
        <Text>[xUnit.net 00:00:00.56]     StampApi.Tests.Security.AuthorizationTests.TokenValidation_WorksWithDifferentClaimFormats [FAIL]</Text>
      </RunInfo>
      <RunInfo computerName="MacBookPro" outcome="Error" timestamp="2025-08-16T15:57:12.4984610+01:00">
        <Text>[xUnit.net 00:00:00.56]     StampApi.Tests.Controllers.WorkspacesControllerTests.GetWorkspaces_ReturnsUserWorkspaces_WhenUserIsAuthenticated [FAIL]</Text>
      </RunInfo>
      <RunInfo computerName="MacBookPro" outcome="Error" timestamp="2025-08-16T15:57:12.4999860+01:00">
        <Text>[xUnit.net 00:00:00.56]     StampApi.Tests.Security.AuthorizationTests.UserIdSpoofing_CannotAccessOtherUserData [FAIL]</Text>
      </RunInfo>
      <RunInfo computerName="MacBookPro" outcome="Error" timestamp="2025-08-16T15:57:12.5011010+01:00">
        <Text>[xUnit.net 00:00:00.56]     StampApi.Tests.Controllers.CollectionsControllerTests.GetCollections_ReturnsSharedCollections_WhenUserIsMember [FAIL]</Text>
      </RunInfo>
      <RunInfo computerName="MacBookPro" outcome="Error" timestamp="2025-08-16T15:57:12.5017050+01:00">
        <Text>[xUnit.net 00:00:00.57]     StampApi.Tests.Security.AuthorizationTests.ClaimsManipulation_DoesNotBypassSecurity [FAIL]</Text>
      </RunInfo>
      <RunInfo computerName="MacBookPro" outcome="Error" timestamp="2025-08-16T15:57:12.5047970+01:00">
        <Text>[xUnit.net 00:00:00.57]     StampApi.Tests.Security.AuthorizationTests.AllEndpoints_RequireAuthentication_ReturnUnauthorized [FAIL]</Text>
      </RunInfo>
      <RunInfo computerName="MacBookPro" outcome="Error" timestamp="2025-08-16T15:57:12.5049510+01:00">
        <Text>[xUnit.net 00:00:00.57]     StampApi.Tests.Controllers.WorkspacesControllerTests.GetWorkspace_ReturnsWorkspace_WhenWorkspaceExistsAndBelongsToUser [FAIL]</Text>
      </RunInfo>
      <RunInfo computerName="MacBookPro" outcome="Error" timestamp="2025-08-16T15:57:12.5053490+01:00">
        <Text>[xUnit.net 00:00:00.57]     StampApi.Tests.Controllers.CollectionsControllerTests.PutCollection_UpdatesCollection_WhenUserIsOwner [FAIL]</Text>
      </RunInfo>
      <RunInfo computerName="MacBookPro" outcome="Error" timestamp="2025-08-16T15:57:12.5053980+01:00">
        <Text>[xUnit.net 00:00:00.57]     StampApi.Tests.Security.AuthorizationTests.InvalidUserId_HandledSecurely [FAIL]</Text>
      </RunInfo>
      <RunInfo computerName="MacBookPro" outcome="Error" timestamp="2025-08-16T15:57:12.5157640+01:00">
        <Text>[xUnit.net 00:00:00.58]     StampApi.Tests.Security.AuthorizationTests.ConcurrentUserOperations_MaintainDataIntegrity [FAIL]</Text>
      </RunInfo>
      <RunInfo computerName="MacBookPro" outcome="Error" timestamp="2025-08-16T15:57:12.5199650+01:00">
        <Text>[xUnit.net 00:00:00.58]     StampApi.Tests.Controllers.CollectionsControllerTests.GetCollections_ReturnsAllUserCollections_WhenNoWorkspaceIdProvided [FAIL]</Text>
      </RunInfo>
      <RunInfo computerName="MacBookPro" outcome="Error" timestamp="2025-08-16T15:57:12.5201960+01:00">
        <Text>[xUnit.net 00:00:00.58]     StampApi.Tests.Controllers.WorkspacesControllerTests.GetWorkspaces_ReturnsUnauthorized_WhenUserIsNotAuthenticated [FAIL]</Text>
      </RunInfo>
      <RunInfo computerName="MacBookPro" outcome="Error" timestamp="2025-08-16T15:57:12.5219000+01:00">
        <Text>[xUnit.net 00:00:00.59]     StampApi.Tests.Controllers.CollectionsControllerTests.GetCollections_ReturnsUnauthorized_WhenUserIsNotAuthenticated [FAIL]</Text>
      </RunInfo>
      <RunInfo computerName="MacBookPro" outcome="Error" timestamp="2025-08-16T15:57:12.5234560+01:00">
        <Text>[xUnit.net 00:00:00.59]     StampApi.Tests.Integration.WorkspaceCollectionIntegrationTests.CompleteWorkflow_CreateWorkspaceAndCollections_ShouldWorkEndToEnd [FAIL]</Text>
      </RunInfo>
      <RunInfo computerName="MacBookPro" outcome="Error" timestamp="2025-08-16T15:57:12.5273520+01:00">
        <Text>[xUnit.net 00:00:00.59]     StampApi.Tests.Integration.WorkspaceCollectionIntegrationTests.WorkspaceIsolation_EnsuresUserCannotAccessOtherWorkspaces [FAIL]</Text>
      </RunInfo>
      <RunInfo computerName="MacBookPro" outcome="Error" timestamp="2025-08-16T15:57:12.5351780+01:00">
        <Text>[xUnit.net 00:00:00.60]     StampApi.Tests.EdgeCases.EdgeCaseTests.LargeDataSet_HandlesMultipleWorkspacesAndCollections [FAIL]</Text>
      </RunInfo>
      <RunInfo computerName="MacBookPro" outcome="Error" timestamp="2025-08-16T15:57:12.5441100+01:00">
        <Text>[xUnit.net 00:00:00.61]     StampApi.Tests.Integration.WorkspaceCollectionIntegrationTests.WorkspaceCollectionFiltering_WorksCorrectlyWithMultipleWorkspaces [FAIL]</Text>
      </RunInfo>
      <RunInfo computerName="MacBookPro" outcome="Error" timestamp="2025-08-16T15:57:12.5442320+01:00">
        <Text>[xUnit.net 00:00:00.61]     StampApi.Tests.Controllers.CollectionsControllerTests.GetCollections_ReturnsFilteredCollections_WhenWorkspaceIdProvided [FAIL]</Text>
      </RunInfo>
      <RunInfo computerName="MacBookPro" outcome="Error" timestamp="2025-08-16T15:57:12.5455560+01:00">
        <Text>[xUnit.net 00:00:00.61]     StampApi.Tests.EdgeCases.EdgeCaseTests.GetCollections_HandlesEmptyDatabase [FAIL]</Text>
      </RunInfo>
      <RunInfo computerName="MacBookPro" outcome="Error" timestamp="2025-08-16T15:57:12.5568120+01:00">
        <Text>[xUnit.net 00:00:00.62]     StampApi.Tests.Controllers.CollectionsControllerTests.GetCollection_ReturnsCollection_WhenCollectionExistsAndUserHasAccess [FAIL]</Text>
      </RunInfo>
    </RunInfos>
  </ResultSummary>
</TestRun>